
*** Running vivado
    with args -log Redesign_axi_smc_gmem0_0.vds -m64 -product Vivado -mode batch -messageDb vivado.pb -notrace -source Redesign_axi_smc_gmem0_0.tcl


****** Vivado v2024.2 (64-bit)
  **** SW Build 5239630 on Fri Nov 08 22:34:34 MST 2024
  **** IP Build 5239520 on Sun Nov 10 16:12:51 MST 2024
  **** SharedData Build 5239561 on Fri Nov 08 14:39:27 MST 2024
  **** Start of session at: Wed Feb 18 09:59:54 2026
    ** Copyright 1986-2022 Xilinx, Inc. All Rights Reserved.
    ** Copyright 2022-2024 Advanced Micro Devices, Inc. All Rights Reserved.

source Redesign_axi_smc_gmem0_0.tcl -notrace
INFO: [IP_Flow 19-234] Refreshing IP repositories
INFO: [IP_Flow 19-1700] Loaded user IP repository '/home/researchadmin/korino/arm/hls/conv_engine_hls/solution1/impl'.
INFO: [IP_Flow 19-1700] Loaded user IP repository '/home/researchadmin/korino/arm/hls/9feb/tinyyolo_zcu102/solution1/impl'.
INFO: [IP_Flow 19-1700] Loaded user IP repository '/home/researchadmin/korino/arm/hls/11feb/tinyyolo_zcu102/solution1/impl/ip'.
INFO: [IP_Flow 19-1700] Loaded user IP repository '/home/researchadmin/korino/arm/hls/13feb/tinyyolo_zcu102/solution1/impl/ip'.
INFO: [IP_Flow 19-1700] Loaded user IP repository '/home/researchadmin/korino/arm/hls/16feb/tinyyolo_zcu102/solution1/impl/ip'.
INFO: [IP_Flow 19-1700] Loaded user IP repository '/home/researchadmin/korino/arm/hls/16feb/tinyyolo_zcu102_v3/solution1/impl/ip'.
INFO: [IP_Flow 19-2313] Loaded Vivado IP repository '/mnt/FPGA_DISK/Xilinx/Vivado/2024.2/data/ip'.
WARNING: [IP_Flow 19-1663] Duplicate IP found for 'User:hls:conv_engine:1.0'. The one found in IP location '/home/researchadmin/korino/arm/hls/16feb/tinyyolo_zcu102/solution1/impl/ip' will take precedence over the same IP in locations: 
   /home/researchadmin/korino/arm/hls/9feb/tinyyolo_zcu102/solution1/impl/ip
   /home/researchadmin/korino/arm/hls/11feb/tinyyolo_zcu102/solution1/impl/ip
   /home/researchadmin/korino/arm/hls/13feb/tinyyolo_zcu102/solution1/impl/ip
WARNING: [IP_Flow 19-1663] Duplicate IP found for 'xilinx.com:hls:conv_engine:1.0'. The one found in IP location '/home/researchadmin/korino/arm/hls/16feb/tinyyolo_zcu102_v3/solution1/impl/ip' will take precedence over the same IP in location /home/researchadmin/korino/arm/hls/16feb/tinyyolo_zcu102/solution1/impl/ip/export
INFO: [IP_Flow 19-6924] IPCACHE: Running cache check for IP inst: Redesign_axi_smc_gmem0_0
Command: synth_design -top Redesign_axi_smc_gmem0_0 -part xczu9eg-ffvb1156-2-e -incremental_mode off -mode out_of_context
Starting synth_design
Attempting to get a license for feature 'Synthesis' and/or device 'xczu9eg'
INFO: [Common 17-349] Got license for feature 'Synthesis' and/or device 'xczu9eg'
INFO: [Device 21-403] Loading part xczu9eg-ffvb1156-2-e
INFO: [Synth 8-7079] Multithreading enabled for synth_design using a maximum of 7 processes.
INFO: [Synth 8-7078] Launching helper process for spawning children vivado processes
INFO: [Synth 8-7075] Helper process launched with PID 2859899
---------------------------------------------------------------------------------
Starting RTL Elaboration : Time (s): cpu = 00:00:02 ; elapsed = 00:00:03 . Memory (MB): peak = 2642.461 ; gain = 130.559 ; free physical = 2203 ; free virtual = 49436
---------------------------------------------------------------------------------
INFO: [Synth 8-6157] synthesizing module 'Redesign_axi_smc_gmem0_0' [/home/researchadmin/ConvBlock/ConvBlock.gen/sources_1/bd/Redesign/ip/Redesign_axi_smc_gmem0_0/synth/Redesign_axi_smc_gmem0_0.v:53]
INFO: [Synth 8-6157] synthesizing module 'bd_96f4' [/home/researchadmin/ConvBlock/ConvBlock.gen/sources_1/bd/Redesign/ip/Redesign_axi_smc_gmem0_0/bd_0/synth/bd_96f4.v:10]
INFO: [Synth 8-6157] synthesizing module 'clk_map_imp_1569SRR' [/home/researchadmin/ConvBlock/ConvBlock.gen/sources_1/bd/Redesign/ip/Redesign_axi_smc_gmem0_0/bd_0/synth/bd_96f4.v:344]
INFO: [Synth 8-6157] synthesizing module 'bd_96f4_one_0' [/home/researchadmin/ConvBlock/ConvBlock.gen/sources_1/bd/Redesign/ip/Redesign_axi_smc_gmem0_0/bd_0/ip/ip_0/synth/bd_96f4_one_0.v:53]
INFO: [Synth 8-6157] synthesizing module 'xlconstant_v1_1_9_xlconstant' [/home/researchadmin/ConvBlock/ConvBlock.gen/sources_1/bd/Redesign/ipshared/e2d2/hdl/xlconstant_v1_1_vl_rfs.v:68]
INFO: [Synth 8-6155] done synthesizing module 'xlconstant_v1_1_9_xlconstant' (0#1) [/home/researchadmin/ConvBlock/ConvBlock.gen/sources_1/bd/Redesign/ipshared/e2d2/hdl/xlconstant_v1_1_vl_rfs.v:68]
INFO: [Synth 8-6155] done synthesizing module 'bd_96f4_one_0' (0#1) [/home/researchadmin/ConvBlock/ConvBlock.gen/sources_1/bd/Redesign/ip/Redesign_axi_smc_gmem0_0/bd_0/ip/ip_0/synth/bd_96f4_one_0.v:53]
INFO: [Synth 8-638] synthesizing module 'bd_96f4_psr_aclk_0' [/home/researchadmin/ConvBlock/ConvBlock.gen/sources_1/bd/Redesign/ip/Redesign_axi_smc_gmem0_0/bd_0/ip/ip_1/synth/bd_96f4_psr_aclk_0.vhd:74]
	Parameter C_FAMILY bound to: zynquplus - type: string 
	Parameter C_EXT_RST_WIDTH bound to: 4 - type: integer 
	Parameter C_AUX_RST_WIDTH bound to: 1 - type: integer 
	Parameter C_EXT_RESET_HIGH bound to: 1'b0 
	Parameter C_AUX_RESET_HIGH bound to: 1'b0 
	Parameter C_NUM_BUS_RST bound to: 1 - type: integer 
	Parameter C_NUM_PERP_RST bound to: 1 - type: integer 
	Parameter C_NUM_INTERCONNECT_ARESETN bound to: 1 - type: integer 
	Parameter C_NUM_PERP_ARESETN bound to: 1 - type: integer 
INFO: [Synth 8-3491] module 'proc_sys_reset' declared at '/home/researchadmin/ConvBlock/ConvBlock.gen/sources_1/bd/Redesign/ipshared/0831/hdl/proc_sys_reset_v5_0_vh_rfs.vhd:1271' bound to instance 'U0' of component 'proc_sys_reset' [/home/researchadmin/ConvBlock/ConvBlock.gen/sources_1/bd/Redesign/ip/Redesign_axi_smc_gmem0_0/bd_0/ip/ip_1/synth/bd_96f4_psr_aclk_0.vhd:139]
INFO: [Synth 8-638] synthesizing module 'proc_sys_reset' [/home/researchadmin/ConvBlock/ConvBlock.gen/sources_1/bd/Redesign/ipshared/0831/hdl/proc_sys_reset_v5_0_vh_rfs.vhd:1330]
	Parameter INIT bound to: 1'b1 
INFO: [Synth 8-113] binding component instance 'FDRE_inst' to cell 'FDRE' [/home/researchadmin/ConvBlock/ConvBlock.gen/sources_1/bd/Redesign/ipshared/0831/hdl/proc_sys_reset_v5_0_vh_rfs.vhd:1399]
	Parameter INIT bound to: 1'b1 
INFO: [Synth 8-113] binding component instance 'FDRE_BSR' to cell 'FDRE' [/home/researchadmin/ConvBlock/ConvBlock.gen/sources_1/bd/Redesign/ipshared/0831/hdl/proc_sys_reset_v5_0_vh_rfs.vhd:1415]
	Parameter INIT bound to: 1'b0 
INFO: [Synth 8-113] binding component instance 'FDRE_BSR_N' to cell 'FDRE' [/home/researchadmin/ConvBlock/ConvBlock.gen/sources_1/bd/Redesign/ipshared/0831/hdl/proc_sys_reset_v5_0_vh_rfs.vhd:1441]
	Parameter INIT bound to: 1'b1 
INFO: [Synth 8-113] binding component instance 'FDRE_PER' to cell 'FDRE' [/home/researchadmin/ConvBlock/ConvBlock.gen/sources_1/bd/Redesign/ipshared/0831/hdl/proc_sys_reset_v5_0_vh_rfs.vhd:1464]
	Parameter INIT bound to: 1'b0 
INFO: [Synth 8-113] binding component instance 'FDRE_PER_N' to cell 'FDRE' [/home/researchadmin/ConvBlock/ConvBlock.gen/sources_1/bd/Redesign/ipshared/0831/hdl/proc_sys_reset_v5_0_vh_rfs.vhd:1488]
INFO: [Synth 8-638] synthesizing module 'lpf' [/home/researchadmin/ConvBlock/ConvBlock.gen/sources_1/bd/Redesign/ipshared/0831/hdl/proc_sys_reset_v5_0_vh_rfs.vhd:821]
INFO: [Synth 8-3491] module 'SRL16' declared at '/mnt/FPGA_DISK/Xilinx/Vivado/2024.2/scripts/rt/data/unisim_comp.v:149029' bound to instance 'POR_SRL_I' of component 'SRL16' [/home/researchadmin/ConvBlock/ConvBlock.gen/sources_1/bd/Redesign/ipshared/0831/hdl/proc_sys_reset_v5_0_vh_rfs.vhd:873]
INFO: [Synth 8-6157] synthesizing module 'SRL16' [/mnt/FPGA_DISK/Xilinx/Vivado/2024.2/scripts/rt/data/unisim_comp.v:149029]
INFO: [Synth 8-6155] done synthesizing module 'SRL16' (0#1) [/mnt/FPGA_DISK/Xilinx/Vivado/2024.2/scripts/rt/data/unisim_comp.v:149029]
INFO: [Synth 8-638] synthesizing module 'cdc_sync' [/home/researchadmin/ConvBlock/ConvBlock.gen/sources_1/bd/Redesign/ipshared/2a4f/hdl/lib_cdc_v1_0_rfs.vhd:106]
	Parameter INIT bound to: 1'b0 
INFO: [Synth 8-113] binding component instance 'CROSS_PLEVEL_IN2SCNDRY_IN_cdc_to' to cell 'FDR' [/home/researchadmin/ConvBlock/ConvBlock.gen/sources_1/bd/Redesign/ipshared/2a4f/hdl/lib_cdc_v1_0_rfs.vhd:514]
	Parameter INIT bound to: 1'b0 
INFO: [Synth 8-113] binding component instance 'CROSS_PLEVEL_IN2SCNDRY_s_level_out_d2' to cell 'FDR' [/home/researchadmin/ConvBlock/ConvBlock.gen/sources_1/bd/Redesign/ipshared/2a4f/hdl/lib_cdc_v1_0_rfs.vhd:545]
	Parameter INIT bound to: 1'b0 
INFO: [Synth 8-113] binding component instance 'CROSS_PLEVEL_IN2SCNDRY_s_level_out_d3' to cell 'FDR' [/home/researchadmin/ConvBlock/ConvBlock.gen/sources_1/bd/Redesign/ipshared/2a4f/hdl/lib_cdc_v1_0_rfs.vhd:554]
	Parameter INIT bound to: 1'b0 
INFO: [Synth 8-113] binding component instance 'CROSS_PLEVEL_IN2SCNDRY_s_level_out_d4' to cell 'FDR' [/home/researchadmin/ConvBlock/ConvBlock.gen/sources_1/bd/Redesign/ipshared/2a4f/hdl/lib_cdc_v1_0_rfs.vhd:564]
	Parameter INIT bound to: 1'b0 
INFO: [Synth 8-113] binding component instance 'CROSS_PLEVEL_IN2SCNDRY_s_level_out_d5' to cell 'FDR' [/home/researchadmin/ConvBlock/ConvBlock.gen/sources_1/bd/Redesign/ipshared/2a4f/hdl/lib_cdc_v1_0_rfs.vhd:574]
	Parameter INIT bound to: 1'b0 
INFO: [Synth 8-113] binding component instance 'CROSS_PLEVEL_IN2SCNDRY_s_level_out_d6' to cell 'FDR' [/home/researchadmin/ConvBlock/ConvBlock.gen/sources_1/bd/Redesign/ipshared/2a4f/hdl/lib_cdc_v1_0_rfs.vhd:584]
INFO: [Synth 8-256] done synthesizing module 'cdc_sync' (0#1) [/home/researchadmin/ConvBlock/ConvBlock.gen/sources_1/bd/Redesign/ipshared/2a4f/hdl/lib_cdc_v1_0_rfs.vhd:106]
INFO: [Synth 8-256] done synthesizing module 'lpf' (0#1) [/home/researchadmin/ConvBlock/ConvBlock.gen/sources_1/bd/Redesign/ipshared/0831/hdl/proc_sys_reset_v5_0_vh_rfs.vhd:821]
INFO: [Synth 8-638] synthesizing module 'sequence_psr' [/home/researchadmin/ConvBlock/ConvBlock.gen/sources_1/bd/Redesign/ipshared/0831/hdl/proc_sys_reset_v5_0_vh_rfs.vhd:304]
INFO: [Synth 8-638] synthesizing module 'upcnt_n' [/home/researchadmin/ConvBlock/ConvBlock.gen/sources_1/bd/Redesign/ipshared/0831/hdl/proc_sys_reset_v5_0_vh_rfs.vhd:126]
INFO: [Synth 8-256] done synthesizing module 'upcnt_n' (0#1) [/home/researchadmin/ConvBlock/ConvBlock.gen/sources_1/bd/Redesign/ipshared/0831/hdl/proc_sys_reset_v5_0_vh_rfs.vhd:126]
INFO: [Synth 8-256] done synthesizing module 'sequence_psr' (0#1) [/home/researchadmin/ConvBlock/ConvBlock.gen/sources_1/bd/Redesign/ipshared/0831/hdl/proc_sys_reset_v5_0_vh_rfs.vhd:304]
INFO: [Synth 8-256] done synthesizing module 'proc_sys_reset' (0#1) [/home/researchadmin/ConvBlock/ConvBlock.gen/sources_1/bd/Redesign/ipshared/0831/hdl/proc_sys_reset_v5_0_vh_rfs.vhd:1330]
INFO: [Synth 8-256] done synthesizing module 'bd_96f4_psr_aclk_0' (0#1) [/home/researchadmin/ConvBlock/ConvBlock.gen/sources_1/bd/Redesign/ip/Redesign_axi_smc_gmem0_0/bd_0/ip/ip_1/synth/bd_96f4_psr_aclk_0.vhd:74]
WARNING: [Synth 8-7071] port 'mb_reset' of module 'bd_96f4_psr_aclk_0' is unconnected for instance 'psr_aclk' [/home/researchadmin/ConvBlock/ConvBlock.gen/sources_1/bd/Redesign/ip/Redesign_axi_smc_gmem0_0/bd_0/synth/bd_96f4.v:376]
WARNING: [Synth 8-7071] port 'bus_struct_reset' of module 'bd_96f4_psr_aclk_0' is unconnected for instance 'psr_aclk' [/home/researchadmin/ConvBlock/ConvBlock.gen/sources_1/bd/Redesign/ip/Redesign_axi_smc_gmem0_0/bd_0/synth/bd_96f4.v:376]
WARNING: [Synth 8-7071] port 'peripheral_reset' of module 'bd_96f4_psr_aclk_0' is unconnected for instance 'psr_aclk' [/home/researchadmin/ConvBlock/ConvBlock.gen/sources_1/bd/Redesign/ip/Redesign_axi_smc_gmem0_0/bd_0/synth/bd_96f4.v:376]
WARNING: [Synth 8-7071] port 'peripheral_aresetn' of module 'bd_96f4_psr_aclk_0' is unconnected for instance 'psr_aclk' [/home/researchadmin/ConvBlock/ConvBlock.gen/sources_1/bd/Redesign/ip/Redesign_axi_smc_gmem0_0/bd_0/synth/bd_96f4.v:376]
WARNING: [Synth 8-7023] instance 'psr_aclk' of module 'bd_96f4_psr_aclk_0' has 10 connections declared, but only 6 given [/home/researchadmin/ConvBlock/ConvBlock.gen/sources_1/bd/Redesign/ip/Redesign_axi_smc_gmem0_0/bd_0/synth/bd_96f4.v:376]
INFO: [Synth 8-6155] done synthesizing module 'clk_map_imp_1569SRR' (0#1) [/home/researchadmin/ConvBlock/ConvBlock.gen/sources_1/bd/Redesign/ip/Redesign_axi_smc_gmem0_0/bd_0/synth/bd_96f4.v:344]
INFO: [Synth 8-6157] synthesizing module 'm00_exit_pipeline_imp_U6O3ZW' [/home/researchadmin/ConvBlock/ConvBlock.gen/sources_1/bd/Redesign/ip/Redesign_axi_smc_gmem0_0/bd_0/synth/bd_96f4.v:385]
INFO: [Synth 8-6157] synthesizing module 'bd_96f4_m00e_0' [/home/researchadmin/ConvBlock/ConvBlock.gen/sources_1/bd/Redesign/ip/Redesign_axi_smc_gmem0_0/bd_0/ip/ip_9/synth/bd_96f4_m00e_0.sv:53]
INFO: [Synth 8-6157] synthesizing module 'xpm_cdc_async_rst' [/mnt/FPGA_DISK/Xilinx/Vivado/2024.2/data/ip/xpm/xpm_cdc/hdl/xpm_cdc.sv:1175]
INFO: [Synth 8-6155] done synthesizing module 'xpm_cdc_async_rst' (0#1) [/mnt/FPGA_DISK/Xilinx/Vivado/2024.2/data/ip/xpm/xpm_cdc/hdl/xpm_cdc.sv:1175]
INFO: [Synth 8-6155] done synthesizing module 'bd_96f4_m00e_0' (0#1) [/home/researchadmin/ConvBlock/ConvBlock.gen/sources_1/bd/Redesign/ip/Redesign_axi_smc_gmem0_0/bd_0/ip/ip_9/synth/bd_96f4_m00e_0.sv:53]
INFO: [Synth 8-6155] done synthesizing module 'm00_exit_pipeline_imp_U6O3ZW' (0#1) [/home/researchadmin/ConvBlock/ConvBlock.gen/sources_1/bd/Redesign/ip/Redesign_axi_smc_gmem0_0/bd_0/synth/bd_96f4.v:385]
INFO: [Synth 8-6157] synthesizing module 'bd_96f4_m00s2a_0' [/home/researchadmin/ConvBlock/ConvBlock.gen/sources_1/bd/Redesign/ip/Redesign_axi_smc_gmem0_0/bd_0/ip/ip_8/synth/bd_96f4_m00s2a_0.sv:53]
INFO: [Synth 8-6155] done synthesizing module 'bd_96f4_m00s2a_0' (0#1) [/home/researchadmin/ConvBlock/ConvBlock.gen/sources_1/bd/Redesign/ip/Redesign_axi_smc_gmem0_0/bd_0/ip/ip_8/synth/bd_96f4_m00s2a_0.sv:53]
INFO: [Synth 8-6157] synthesizing module 'bd_96f4_s00a2s_0' [/home/researchadmin/ConvBlock/ConvBlock.gen/sources_1/bd/Redesign/ip/Redesign_axi_smc_gmem0_0/bd_0/ip/ip_5/synth/bd_96f4_s00a2s_0.sv:53]
INFO: [Synth 8-6155] done synthesizing module 'bd_96f4_s00a2s_0' (0#1) [/home/researchadmin/ConvBlock/ConvBlock.gen/sources_1/bd/Redesign/ip/Redesign_axi_smc_gmem0_0/bd_0/ip/ip_5/synth/bd_96f4_s00a2s_0.sv:53]
INFO: [Synth 8-6157] synthesizing module 's00_entry_pipeline_imp_1UK6WXR' [/home/researchadmin/ConvBlock/ConvBlock.gen/sources_1/bd/Redesign/ip/Redesign_axi_smc_gmem0_0/bd_0/synth/bd_96f4.v:527]
INFO: [Synth 8-6157] synthesizing module 'bd_96f4_s00mmu_0' [/home/researchadmin/ConvBlock/ConvBlock.gen/sources_1/bd/Redesign/ip/Redesign_axi_smc_gmem0_0/bd_0/ip/ip_2/synth/bd_96f4_s00mmu_0.sv:53]
INFO: [Synth 8-6155] done synthesizing module 'bd_96f4_s00mmu_0' (0#1) [/home/researchadmin/ConvBlock/ConvBlock.gen/sources_1/bd/Redesign/ip/Redesign_axi_smc_gmem0_0/bd_0/ip/ip_2/synth/bd_96f4_s00mmu_0.sv:53]
INFO: [Synth 8-6157] synthesizing module 'bd_96f4_s00sic_0' [/home/researchadmin/ConvBlock/ConvBlock.gen/sources_1/bd/Redesign/ip/Redesign_axi_smc_gmem0_0/bd_0/ip/ip_4/synth/bd_96f4_s00sic_0.sv:53]
INFO: [Synth 8-6155] done synthesizing module 'bd_96f4_s00sic_0' (0#1) [/home/researchadmin/ConvBlock/ConvBlock.gen/sources_1/bd/Redesign/ip/Redesign_axi_smc_gmem0_0/bd_0/ip/ip_4/synth/bd_96f4_s00sic_0.sv:53]
INFO: [Synth 8-6157] synthesizing module 'bd_96f4_s00tr_0' [/home/researchadmin/ConvBlock/ConvBlock.gen/sources_1/bd/Redesign/ip/Redesign_axi_smc_gmem0_0/bd_0/ip/ip_3/synth/bd_96f4_s00tr_0.sv:53]
INFO: [Synth 8-6155] done synthesizing module 'bd_96f4_s00tr_0' (0#1) [/home/researchadmin/ConvBlock/ConvBlock.gen/sources_1/bd/Redesign/ip/Redesign_axi_smc_gmem0_0/bd_0/ip/ip_3/synth/bd_96f4_s00tr_0.sv:53]
WARNING: [Synth 8-7071] port 'm_axi_arburst' of module 'bd_96f4_s00tr_0' is unconnected for instance 's00_transaction_regulator' [/home/researchadmin/ConvBlock/ConvBlock.gen/sources_1/bd/Redesign/ip/Redesign_axi_smc_gmem0_0/bd_0/synth/bd_96f4.v:752]
WARNING: [Synth 8-7023] instance 's00_transaction_regulator' of module 'bd_96f4_s00tr_0' has 40 connections declared, but only 39 given [/home/researchadmin/ConvBlock/ConvBlock.gen/sources_1/bd/Redesign/ip/Redesign_axi_smc_gmem0_0/bd_0/synth/bd_96f4.v:752]
INFO: [Synth 8-6155] done synthesizing module 's00_entry_pipeline_imp_1UK6WXR' (0#1) [/home/researchadmin/ConvBlock/ConvBlock.gen/sources_1/bd/Redesign/ip/Redesign_axi_smc_gmem0_0/bd_0/synth/bd_96f4.v:527]
INFO: [Synth 8-6157] synthesizing module 's00_nodes_imp_1XGPN39' [/home/researchadmin/ConvBlock/ConvBlock.gen/sources_1/bd/Redesign/ip/Redesign_axi_smc_gmem0_0/bd_0/synth/bd_96f4.v:794]
INFO: [Synth 8-6157] synthesizing module 'bd_96f4_sarn_0' [/home/researchadmin/ConvBlock/ConvBlock.gen/sources_1/bd/Redesign/ip/Redesign_axi_smc_gmem0_0/bd_0/ip/ip_6/synth/bd_96f4_sarn_0.sv:53]
INFO: [Synth 8-6157] synthesizing module 'xpm_memory_sdpram' [/mnt/FPGA_DISK/Xilinx/Vivado/2024.2/data/ip/xpm/xpm_memory/hdl/xpm_memory.sv:8556]
INFO: [Synth 8-6157] synthesizing module 'xpm_memory_base' [/mnt/FPGA_DISK/Xilinx/Vivado/2024.2/data/ip/xpm/xpm_memory/hdl/xpm_memory.sv:54]
INFO: [Synth 8-6155] done synthesizing module 'xpm_memory_base' (0#1) [/mnt/FPGA_DISK/Xilinx/Vivado/2024.2/data/ip/xpm/xpm_memory/hdl/xpm_memory.sv:54]
INFO: [Synth 8-6155] done synthesizing module 'xpm_memory_sdpram' (0#1) [/mnt/FPGA_DISK/Xilinx/Vivado/2024.2/data/ip/xpm/xpm_memory/hdl/xpm_memory.sv:8556]
INFO: [Synth 8-6155] done synthesizing module 'bd_96f4_sarn_0' (0#1) [/home/researchadmin/ConvBlock/ConvBlock.gen/sources_1/bd/Redesign/ip/Redesign_axi_smc_gmem0_0/bd_0/ip/ip_6/synth/bd_96f4_sarn_0.sv:53]
INFO: [Synth 8-6157] synthesizing module 'bd_96f4_srn_0' [/home/researchadmin/ConvBlock/ConvBlock.gen/sources_1/bd/Redesign/ip/Redesign_axi_smc_gmem0_0/bd_0/ip/ip_7/synth/bd_96f4_srn_0.sv:53]
INFO: [Synth 8-6157] synthesizing module 'xpm_memory_sdpram__parameterized0' [/mnt/FPGA_DISK/Xilinx/Vivado/2024.2/data/ip/xpm/xpm_memory/hdl/xpm_memory.sv:8556]
INFO: [Synth 8-6157] synthesizing module 'xpm_memory_base__parameterized0' [/mnt/FPGA_DISK/Xilinx/Vivado/2024.2/data/ip/xpm/xpm_memory/hdl/xpm_memory.sv:54]
INFO: [Synth 8-6155] done synthesizing module 'xpm_memory_base__parameterized0' (0#1) [/mnt/FPGA_DISK/Xilinx/Vivado/2024.2/data/ip/xpm/xpm_memory/hdl/xpm_memory.sv:54]
INFO: [Synth 8-6155] done synthesizing module 'xpm_memory_sdpram__parameterized0' (0#1) [/mnt/FPGA_DISK/Xilinx/Vivado/2024.2/data/ip/xpm/xpm_memory/hdl/xpm_memory.sv:8556]
INFO: [Synth 8-6157] synthesizing module 'xpm_memory_sdpram__parameterized1' [/mnt/FPGA_DISK/Xilinx/Vivado/2024.2/data/ip/xpm/xpm_memory/hdl/xpm_memory.sv:8556]
INFO: [Synth 8-6157] synthesizing module 'xpm_memory_base__parameterized1' [/mnt/FPGA_DISK/Xilinx/Vivado/2024.2/data/ip/xpm/xpm_memory/hdl/xpm_memory.sv:54]
INFO: [Synth 8-6155] done synthesizing module 'xpm_memory_base__parameterized1' (0#1) [/mnt/FPGA_DISK/Xilinx/Vivado/2024.2/data/ip/xpm/xpm_memory/hdl/xpm_memory.sv:54]
INFO: [Synth 8-6155] done synthesizing module 'xpm_memory_sdpram__parameterized1' (0#1) [/mnt/FPGA_DISK/Xilinx/Vivado/2024.2/data/ip/xpm/xpm_memory/hdl/xpm_memory.sv:8556]
INFO: [Synth 8-6155] done synthesizing module 'bd_96f4_srn_0' (0#1) [/home/researchadmin/ConvBlock/ConvBlock.gen/sources_1/bd/Redesign/ip/Redesign_axi_smc_gmem0_0/bd_0/ip/ip_7/synth/bd_96f4_srn_0.sv:53]
INFO: [Synth 8-6155] done synthesizing module 's00_nodes_imp_1XGPN39' (0#1) [/home/researchadmin/ConvBlock/ConvBlock.gen/sources_1/bd/Redesign/ip/Redesign_axi_smc_gmem0_0/bd_0/synth/bd_96f4.v:794]
INFO: [Synth 8-6155] done synthesizing module 'bd_96f4' (0#1) [/home/researchadmin/ConvBlock/ConvBlock.gen/sources_1/bd/Redesign/ip/Redesign_axi_smc_gmem0_0/bd_0/synth/bd_96f4.v:10]
INFO: [Synth 8-6155] done synthesizing module 'Redesign_axi_smc_gmem0_0' (0#1) [/home/researchadmin/ConvBlock/ConvBlock.gen/sources_1/bd/Redesign/ip/Redesign_axi_smc_gmem0_0/synth/Redesign_axi_smc_gmem0_0.v:53]
WARNING: [Synth 8-3848] Net aresetn_out in module/entity clk_map_imp_1569SRR does not have driver. [/home/researchadmin/ConvBlock/ConvBlock.gen/sources_1/bd/Redesign/ip/Redesign_axi_smc_gmem0_0/bd_0/synth/bd_96f4.v:360]
INFO: [Synth 8-4490] FSM extraction disabled for register 'gen_pipelined.state_reg' through user attribute
INFO: [Synth 8-4490] FSM extraction disabled for register 'gen_pipelined.state_reg' through user attribute
INFO: [Synth 8-4490] FSM extraction disabled for register 'gen_pipelined.state_reg' through user attribute
INFO: [Synth 8-4490] FSM extraction disabled for register 'gen_pipelined.state_reg' through user attribute
WARNING: [Synth 8-7129] Port din[0] in module sc_util_v1_0_4_onehot_to_binary is either unconnected or has no load
WARNING: [Synth 8-7129] Port aclk in module sc_util_v1_0_4_pipeline__parameterized0 is either unconnected or has no load
WARNING: [Synth 8-7129] Port aclken in module sc_util_v1_0_4_pipeline__parameterized0 is either unconnected or has no load
WARNING: [Synth 8-7129] Port areset in module sc_util_v1_0_4_pipeline__parameterized0 is either unconnected or has no load
WARNING: [Synth 8-7129] Port s_sc_payld[274] in module sc_node_v1_0_17_ingress__parameterized0 is either unconnected or has no load
WARNING: [Synth 8-7129] Port s_sc_payld[273] in module sc_node_v1_0_17_ingress__parameterized0 is either unconnected or has no load
WARNING: [Synth 8-7129] Port s_sc_payld[272] in module sc_node_v1_0_17_ingress__parameterized0 is either unconnected or has no load
WARNING: [Synth 8-7129] Port s_sc_payld[271] in module sc_node_v1_0_17_ingress__parameterized0 is either unconnected or has no load
WARNING: [Synth 8-7129] Port s_sc_payld[270] in module sc_node_v1_0_17_ingress__parameterized0 is either unconnected or has no load
WARNING: [Synth 8-7129] Port s_sc_payld[269] in module sc_node_v1_0_17_ingress__parameterized0 is either unconnected or has no load
WARNING: [Synth 8-7129] Port s_sc_payld[268] in module sc_node_v1_0_17_ingress__parameterized0 is either unconnected or has no load
WARNING: [Synth 8-7129] Port s_sc_payld[267] in module sc_node_v1_0_17_ingress__parameterized0 is either unconnected or has no load
WARNING: [Synth 8-7129] Port s_sc_payld[266] in module sc_node_v1_0_17_ingress__parameterized0 is either unconnected or has no load
WARNING: [Synth 8-7129] Port s_sc_payld[265] in module sc_node_v1_0_17_ingress__parameterized0 is either unconnected or has no load
WARNING: [Synth 8-7129] Port s_sc_payld[264] in module sc_node_v1_0_17_ingress__parameterized0 is either unconnected or has no load
WARNING: [Synth 8-7129] Port s_sc_payld[263] in module sc_node_v1_0_17_ingress__parameterized0 is either unconnected or has no load
WARNING: [Synth 8-7129] Port s_sc_payld[262] in module sc_node_v1_0_17_ingress__parameterized0 is either unconnected or has no load
WARNING: [Synth 8-7129] Port s_sc_payld[261] in module sc_node_v1_0_17_ingress__parameterized0 is either unconnected or has no load
WARNING: [Synth 8-7129] Port s_sc_payld[260] in module sc_node_v1_0_17_ingress__parameterized0 is either unconnected or has no load
WARNING: [Synth 8-7129] Port s_sc_payld[259] in module sc_node_v1_0_17_ingress__parameterized0 is either unconnected or has no load
WARNING: [Synth 8-7129] Port s_sc_payld[258] in module sc_node_v1_0_17_ingress__parameterized0 is either unconnected or has no load
WARNING: [Synth 8-7129] Port s_sc_payld[257] in module sc_node_v1_0_17_ingress__parameterized0 is either unconnected or has no load
WARNING: [Synth 8-7129] Port s_sc_payld[256] in module sc_node_v1_0_17_ingress__parameterized0 is either unconnected or has no load
WARNING: [Synth 8-7129] Port s_sc_payld[255] in module sc_node_v1_0_17_ingress__parameterized0 is either unconnected or has no load
WARNING: [Synth 8-7129] Port s_sc_payld[254] in module sc_node_v1_0_17_ingress__parameterized0 is either unconnected or has no load
WARNING: [Synth 8-7129] Port s_sc_payld[253] in module sc_node_v1_0_17_ingress__parameterized0 is either unconnected or has no load
WARNING: [Synth 8-7129] Port s_sc_payld[252] in module sc_node_v1_0_17_ingress__parameterized0 is either unconnected or has no load
WARNING: [Synth 8-7129] Port s_sc_payld[251] in module sc_node_v1_0_17_ingress__parameterized0 is either unconnected or has no load
WARNING: [Synth 8-7129] Port s_sc_payld[250] in module sc_node_v1_0_17_ingress__parameterized0 is either unconnected or has no load
WARNING: [Synth 8-7129] Port s_sc_payld[249] in module sc_node_v1_0_17_ingress__parameterized0 is either unconnected or has no load
WARNING: [Synth 8-7129] Port s_sc_payld[248] in module sc_node_v1_0_17_ingress__parameterized0 is either unconnected or has no load
WARNING: [Synth 8-7129] Port s_sc_payld[247] in module sc_node_v1_0_17_ingress__parameterized0 is either unconnected or has no load
WARNING: [Synth 8-7129] Port s_sc_payld[246] in module sc_node_v1_0_17_ingress__parameterized0 is either unconnected or has no load
WARNING: [Synth 8-7129] Port s_sc_payld[245] in module sc_node_v1_0_17_ingress__parameterized0 is either unconnected or has no load
WARNING: [Synth 8-7129] Port s_sc_payld[244] in module sc_node_v1_0_17_ingress__parameterized0 is either unconnected or has no load
WARNING: [Synth 8-7129] Port s_sc_payld[243] in module sc_node_v1_0_17_ingress__parameterized0 is either unconnected or has no load
WARNING: [Synth 8-7129] Port s_sc_payld[242] in module sc_node_v1_0_17_ingress__parameterized0 is either unconnected or has no load
WARNING: [Synth 8-7129] Port s_sc_payld[241] in module sc_node_v1_0_17_ingress__parameterized0 is either unconnected or has no load
WARNING: [Synth 8-7129] Port s_sc_payld[240] in module sc_node_v1_0_17_ingress__parameterized0 is either unconnected or has no load
WARNING: [Synth 8-7129] Port s_sc_payld[239] in module sc_node_v1_0_17_ingress__parameterized0 is either unconnected or has no load
WARNING: [Synth 8-7129] Port s_sc_payld[238] in module sc_node_v1_0_17_ingress__parameterized0 is either unconnected or has no load
WARNING: [Synth 8-7129] Port s_sc_payld[237] in module sc_node_v1_0_17_ingress__parameterized0 is either unconnected or has no load
WARNING: [Synth 8-7129] Port s_sc_payld[236] in module sc_node_v1_0_17_ingress__parameterized0 is either unconnected or has no load
WARNING: [Synth 8-7129] Port s_sc_payld[235] in module sc_node_v1_0_17_ingress__parameterized0 is either unconnected or has no load
WARNING: [Synth 8-7129] Port s_sc_payld[234] in module sc_node_v1_0_17_ingress__parameterized0 is either unconnected or has no load
WARNING: [Synth 8-7129] Port s_sc_payld[233] in module sc_node_v1_0_17_ingress__parameterized0 is either unconnected or has no load
WARNING: [Synth 8-7129] Port s_sc_payld[232] in module sc_node_v1_0_17_ingress__parameterized0 is either unconnected or has no load
WARNING: [Synth 8-7129] Port s_sc_payld[231] in module sc_node_v1_0_17_ingress__parameterized0 is either unconnected or has no load
WARNING: [Synth 8-7129] Port s_sc_payld[230] in module sc_node_v1_0_17_ingress__parameterized0 is either unconnected or has no load
WARNING: [Synth 8-7129] Port s_sc_payld[229] in module sc_node_v1_0_17_ingress__parameterized0 is either unconnected or has no load
WARNING: [Synth 8-7129] Port s_sc_payld[228] in module sc_node_v1_0_17_ingress__parameterized0 is either unconnected or has no load
WARNING: [Synth 8-7129] Port s_sc_payld[227] in module sc_node_v1_0_17_ingress__parameterized0 is either unconnected or has no load
WARNING: [Synth 8-7129] Port s_sc_payld[226] in module sc_node_v1_0_17_ingress__parameterized0 is either unconnected or has no load
WARNING: [Synth 8-7129] Port s_sc_payld[225] in module sc_node_v1_0_17_ingress__parameterized0 is either unconnected or has no load
WARNING: [Synth 8-7129] Port s_sc_payld[224] in module sc_node_v1_0_17_ingress__parameterized0 is either unconnected or has no load
WARNING: [Synth 8-7129] Port s_sc_payld[223] in module sc_node_v1_0_17_ingress__parameterized0 is either unconnected or has no load
WARNING: [Synth 8-7129] Port s_sc_payld[222] in module sc_node_v1_0_17_ingress__parameterized0 is either unconnected or has no load
WARNING: [Synth 8-7129] Port s_sc_payld[221] in module sc_node_v1_0_17_ingress__parameterized0 is either unconnected or has no load
WARNING: [Synth 8-7129] Port s_sc_payld[220] in module sc_node_v1_0_17_ingress__parameterized0 is either unconnected or has no load
WARNING: [Synth 8-7129] Port s_sc_payld[219] in module sc_node_v1_0_17_ingress__parameterized0 is either unconnected or has no load
WARNING: [Synth 8-7129] Port s_sc_payld[218] in module sc_node_v1_0_17_ingress__parameterized0 is either unconnected or has no load
WARNING: [Synth 8-7129] Port s_sc_payld[217] in module sc_node_v1_0_17_ingress__parameterized0 is either unconnected or has no load
WARNING: [Synth 8-7129] Port s_sc_payld[216] in module sc_node_v1_0_17_ingress__parameterized0 is either unconnected or has no load
WARNING: [Synth 8-7129] Port s_sc_payld[215] in module sc_node_v1_0_17_ingress__parameterized0 is either unconnected or has no load
WARNING: [Synth 8-7129] Port s_sc_payld[214] in module sc_node_v1_0_17_ingress__parameterized0 is either unconnected or has no load
WARNING: [Synth 8-7129] Port s_sc_payld[213] in module sc_node_v1_0_17_ingress__parameterized0 is either unconnected or has no load
WARNING: [Synth 8-7129] Port s_sc_payld[212] in module sc_node_v1_0_17_ingress__parameterized0 is either unconnected or has no load
WARNING: [Synth 8-7129] Port s_sc_payld[211] in module sc_node_v1_0_17_ingress__parameterized0 is either unconnected or has no load
WARNING: [Synth 8-7129] Port s_sc_payld[210] in module sc_node_v1_0_17_ingress__parameterized0 is either unconnected or has no load
WARNING: [Synth 8-7129] Port s_sc_payld[209] in module sc_node_v1_0_17_ingress__parameterized0 is either unconnected or has no load
WARNING: [Synth 8-7129] Port s_sc_payld[208] in module sc_node_v1_0_17_ingress__parameterized0 is either unconnected or has no load
WARNING: [Synth 8-7129] Port s_sc_payld[207] in module sc_node_v1_0_17_ingress__parameterized0 is either unconnected or has no load
WARNING: [Synth 8-7129] Port s_sc_payld[206] in module sc_node_v1_0_17_ingress__parameterized0 is either unconnected or has no load
WARNING: [Synth 8-7129] Port s_sc_payld[205] in module sc_node_v1_0_17_ingress__parameterized0 is either unconnected or has no load
WARNING: [Synth 8-7129] Port s_sc_payld[204] in module sc_node_v1_0_17_ingress__parameterized0 is either unconnected or has no load
WARNING: [Synth 8-7129] Port s_sc_payld[203] in module sc_node_v1_0_17_ingress__parameterized0 is either unconnected or has no load
WARNING: [Synth 8-7129] Port s_sc_payld[202] in module sc_node_v1_0_17_ingress__parameterized0 is either unconnected or has no load
WARNING: [Synth 8-7129] Port s_sc_payld[201] in module sc_node_v1_0_17_ingress__parameterized0 is either unconnected or has no load
WARNING: [Synth 8-7129] Port s_sc_payld[200] in module sc_node_v1_0_17_ingress__parameterized0 is either unconnected or has no load
WARNING: [Synth 8-7129] Port s_sc_payld[199] in module sc_node_v1_0_17_ingress__parameterized0 is either unconnected or has no load
WARNING: [Synth 8-7129] Port s_sc_payld[198] in module sc_node_v1_0_17_ingress__parameterized0 is either unconnected or has no load
WARNING: [Synth 8-7129] Port s_sc_payld[197] in module sc_node_v1_0_17_ingress__parameterized0 is either unconnected or has no load
WARNING: [Synth 8-7129] Port s_sc_payld[196] in module sc_node_v1_0_17_ingress__parameterized0 is either unconnected or has no load
WARNING: [Synth 8-7129] Port s_sc_payld[195] in module sc_node_v1_0_17_ingress__parameterized0 is either unconnected or has no load
WARNING: [Synth 8-7129] Port s_sc_payld[194] in module sc_node_v1_0_17_ingress__parameterized0 is either unconnected or has no load
WARNING: [Synth 8-7129] Port s_sc_payld[193] in module sc_node_v1_0_17_ingress__parameterized0 is either unconnected or has no load
WARNING: [Synth 8-7129] Port s_sc_payld[192] in module sc_node_v1_0_17_ingress__parameterized0 is either unconnected or has no load
WARNING: [Synth 8-7129] Port s_sc_payld[191] in module sc_node_v1_0_17_ingress__parameterized0 is either unconnected or has no load
WARNING: [Synth 8-7129] Port s_sc_payld[190] in module sc_node_v1_0_17_ingress__parameterized0 is either unconnected or has no load
WARNING: [Synth 8-7129] Port s_sc_payld[189] in module sc_node_v1_0_17_ingress__parameterized0 is either unconnected or has no load
WARNING: [Synth 8-7129] Port s_sc_payld[188] in module sc_node_v1_0_17_ingress__parameterized0 is either unconnected or has no load
WARNING: [Synth 8-7129] Port s_sc_payld[187] in module sc_node_v1_0_17_ingress__parameterized0 is either unconnected or has no load
WARNING: [Synth 8-7129] Port s_sc_payld[186] in module sc_node_v1_0_17_ingress__parameterized0 is either unconnected or has no load
WARNING: [Synth 8-7129] Port s_sc_payld[185] in module sc_node_v1_0_17_ingress__parameterized0 is either unconnected or has no load
WARNING: [Synth 8-7129] Port s_sc_payld[184] in module sc_node_v1_0_17_ingress__parameterized0 is either unconnected or has no load
WARNING: [Synth 8-7129] Port s_sc_payld[183] in module sc_node_v1_0_17_ingress__parameterized0 is either unconnected or has no load
WARNING: [Synth 8-7129] Port s_sc_payld[182] in module sc_node_v1_0_17_ingress__parameterized0 is either unconnected or has no load
WARNING: [Synth 8-7129] Port s_sc_payld[181] in module sc_node_v1_0_17_ingress__parameterized0 is either unconnected or has no load
WARNING: [Synth 8-7129] Port s_sc_payld[180] in module sc_node_v1_0_17_ingress__parameterized0 is either unconnected or has no load
WARNING: [Synth 8-7129] Port s_sc_payld[179] in module sc_node_v1_0_17_ingress__parameterized0 is either unconnected or has no load
INFO: [Common 17-14] Message 'Synth 8-7129' appears 100 times and further instances of the messages will be disabled. Use the Tcl command set_msg_config to change the current settings.
---------------------------------------------------------------------------------
Finished RTL Elaboration : Time (s): cpu = 00:00:04 ; elapsed = 00:00:05 . Memory (MB): peak = 2807.398 ; gain = 295.496 ; free physical = 1529 ; free virtual = 48777
---------------------------------------------------------------------------------
---------------------------------------------------------------------------------
Start Handling Custom Attributes
---------------------------------------------------------------------------------
---------------------------------------------------------------------------------
Finished Handling Custom Attributes : Time (s): cpu = 00:00:04 ; elapsed = 00:00:05 . Memory (MB): peak = 2807.398 ; gain = 295.496 ; free physical = 1523 ; free virtual = 48777
---------------------------------------------------------------------------------
---------------------------------------------------------------------------------
Finished RTL Optimization Phase 1 : Time (s): cpu = 00:00:04 ; elapsed = 00:00:05 . Memory (MB): peak = 2807.398 ; gain = 295.496 ; free physical = 1523 ; free virtual = 48777
---------------------------------------------------------------------------------
Netlist sorting complete. Time (s): cpu = 00:00:00.29 ; elapsed = 00:00:00.28 . Memory (MB): peak = 2815.398 ; gain = 0.000 ; free physical = 1509 ; free virtual = 48756
INFO: [Netlist 29-17] Analyzing 13 Unisim elements for replacement
INFO: [Netlist 29-28] Unisim Transformation completed in 0 CPU seconds
INFO: [Project 1-570] Preparing netlist for logic optimization

Processing XDC Constraints
Initializing timing engine
Parsing XDC File [/home/researchadmin/ConvBlock/ConvBlock.gen/sources_1/bd/Redesign/ip/Redesign_axi_smc_gmem0_0/ooc.xdc] for cell 'inst'
Finished Parsing XDC File [/home/researchadmin/ConvBlock/ConvBlock.gen/sources_1/bd/Redesign/ip/Redesign_axi_smc_gmem0_0/ooc.xdc] for cell 'inst'
Parsing XDC File [/home/researchadmin/ConvBlock/ConvBlock.gen/sources_1/bd/Redesign/ip/Redesign_axi_smc_gmem0_0/bd_0/ip/ip_1/bd_96f4_psr_aclk_0_board.xdc] for cell 'inst/clk_map/psr_aclk/U0'
Finished Parsing XDC File [/home/researchadmin/ConvBlock/ConvBlock.gen/sources_1/bd/Redesign/ip/Redesign_axi_smc_gmem0_0/bd_0/ip/ip_1/bd_96f4_psr_aclk_0_board.xdc] for cell 'inst/clk_map/psr_aclk/U0'
Parsing XDC File [/home/researchadmin/ConvBlock/ConvBlock.gen/sources_1/bd/Redesign/ip/Redesign_axi_smc_gmem0_0/bd_0/ip/ip_1/bd_96f4_psr_aclk_0.xdc] for cell 'inst/clk_map/psr_aclk/U0'
Finished Parsing XDC File [/home/researchadmin/ConvBlock/ConvBlock.gen/sources_1/bd/Redesign/ip/Redesign_axi_smc_gmem0_0/bd_0/ip/ip_1/bd_96f4_psr_aclk_0.xdc] for cell 'inst/clk_map/psr_aclk/U0'
INFO: [Project 1-236] Implementation specific constraints were found while reading constraint file [/home/researchadmin/ConvBlock/ConvBlock.gen/sources_1/bd/Redesign/ip/Redesign_axi_smc_gmem0_0/bd_0/ip/ip_1/bd_96f4_psr_aclk_0.xdc]. These constraints will be ignored for synthesis but will be used in implementation. Impacted constraints are listed in the file [.Xil/Redesign_axi_smc_gmem0_0_propImpl.xdc].
Resolution: To avoid this warning, move constraints listed in [.Xil/Redesign_axi_smc_gmem0_0_propImpl.xdc] to another XDC file and exclude this new file from synthesis with the used_in_synthesis property (File Properties dialog in GUI) and re-run elaboration/synthesis.
Parsing XDC File [/home/researchadmin/ConvBlock/ConvBlock.gen/sources_1/bd/Redesign/ip/Redesign_axi_smc_gmem0_0/smartconnect.xdc] for cell 'inst'
Finished Parsing XDC File [/home/researchadmin/ConvBlock/ConvBlock.gen/sources_1/bd/Redesign/ip/Redesign_axi_smc_gmem0_0/smartconnect.xdc] for cell 'inst'
Parsing XDC File [/home/researchadmin/ConvBlock/ConvBlock.runs/Redesign_axi_smc_gmem0_0_synth_1/dont_touch.xdc]
Finished Parsing XDC File [/home/researchadmin/ConvBlock/ConvBlock.runs/Redesign_axi_smc_gmem0_0_synth_1/dont_touch.xdc]
INFO: [Project 1-236] Implementation specific constraints were found while reading constraint file [/mnt/FPGA_DISK/Xilinx/Vivado/2024.2/data/ip/xpm/xpm_memory/tcl/xpm_memory_xdc.tcl]. These constraints will be ignored for synthesis but will be used in implementation. Impacted constraints are listed in the file [.Xil/Redesign_axi_smc_gmem0_0_propImpl.xdc].
Resolution: To avoid this warning, move constraints listed in [.Xil/Redesign_axi_smc_gmem0_0_propImpl.xdc] to another XDC file and exclude this new file from synthesis with the used_in_synthesis property (File Properties dialog in GUI) and re-run elaboration/synthesis.
INFO: [Project 1-1714] 11 XPM XDC files have been applied to the design.
Completed Processing XDC Constraints

Netlist sorting complete. Time (s): cpu = 00:00:00 ; elapsed = 00:00:00 . Memory (MB): peak = 3030.023 ; gain = 0.000 ; free physical = 1372 ; free virtual = 48620
INFO: [Project 1-111] Unisim Transformation Summary:
  A total of 13 instances were transformed.
  FDR => FDRE: 12 instances
  SRL16 => SRL16E: 1 instance 

Constraint Validation Runtime : Time (s): cpu = 00:00:00.08 ; elapsed = 00:00:00.04 . Memory (MB): peak = 3035.961 ; gain = 5.938 ; free physical = 1372 ; free virtual = 48620
INFO: [Designutils 20-5008] Incremental synthesis strategy off
---------------------------------------------------------------------------------
Finished Constraint Validation : Time (s): cpu = 00:00:12 ; elapsed = 00:00:13 . Memory (MB): peak = 3035.961 ; gain = 524.059 ; free physical = 1100 ; free virtual = 48350
---------------------------------------------------------------------------------
---------------------------------------------------------------------------------
Start Loading Part and Timing Information
---------------------------------------------------------------------------------
Loading part: xczu9eg-ffvb1156-2-e
INFO: [Synth 8-6742] Reading net delay rules and data
---------------------------------------------------------------------------------
Finished Loading Part and Timing Information : Time (s): cpu = 00:00:12 ; elapsed = 00:00:13 . Memory (MB): peak = 3043.965 ; gain = 532.062 ; free physical = 1100 ; free virtual = 48350
---------------------------------------------------------------------------------
---------------------------------------------------------------------------------
Start Applying 'set_property' XDC Constraints
---------------------------------------------------------------------------------
Applied set_property KEEP_HIERARCHY = SOFT for inst. (constraint file  /home/researchadmin/ConvBlock/ConvBlock.runs/Redesign_axi_smc_gmem0_0_synth_1/dont_touch.xdc, line 56).
Applied set_property KEEP_HIERARCHY = SOFT for inst/s00_nodes/s00_ar_node/inst/m_sc_xpm_cdc_async_rst_inst. (constraint file  auto generated constraint).
Applied set_property KEEP_HIERARCHY = SOFT for inst/s00_nodes/s00_r_node/inst/m_sc_xpm_cdc_async_rst_inst. (constraint file  auto generated constraint).
Applied set_property KEEP_HIERARCHY = SOFT for inst/s00_nodes/s00_ar_node/inst/s_sc_xpm_cdc_async_rst_inst. (constraint file  auto generated constraint).
Applied set_property KEEP_HIERARCHY = SOFT for inst/s00_nodes/s00_r_node/inst/s_sc_xpm_cdc_async_rst_inst. (constraint file  auto generated constraint).
Applied set_property KEEP_HIERARCHY = SOFT for inst/m00_exit_pipeline/m00_exit/inst/xpm_cdc_async_rst_inst. (constraint file  auto generated constraint).
Applied set_property KEEP_HIERARCHY = SOFT for inst/s00_entry_pipeline/s00_mmu/inst/xpm_cdc_async_rst_inst. (constraint file  auto generated constraint).
Applied set_property KEEP_HIERARCHY = SOFT for inst/s00_entry_pipeline/s00_si_converter/inst/xpm_cdc_async_rst_inst. (constraint file  auto generated constraint).
Applied set_property KEEP_HIERARCHY = SOFT for inst/s00_entry_pipeline/s00_transaction_regulator/inst/xpm_cdc_async_rst_inst. (constraint file  auto generated constraint).
Applied set_property KEEP_HIERARCHY = SOFT for inst/s00_nodes/s00_ar_node/inst/inst_mi_handler/\gen_normal_area.inst_fifo_node_payld /\gen_xpm_memory_fifo.inst_fifo /\gen_mem_rep[0].inst_xpm_memory . (constraint file  auto generated constraint).
Applied set_property KEEP_HIERARCHY = SOFT for inst/s00_nodes/s00_r_node/inst/inst_mi_handler/\gen_normal_area.inst_fifo_node_payld /\gen_xpm_memory_fifo.inst_fifo /\gen_mem_rep[0].inst_xpm_memory . (constraint file  auto generated constraint).
Applied set_property KEEP_HIERARCHY = SOFT for inst/s00_nodes/s00_r_node/inst/inst_mi_handler/\gen_normal_area.inst_fifo_node_payld /\gen_xpm_memory_fifo.inst_fifo /\gen_mem_rep[1].inst_xpm_memory . (constraint file  auto generated constraint).
---------------------------------------------------------------------------------
Finished applying 'set_property' XDC Constraints : Time (s): cpu = 00:00:12 ; elapsed = 00:00:13 . Memory (MB): peak = 3043.965 ; gain = 532.062 ; free physical = 1095 ; free virtual = 48343
---------------------------------------------------------------------------------
INFO: [Synth 8-4490] FSM extraction disabled for register 'gen_pipelined.state_reg' through user attribute
INFO: [Synth 8-4490] FSM extraction disabled for register 'gen_pipelined.state_reg' through user attribute
INFO: [Synth 8-4490] FSM extraction disabled for register 'gen_pipelined.state_reg' through user attribute
INFO: [Synth 8-4490] FSM extraction disabled for register 'gen_pipelined.state_reg' through user attribute
INFO: [Synth 8-802] inferred FSM for state register 'gen_axi.gen_write.write_cs_reg' in module 'sc_mmu_v1_0_14_decerr_slave'
INFO: [Synth 8-802] inferred FSM for state register 'gen_endpoint.w_state_reg' in module 'sc_mmu_v1_0_14_top'
INFO: [Synth 8-4490] FSM extraction disabled for register 'gen_pipelined.state_reg' through user attribute
INFO: [Synth 8-4490] FSM extraction disabled for register 'gen_pipelined.state_reg' through user attribute
INFO: [Synth 8-4490] FSM extraction disabled for register 'gen_pipelined.state_reg' through user attribute
INFO: [Synth 8-4490] FSM extraction disabled for register 'gen_pipelined.state_reg' through user attribute
---------------------------------------------------------------------------------------------------
                   State |                     New Encoding |                Previous Encoding 
---------------------------------------------------------------------------------------------------
            P_WRITE_IDLE |                              001 |                               00
            P_WRITE_DATA |                              010 |                               01
            P_WRITE_RESP |                              100 |                               10
---------------------------------------------------------------------------------------------------
INFO: [Synth 8-3354] encoded FSM with state register 'gen_axi.gen_write.write_cs_reg' using encoding 'one-hot' in module 'sc_mmu_v1_0_14_decerr_slave'
---------------------------------------------------------------------------------------------------
                   State |                     New Encoding |                Previous Encoding 
---------------------------------------------------------------------------------------------------
                  iSTATE |                               00 | 00000000000000000000000000000000
*
                 W_STALL |                               01 | 00000000000000000000000000000001
               W_PENDING |                               10 | 00000000000000000000000000000010
                W_DECERR |                               11 | 00000000000000000000000000000011
---------------------------------------------------------------------------------------------------
INFO: [Synth 8-3354] encoded FSM with state register 'gen_endpoint.w_state_reg' using encoding 'sequential' in module 'sc_mmu_v1_0_14_top'
---------------------------------------------------------------------------------
Finished RTL Optimization Phase 2 : Time (s): cpu = 00:00:13 ; elapsed = 00:00:14 . Memory (MB): peak = 3043.965 ; gain = 532.062 ; free physical = 1002 ; free virtual = 48273
---------------------------------------------------------------------------------
---------------------------------------------------------------------------------
Start RTL Component Statistics 
---------------------------------------------------------------------------------
Detailed RTL Component Info : 
+---Adders : 
	   4 Input    8 Bit       Adders := 2     
	   2 Input    7 Bit       Adders := 2     
	   2 Input    6 Bit       Adders := 15    
	   2 Input    5 Bit       Adders := 3     
	   2 Input    4 Bit       Adders := 7     
	   2 Input    1 Bit       Adders := 1     
	   3 Input    1 Bit       Adders := 1     
+---XORs : 
	   2 Input      1 Bit         XORs := 24    
+---Registers : 
	             2178 Bit    Registers := 2     
	              188 Bit    Registers := 1     
	              147 Bit    Registers := 1     
	              146 Bit    Registers := 1     
	               47 Bit    Registers := 1     
	               33 Bit    Registers := 1     
	               32 Bit    Registers := 1     
	               18 Bit    Registers := 1     
	               14 Bit    Registers := 1     
	                8 Bit    Registers := 32    
	                7 Bit    Registers := 2     
	                6 Bit    Registers := 9     
	                5 Bit    Registers := 3     
	                4 Bit    Registers := 7     
	                3 Bit    Registers := 16    
	                2 Bit    Registers := 2     
	                1 Bit    Registers := 85    
+---Muxes : 
	   2 Input 2178 Bit        Muxes := 1     
	   2 Input   47 Bit        Muxes := 1     
	   2 Input   33 Bit        Muxes := 1     
	   2 Input   14 Bit        Muxes := 1     
	   2 Input    7 Bit        Muxes := 2     
	   6 Input    7 Bit        Muxes := 2     
	   2 Input    6 Bit        Muxes := 3     
	   4 Input    3 Bit        Muxes := 5     
	   2 Input    3 Bit        Muxes := 4     
	   2 Input    2 Bit        Muxes := 19    
	   4 Input    2 Bit        Muxes := 1     
	   2 Input    1 Bit        Muxes := 44    
	   6 Input    1 Bit        Muxes := 29    
	  12 Input    1 Bit        Muxes := 5     
	   3 Input    1 Bit        Muxes := 8     
	   4 Input    1 Bit        Muxes := 4     
	   7 Input    1 Bit        Muxes := 2     
	   5 Input    1 Bit        Muxes := 1     
---------------------------------------------------------------------------------
Finished RTL Component Statistics 
---------------------------------------------------------------------------------
---------------------------------------------------------------------------------
Start Part Resource Summary
---------------------------------------------------------------------------------
Part Resources:
DSPs: 2520 (col length:168)
BRAMs: 1824 (col length: RAMB18 168 RAMB36 84)
---------------------------------------------------------------------------------
Finished Part Resource Summary
---------------------------------------------------------------------------------
---------------------------------------------------------------------------------
Start Cross Boundary and Area Optimization
---------------------------------------------------------------------------------
WARNING: [Synth 8-7080] Parallel synthesis criteria is not met
WARNING: [Synth 8-3332] Sequential element (clk_map/psr_aclk/U0/EXT_LPF/ACTIVE_LOW_EXT.ACT_LO_EXT/GENERATE_LEVEL_P_S_CDC.SINGLE_BIT.CROSS_PLEVEL_IN2SCNDRY_IN_cdc_to) is unused and will be removed from module bd_96f4.
WARNING: [Synth 8-3332] Sequential element (clk_map/psr_aclk/U0/EXT_LPF/ACTIVE_LOW_EXT.ACT_LO_EXT/GENERATE_LEVEL_P_S_CDC.SINGLE_BIT.CROSS_PLEVEL_IN2SCNDRY_s_level_out_d2) is unused and will be removed from module bd_96f4.
WARNING: [Synth 8-3332] Sequential element (clk_map/psr_aclk/U0/EXT_LPF/ACTIVE_LOW_EXT.ACT_LO_EXT/GENERATE_LEVEL_P_S_CDC.SINGLE_BIT.CROSS_PLEVEL_IN2SCNDRY_s_level_out_d3) is unused and will be removed from module bd_96f4.
WARNING: [Synth 8-3332] Sequential element (clk_map/psr_aclk/U0/EXT_LPF/ACTIVE_LOW_EXT.ACT_LO_EXT/GENERATE_LEVEL_P_S_CDC.SINGLE_BIT.CROSS_PLEVEL_IN2SCNDRY_s_level_out_d4) is unused and will be removed from module bd_96f4.
WARNING: [Synth 8-3332] Sequential element (clk_map/psr_aclk/U0/EXT_LPF/ACTIVE_LOW_EXT.ACT_LO_EXT/GENERATE_LEVEL_P_S_CDC.SINGLE_BIT.CROSS_PLEVEL_IN2SCNDRY_s_level_out_d5) is unused and will be removed from module bd_96f4.
WARNING: [Synth 8-3332] Sequential element (clk_map/psr_aclk/U0/EXT_LPF/ACTIVE_LOW_EXT.ACT_LO_EXT/GENERATE_LEVEL_P_S_CDC.SINGLE_BIT.CROSS_PLEVEL_IN2SCNDRY_s_level_out_d6) is unused and will be removed from module bd_96f4.
WARNING: [Synth 8-3332] Sequential element (clk_map/psr_aclk/U0/EXT_LPF/ACTIVE_LOW_AUX.ACT_LO_AUX/GENERATE_LEVEL_P_S_CDC.SINGLE_BIT.CROSS_PLEVEL_IN2SCNDRY_s_level_out_d5) is unused and will be removed from module bd_96f4.
WARNING: [Synth 8-3332] Sequential element (clk_map/psr_aclk/U0/EXT_LPF/ACTIVE_LOW_AUX.ACT_LO_AUX/GENERATE_LEVEL_P_S_CDC.SINGLE_BIT.CROSS_PLEVEL_IN2SCNDRY_s_level_out_d6) is unused and will be removed from module bd_96f4.
WARNING: [Synth 8-3332] Sequential element (clk_map/psr_aclk/U0/FDRE_inst) is unused and will be removed from module bd_96f4.
WARNING: [Synth 8-3332] Sequential element (clk_map/psr_aclk/U0/BSR_OUT_DFF[0].FDRE_BSR) is unused and will be removed from module bd_96f4.
WARNING: [Synth 8-3332] Sequential element (clk_map/psr_aclk/U0/PR_OUT_DFF[0].FDRE_PER) is unused and will be removed from module bd_96f4.
WARNING: [Synth 8-3332] Sequential element (clk_map/psr_aclk/U0/ACTIVE_LOW_PR_OUT_DFF[0].FDRE_PER_N) is unused and will be removed from module bd_96f4.
INFO: [Synth 8-3332] Sequential element (gen_endpoint.decerr_slave_inst/FSM_onehot_gen_axi.gen_write.write_cs_reg[2]) is unused and will be removed from module sc_mmu_v1_0_14_top.
INFO: [Synth 8-3332] Sequential element (gen_endpoint.decerr_slave_inst/FSM_onehot_gen_axi.gen_write.write_cs_reg[1]) is unused and will be removed from module sc_mmu_v1_0_14_top.
INFO: [Synth 8-3332] Sequential element (gen_endpoint.decerr_slave_inst/FSM_onehot_gen_axi.gen_write.write_cs_reg[0]) is unused and will be removed from module sc_mmu_v1_0_14_top.
INFO: [Synth 8-3332] Sequential element (FSM_sequential_gen_endpoint.w_state_reg[1]) is unused and will be removed from module sc_mmu_v1_0_14_top.
INFO: [Synth 8-3332] Sequential element (FSM_sequential_gen_endpoint.w_state_reg[0]) is unused and will be removed from module sc_mmu_v1_0_14_top.
---------------------------------------------------------------------------------
Finished Cross Boundary and Area Optimization : Time (s): cpu = 00:00:16 ; elapsed = 00:00:16 . Memory (MB): peak = 3043.965 ; gain = 532.062 ; free physical = 649 ; free virtual = 47222
---------------------------------------------------------------------------------
---------------------------------------------------------------------------------
Start ROM, RAM, DSP, Shift Register and Retiming Reporting
---------------------------------------------------------------------------------

Distributed RAM: Preliminary Mapping Report (see note below)
+---------------------------------------------------------------------------------------------------------------------------------------------------------------------------+----------------------------------+----------------+----------------------+----------------+
|Module Name                                                                                                                                                                | RTL Object                       | Inference      | Size (Depth x Width) | Primitives     | 
+---------------------------------------------------------------------------------------------------------------------------------------------------------------------------+----------------------------------+----------------+----------------------+----------------+
|inst/\s00_nodes/s00_ar_node/inst /\inst_mi_handler/gen_normal_area.inst_fifo_node_payld/gen_xpm_memory_fifo.inst_fifo/gen_mem_rep[0].inst_xpm_memory /xpm_memory_base_inst | gen_wr_a.gen_word_narrow.mem_reg | User Attribute | 32 x 188             | RAM32M16 x 14  | 
|inst/\s00_nodes/s00_r_node/inst /\inst_mi_handler/gen_normal_area.inst_fifo_node_payld/gen_xpm_memory_fifo.inst_fifo/gen_mem_rep[0].inst_xpm_memory /xpm_memory_base_inst  | gen_wr_a.gen_word_narrow.mem_reg | User Attribute | 32 x 147             | RAM32M16 x 11  | 
|inst/\s00_nodes/s00_r_node/inst /\inst_mi_handler/gen_normal_area.inst_fifo_node_payld/gen_xpm_memory_fifo.inst_fifo/gen_mem_rep[1].inst_xpm_memory /xpm_memory_base_inst  | gen_wr_a.gen_word_narrow.mem_reg | User Attribute | 32 x 146             | RAM32M16 x 11  | 
+---------------------------------------------------------------------------------------------------------------------------------------------------------------------------+----------------------------------+----------------+----------------------+----------------+

Note: The table above is a preliminary report that shows the Distributed RAMs at the current stage of the synthesis flow. Some Distributed RAMs may be reimplemented as non Distributed RAM primitives later in the synthesis flow. Multiple instantiated RAMs are reported only once.
---------------------------------------------------------------------------------
Finished ROM, RAM, DSP, Shift Register and Retiming Reporting
---------------------------------------------------------------------------------
---------------------------------------------------------------------------------
Start Applying XDC Timing Constraints
---------------------------------------------------------------------------------
---------------------------------------------------------------------------------
Finished Applying XDC Timing Constraints : Time (s): cpu = 00:00:21 ; elapsed = 00:00:21 . Memory (MB): peak = 3525.547 ; gain = 1013.645 ; free physical = 466 ; free virtual = 45275
---------------------------------------------------------------------------------
---------------------------------------------------------------------------------
Start Timing Optimization
---------------------------------------------------------------------------------
---------------------------------------------------------------------------------
Finished Timing Optimization : Time (s): cpu = 00:00:21 ; elapsed = 00:00:22 . Memory (MB): peak = 3558.594 ; gain = 1046.691 ; free physical = 469 ; free virtual = 45108
---------------------------------------------------------------------------------
---------------------------------------------------------------------------------
Start ROM, RAM, DSP, Shift Register and Retiming Reporting
---------------------------------------------------------------------------------

Distributed RAM: Final Mapping Report
+---------------------------------------------------------------------------------------------------------------------------------------------------------------------------+----------------------------------+----------------+----------------------+----------------+
|Module Name                                                                                                                                                                | RTL Object                       | Inference      | Size (Depth x Width) | Primitives     | 
+---------------------------------------------------------------------------------------------------------------------------------------------------------------------------+----------------------------------+----------------+----------------------+----------------+
|inst/\s00_nodes/s00_ar_node/inst /\inst_mi_handler/gen_normal_area.inst_fifo_node_payld/gen_xpm_memory_fifo.inst_fifo/gen_mem_rep[0].inst_xpm_memory /xpm_memory_base_inst | gen_wr_a.gen_word_narrow.mem_reg | User Attribute | 32 x 188             | RAM32M16 x 14  | 
|inst/\s00_nodes/s00_r_node/inst /\inst_mi_handler/gen_normal_area.inst_fifo_node_payld/gen_xpm_memory_fifo.inst_fifo/gen_mem_rep[0].inst_xpm_memory /xpm_memory_base_inst  | gen_wr_a.gen_word_narrow.mem_reg | User Attribute | 32 x 147             | RAM32M16 x 11  | 
|inst/\s00_nodes/s00_r_node/inst /\inst_mi_handler/gen_normal_area.inst_fifo_node_payld/gen_xpm_memory_fifo.inst_fifo/gen_mem_rep[1].inst_xpm_memory /xpm_memory_base_inst  | gen_wr_a.gen_word_narrow.mem_reg | User Attribute | 32 x 146             | RAM32M16 x 11  | 
+---------------------------------------------------------------------------------------------------------------------------------------------------------------------------+----------------------------------+----------------+----------------------+----------------+

---------------------------------------------------------------------------------
Finished ROM, RAM, DSP, Shift Register and Retiming Reporting
---------------------------------------------------------------------------------
---------------------------------------------------------------------------------
Start Technology Mapping
---------------------------------------------------------------------------------
---------------------------------------------------------------------------------
Finished Technology Mapping : Time (s): cpu = 00:00:21 ; elapsed = 00:00:22 . Memory (MB): peak = 3566.602 ; gain = 1054.699 ; free physical = 483 ; free virtual = 44992
---------------------------------------------------------------------------------
---------------------------------------------------------------------------------
Start IO Insertion
---------------------------------------------------------------------------------
---------------------------------------------------------------------------------
Start Flattening Before IO Insertion
---------------------------------------------------------------------------------
---------------------------------------------------------------------------------
Finished Flattening Before IO Insertion
---------------------------------------------------------------------------------
---------------------------------------------------------------------------------
Start Final Netlist Cleanup
---------------------------------------------------------------------------------
---------------------------------------------------------------------------------
Finished Final Netlist Cleanup
---------------------------------------------------------------------------------
---------------------------------------------------------------------------------
Finished IO Insertion : Time (s): cpu = 00:00:23 ; elapsed = 00:00:24 . Memory (MB): peak = 3701.414 ; gain = 1189.512 ; free physical = 455 ; free virtual = 44634
---------------------------------------------------------------------------------
---------------------------------------------------------------------------------
Start Renaming Generated Instances
---------------------------------------------------------------------------------
---------------------------------------------------------------------------------
Finished Renaming Generated Instances : Time (s): cpu = 00:00:23 ; elapsed = 00:00:24 . Memory (MB): peak = 3701.414 ; gain = 1189.512 ; free physical = 443 ; free virtual = 44622
---------------------------------------------------------------------------------
---------------------------------------------------------------------------------
Start Rebuilding User Hierarchy
---------------------------------------------------------------------------------
---------------------------------------------------------------------------------
Finished Rebuilding User Hierarchy : Time (s): cpu = 00:00:23 ; elapsed = 00:00:24 . Memory (MB): peak = 3701.414 ; gain = 1189.512 ; free physical = 500 ; free virtual = 44598
---------------------------------------------------------------------------------
---------------------------------------------------------------------------------
Start Renaming Generated Ports
---------------------------------------------------------------------------------
---------------------------------------------------------------------------------
Finished Renaming Generated Ports : Time (s): cpu = 00:00:23 ; elapsed = 00:00:24 . Memory (MB): peak = 3701.414 ; gain = 1189.512 ; free physical = 505 ; free virtual = 44599
---------------------------------------------------------------------------------
---------------------------------------------------------------------------------
Start Handling Custom Attributes
---------------------------------------------------------------------------------
---------------------------------------------------------------------------------
Finished Handling Custom Attributes : Time (s): cpu = 00:00:23 ; elapsed = 00:00:24 . Memory (MB): peak = 3701.414 ; gain = 1189.512 ; free physical = 515 ; free virtual = 44603
---------------------------------------------------------------------------------
---------------------------------------------------------------------------------
Start Renaming Generated Nets
---------------------------------------------------------------------------------
---------------------------------------------------------------------------------
Finished Renaming Generated Nets : Time (s): cpu = 00:00:23 ; elapsed = 00:00:24 . Memory (MB): peak = 3701.414 ; gain = 1189.512 ; free physical = 507 ; free virtual = 44595
---------------------------------------------------------------------------------
---------------------------------------------------------------------------------
Start ROM, RAM, DSP, Shift Register and Retiming Reporting
---------------------------------------------------------------------------------

Dynamic Shift Register Report:
+------------+---------------+--------+------------+--------+---------+--------+--------+--------+
|Module Name | RTL Name      | Length | Data Width | SRL16E | SRLC32E | Mux F7 | Mux F8 | Mux F9 | 
+------------+---------------+--------+------------+--------+---------+--------+--------+--------+
|dsrl        | shift_reg_reg | 16     | 1          | 1      | 0       | 0      | 0      | 0      | 
+------------+---------------+--------+------------+--------+---------+--------+--------+--------+

---------------------------------------------------------------------------------
Finished ROM, RAM, DSP, Shift Register and Retiming Reporting
---------------------------------------------------------------------------------
---------------------------------------------------------------------------------
Start Writing Synthesis Report
---------------------------------------------------------------------------------

Report BlackBoxes: 
+-+--------------+----------+
| |BlackBox name |Instances |
+-+--------------+----------+
+-+--------------+----------+

Report Cell Usage: 
+------+---------+------+
|      |Cell     |Count |
+------+---------+------+
|1     |LUT1     |    39|
|2     |LUT2     |    30|
|3     |LUT3     |    31|
|4     |LUT4     |    51|
|5     |LUT5     |    51|
|6     |LUT6     |    71|
|7     |RAM32M16 |    29|
|8     |SRL16    |     1|
|9     |SRL16E   |     6|
|10    |FDCE     |    24|
|11    |FDR      |     4|
|12    |FDRE     |   703|
|13    |FDSE     |    25|
+------+---------+------+
---------------------------------------------------------------------------------
Finished Writing Synthesis Report : Time (s): cpu = 00:00:23 ; elapsed = 00:00:24 . Memory (MB): peak = 3701.414 ; gain = 1189.512 ; free physical = 507 ; free virtual = 44595
---------------------------------------------------------------------------------
Synthesis finished with 0 errors, 0 critical warnings and 14075 warnings.
Synthesis Optimization Runtime : Time (s): cpu = 00:00:18 ; elapsed = 00:00:19 . Memory (MB): peak = 3701.414 ; gain = 960.949 ; free physical = 498 ; free virtual = 44509
Synthesis Optimization Complete : Time (s): cpu = 00:00:23 ; elapsed = 00:00:24 . Memory (MB): peak = 3701.414 ; gain = 1189.512 ; free physical = 501 ; free virtual = 44511
INFO: [Project 1-571] Translating synthesized netlist
Netlist sorting complete. Time (s): cpu = 00:00:00.07 ; elapsed = 00:00:00.07 . Memory (MB): peak = 3701.414 ; gain = 0.000 ; free physical = 4118 ; free virtual = 48128
INFO: [Netlist 29-17] Analyzing 34 Unisim elements for replacement
INFO: [Netlist 29-28] Unisim Transformation completed in 0 CPU seconds
INFO: [Project 1-570] Preparing netlist for logic optimization
INFO: [Opt 31-138] Pushed 0 inverter(s) to 0 load pin(s).
Netlist sorting complete. Time (s): cpu = 00:00:00 ; elapsed = 00:00:00 . Memory (MB): peak = 3701.414 ; gain = 0.000 ; free physical = 4137 ; free virtual = 48151
INFO: [Project 1-111] Unisim Transformation Summary:
  A total of 34 instances were transformed.
  FDR => FDRE: 4 instances
  RAM32M16 => RAM32M16 (RAMD32(x14), RAMS32(x2)): 29 instances
  SRL16 => SRL16E: 1 instance 

Synth Design complete | Checksum: ec11abe1
INFO: [Common 17-83] Releasing license: Synthesis
125 Infos, 123 Warnings, 0 Critical Warnings and 0 Errors encountered.
synth_design completed successfully
synth_design: Time (s): cpu = 00:00:28 ; elapsed = 00:00:28 . Memory (MB): peak = 3701.414 ; gain = 2151.859 ; free physical = 4320 ; free virtual = 48335
INFO: [Common 17-2834] synth_design peak Physical Memory [PSS] (MB): overall = 2619.297; main = 2619.297; forked = 185.670
INFO: [Common 17-2834] synth_design peak Virtual Memory [VSS] (MB): overall = 4298.383; main = 3683.613; forked = 908.113
Write ShapeDB Complete: Time (s): cpu = 00:00:00 ; elapsed = 00:00:00 . Memory (MB): peak = 3707.621 ; gain = 0.000 ; free physical = 4317 ; free virtual = 48333
INFO: [Common 17-1381] The checkpoint '/home/researchadmin/ConvBlock/ConvBlock.runs/Redesign_axi_smc_gmem0_0_synth_1/Redesign_axi_smc_gmem0_0.dcp' has been generated.
INFO: [Coretcl 2-1648] Added synthesis output to IP cache for IP Redesign_axi_smc_gmem0_0, cache-ID = 4a5b471ab72f92b9
INFO: [Coretcl 2-1174] Renamed 70 cell refs.
Write ShapeDB Complete: Time (s): cpu = 00:00:00.01 ; elapsed = 00:00:00 . Memory (MB): peak = 3707.621 ; gain = 0.000 ; free physical = 4100 ; free virtual = 48102
INFO: [Common 17-1381] The checkpoint '/home/researchadmin/ConvBlock/ConvBlock.runs/Redesign_axi_smc_gmem0_0_synth_1/Redesign_axi_smc_gmem0_0.dcp' has been generated.
INFO: [Vivado 12-24828] Executing command : report_utilization -file Redesign_axi_smc_gmem0_0_utilization_synth.rpt -pb Redesign_axi_smc_gmem0_0_utilization_synth.pb
INFO: [Common 17-206] Exiting Vivado at Wed Feb 18 10:00:31 2026...
