
*** Running vivado
    with args -log Redesign_zynq_ultra_ps_e_0_0.vds -m64 -product Vivado -mode batch -messageDb vivado.pb -notrace -source Redesign_zynq_ultra_ps_e_0_0.tcl


****** Vivado v2024.2 (64-bit)
  **** SW Build 5239630 on Fri Nov 08 22:34:34 MST 2024
  **** IP Build 5239520 on Sun Nov 10 16:12:51 MST 2024
  **** SharedData Build 5239561 on Fri Nov 08 14:39:27 MST 2024
  **** Start of session at: Wed Feb 18 09:59:54 2026
    ** Copyright 1986-2022 Xilinx, Inc. All Rights Reserved.
    ** Copyright 2022-2024 Advanced Micro Devices, Inc. All Rights Reserved.

source Redesign_zynq_ultra_ps_e_0_0.tcl -notrace
INFO: [IP_Flow 19-234] Refreshing IP repositories
INFO: [IP_Flow 19-1700] Loaded user IP repository '/home/researchadmin/korino/arm/hls/conv_engine_hls/solution1/impl'.
INFO: [IP_Flow 19-1700] Loaded user IP repository '/home/researchadmin/korino/arm/hls/9feb/tinyyolo_zcu102/solution1/impl'.
INFO: [IP_Flow 19-1700] Loaded user IP repository '/home/researchadmin/korino/arm/hls/11feb/tinyyolo_zcu102/solution1/impl/ip'.
INFO: [IP_Flow 19-1700] Loaded user IP repository '/home/researchadmin/korino/arm/hls/13feb/tinyyolo_zcu102/solution1/impl/ip'.
INFO: [IP_Flow 19-1700] Loaded user IP repository '/home/researchadmin/korino/arm/hls/16feb/tinyyolo_zcu102/solution1/impl/ip'.
INFO: [IP_Flow 19-1700] Loaded user IP repository '/home/researchadmin/korino/arm/hls/16feb/tinyyolo_zcu102_v3/solution1/impl/ip'.
INFO: [IP_Flow 19-2313] Loaded Vivado IP repository '/mnt/FPGA_DISK/Xilinx/Vivado/2024.2/data/ip'.
WARNING: [IP_Flow 19-1663] Duplicate IP found for 'User:hls:conv_engine:1.0'. The one found in IP location '/home/researchadmin/korino/arm/hls/16feb/tinyyolo_zcu102/solution1/impl/ip' will take precedence over the same IP in locations: 
   /home/researchadmin/korino/arm/hls/9feb/tinyyolo_zcu102/solution1/impl/ip
   /home/researchadmin/korino/arm/hls/11feb/tinyyolo_zcu102/solution1/impl/ip
   /home/researchadmin/korino/arm/hls/13feb/tinyyolo_zcu102/solution1/impl/ip
WARNING: [IP_Flow 19-1663] Duplicate IP found for 'xilinx.com:hls:conv_engine:1.0'. The one found in IP location '/home/researchadmin/korino/arm/hls/16feb/tinyyolo_zcu102_v3/solution1/impl/ip' will take precedence over the same IP in location /home/researchadmin/korino/arm/hls/16feb/tinyyolo_zcu102/solution1/impl/ip/export
INFO: [IP_Flow 19-6924] IPCACHE: Running cache check for IP inst: Redesign_zynq_ultra_ps_e_0_0
Command: synth_design -top Redesign_zynq_ultra_ps_e_0_0 -part xczu9eg-ffvb1156-2-e -incremental_mode off -mode out_of_context
Starting synth_design
Attempting to get a license for feature 'Synthesis' and/or device 'xczu9eg'
INFO: [Common 17-349] Got license for feature 'Synthesis' and/or device 'xczu9eg'
INFO: [Device 21-403] Loading part xczu9eg-ffvb1156-2-e
INFO: [Synth 8-7079] Multithreading enabled for synth_design using a maximum of 7 processes.
INFO: [Synth 8-7078] Launching helper process for spawning children vivado processes
INFO: [Synth 8-7075] Helper process launched with PID 2859979
---------------------------------------------------------------------------------
Starting RTL Elaboration : Time (s): cpu = 00:00:02 ; elapsed = 00:00:02 . Memory (MB): peak = 2640.551 ; gain = 121.559 ; free physical = 2238 ; free virtual = 49471
---------------------------------------------------------------------------------
INFO: [Synth 8-11241] undeclared symbol 'dp_audi_ref_clk', assumed default net type 'wire' [/home/researchadmin/ConvBlock/ConvBlock.gen/sources_1/bd/Redesign/ip/Redesign_zynq_ultra_ps_e_0_0/hdl/zynq_ultra_ps_e_v3_5_5.v:2520]
INFO: [Synth 8-6157] synthesizing module 'Redesign_zynq_ultra_ps_e_0_0' [/home/researchadmin/ConvBlock/ConvBlock.gen/sources_1/bd/Redesign/ip/Redesign_zynq_ultra_ps_e_0_0/synth/Redesign_zynq_ultra_ps_e_0_0.v:53]
INFO: [Synth 8-6157] synthesizing module 'zynq_ultra_ps_e_v3_5_5_zynq_ultra_ps_e' [/home/researchadmin/ConvBlock/ConvBlock.gen/sources_1/bd/Redesign/ip/Redesign_zynq_ultra_ps_e_0_0/hdl/zynq_ultra_ps_e_v3_5_5.v:68]
INFO: [Synth 8-6157] synthesizing module 'BUFG_PS' [/mnt/FPGA_DISK/Xilinx/Vivado/2024.2/scripts/rt/data/unisim_comp.v:2912]
INFO: [Synth 8-6155] done synthesizing module 'BUFG_PS' (0#1) [/mnt/FPGA_DISK/Xilinx/Vivado/2024.2/scripts/rt/data/unisim_comp.v:2912]
INFO: [Synth 8-6157] synthesizing module 'PS8' [/mnt/FPGA_DISK/Xilinx/Vivado/2024.2/scripts/rt/data/unisim_comp.v:125226]
INFO: [Synth 8-6155] done synthesizing module 'PS8' (0#1) [/mnt/FPGA_DISK/Xilinx/Vivado/2024.2/scripts/rt/data/unisim_comp.v:125226]
WARNING: [Synth 8-689] width (5) of port connection 'EMIOSDIO0DATAIN' does not match port width (8) of module 'PS8' [/home/researchadmin/ConvBlock/ConvBlock.gen/sources_1/bd/Redesign/ip/Redesign_zynq_ultra_ps_e_0_0/hdl/zynq_ultra_ps_e_v3_5_5.v:4704]
WARNING: [Synth 8-689] width (5) of port connection 'EMIOSDIO0DATAOUT' does not match port width (8) of module 'PS8' [/home/researchadmin/ConvBlock/ConvBlock.gen/sources_1/bd/Redesign/ip/Redesign_zynq_ultra_ps_e_0_0/hdl/zynq_ultra_ps_e_v3_5_5.v:4705]
WARNING: [Synth 8-689] width (5) of port connection 'EMIOSDIO0DATAENA' does not match port width (8) of module 'PS8' [/home/researchadmin/ConvBlock/ConvBlock.gen/sources_1/bd/Redesign/ip/Redesign_zynq_ultra_ps_e_0_0/hdl/zynq_ultra_ps_e_v3_5_5.v:4706]
WARNING: [Synth 8-7071] port 'PSS_ALTO_CORE_PAD_MGTTXN0OUT' of module 'PS8' is unconnected for instance 'PS8_i' [/home/researchadmin/ConvBlock/ConvBlock.gen/sources_1/bd/Redesign/ip/Redesign_zynq_ultra_ps_e_0_0/hdl/zynq_ultra_ps_e_v3_5_5.v:3895]
WARNING: [Synth 8-7071] port 'PSS_ALTO_CORE_PAD_MGTTXN1OUT' of module 'PS8' is unconnected for instance 'PS8_i' [/home/researchadmin/ConvBlock/ConvBlock.gen/sources_1/bd/Redesign/ip/Redesign_zynq_ultra_ps_e_0_0/hdl/zynq_ultra_ps_e_v3_5_5.v:3895]
WARNING: [Synth 8-7071] port 'PSS_ALTO_CORE_PAD_MGTTXN2OUT' of module 'PS8' is unconnected for instance 'PS8_i' [/home/researchadmin/ConvBlock/ConvBlock.gen/sources_1/bd/Redesign/ip/Redesign_zynq_ultra_ps_e_0_0/hdl/zynq_ultra_ps_e_v3_5_5.v:3895]
WARNING: [Synth 8-7071] port 'PSS_ALTO_CORE_PAD_MGTTXN3OUT' of module 'PS8' is unconnected for instance 'PS8_i' [/home/researchadmin/ConvBlock/ConvBlock.gen/sources_1/bd/Redesign/ip/Redesign_zynq_ultra_ps_e_0_0/hdl/zynq_ultra_ps_e_v3_5_5.v:3895]
WARNING: [Synth 8-7071] port 'PSS_ALTO_CORE_PAD_MGTTXP0OUT' of module 'PS8' is unconnected for instance 'PS8_i' [/home/researchadmin/ConvBlock/ConvBlock.gen/sources_1/bd/Redesign/ip/Redesign_zynq_ultra_ps_e_0_0/hdl/zynq_ultra_ps_e_v3_5_5.v:3895]
WARNING: [Synth 8-7071] port 'PSS_ALTO_CORE_PAD_MGTTXP1OUT' of module 'PS8' is unconnected for instance 'PS8_i' [/home/researchadmin/ConvBlock/ConvBlock.gen/sources_1/bd/Redesign/ip/Redesign_zynq_ultra_ps_e_0_0/hdl/zynq_ultra_ps_e_v3_5_5.v:3895]
WARNING: [Synth 8-7071] port 'PSS_ALTO_CORE_PAD_MGTTXP2OUT' of module 'PS8' is unconnected for instance 'PS8_i' [/home/researchadmin/ConvBlock/ConvBlock.gen/sources_1/bd/Redesign/ip/Redesign_zynq_ultra_ps_e_0_0/hdl/zynq_ultra_ps_e_v3_5_5.v:3895]
WARNING: [Synth 8-7071] port 'PSS_ALTO_CORE_PAD_MGTTXP3OUT' of module 'PS8' is unconnected for instance 'PS8_i' [/home/researchadmin/ConvBlock/ConvBlock.gen/sources_1/bd/Redesign/ip/Redesign_zynq_ultra_ps_e_0_0/hdl/zynq_ultra_ps_e_v3_5_5.v:3895]
WARNING: [Synth 8-7071] port 'PSS_ALTO_CORE_PAD_PADO' of module 'PS8' is unconnected for instance 'PS8_i' [/home/researchadmin/ConvBlock/ConvBlock.gen/sources_1/bd/Redesign/ip/Redesign_zynq_ultra_ps_e_0_0/hdl/zynq_ultra_ps_e_v3_5_5.v:3895]
WARNING: [Synth 8-7071] port 'PSS_ALTO_CORE_PAD_BOOTMODE' of module 'PS8' is unconnected for instance 'PS8_i' [/home/researchadmin/ConvBlock/ConvBlock.gen/sources_1/bd/Redesign/ip/Redesign_zynq_ultra_ps_e_0_0/hdl/zynq_ultra_ps_e_v3_5_5.v:3895]
WARNING: [Synth 8-7071] port 'PSS_ALTO_CORE_PAD_CLK' of module 'PS8' is unconnected for instance 'PS8_i' [/home/researchadmin/ConvBlock/ConvBlock.gen/sources_1/bd/Redesign/ip/Redesign_zynq_ultra_ps_e_0_0/hdl/zynq_ultra_ps_e_v3_5_5.v:3895]
WARNING: [Synth 8-7071] port 'PSS_ALTO_CORE_PAD_DONEB' of module 'PS8' is unconnected for instance 'PS8_i' [/home/researchadmin/ConvBlock/ConvBlock.gen/sources_1/bd/Redesign/ip/Redesign_zynq_ultra_ps_e_0_0/hdl/zynq_ultra_ps_e_v3_5_5.v:3895]
WARNING: [Synth 8-7071] port 'PSS_ALTO_CORE_PAD_DRAMA' of module 'PS8' is unconnected for instance 'PS8_i' [/home/researchadmin/ConvBlock/ConvBlock.gen/sources_1/bd/Redesign/ip/Redesign_zynq_ultra_ps_e_0_0/hdl/zynq_ultra_ps_e_v3_5_5.v:3895]
WARNING: [Synth 8-7071] port 'PSS_ALTO_CORE_PAD_DRAMACTN' of module 'PS8' is unconnected for instance 'PS8_i' [/home/researchadmin/ConvBlock/ConvBlock.gen/sources_1/bd/Redesign/ip/Redesign_zynq_ultra_ps_e_0_0/hdl/zynq_ultra_ps_e_v3_5_5.v:3895]
WARNING: [Synth 8-7071] port 'PSS_ALTO_CORE_PAD_DRAMALERTN' of module 'PS8' is unconnected for instance 'PS8_i' [/home/researchadmin/ConvBlock/ConvBlock.gen/sources_1/bd/Redesign/ip/Redesign_zynq_ultra_ps_e_0_0/hdl/zynq_ultra_ps_e_v3_5_5.v:3895]
WARNING: [Synth 8-7071] port 'PSS_ALTO_CORE_PAD_DRAMBA' of module 'PS8' is unconnected for instance 'PS8_i' [/home/researchadmin/ConvBlock/ConvBlock.gen/sources_1/bd/Redesign/ip/Redesign_zynq_ultra_ps_e_0_0/hdl/zynq_ultra_ps_e_v3_5_5.v:3895]
WARNING: [Synth 8-7071] port 'PSS_ALTO_CORE_PAD_DRAMBG' of module 'PS8' is unconnected for instance 'PS8_i' [/home/researchadmin/ConvBlock/ConvBlock.gen/sources_1/bd/Redesign/ip/Redesign_zynq_ultra_ps_e_0_0/hdl/zynq_ultra_ps_e_v3_5_5.v:3895]
WARNING: [Synth 8-7071] port 'PSS_ALTO_CORE_PAD_DRAMCK' of module 'PS8' is unconnected for instance 'PS8_i' [/home/researchadmin/ConvBlock/ConvBlock.gen/sources_1/bd/Redesign/ip/Redesign_zynq_ultra_ps_e_0_0/hdl/zynq_ultra_ps_e_v3_5_5.v:3895]
WARNING: [Synth 8-7071] port 'PSS_ALTO_CORE_PAD_DRAMCKE' of module 'PS8' is unconnected for instance 'PS8_i' [/home/researchadmin/ConvBlock/ConvBlock.gen/sources_1/bd/Redesign/ip/Redesign_zynq_ultra_ps_e_0_0/hdl/zynq_ultra_ps_e_v3_5_5.v:3895]
WARNING: [Synth 8-7071] port 'PSS_ALTO_CORE_PAD_DRAMCKN' of module 'PS8' is unconnected for instance 'PS8_i' [/home/researchadmin/ConvBlock/ConvBlock.gen/sources_1/bd/Redesign/ip/Redesign_zynq_ultra_ps_e_0_0/hdl/zynq_ultra_ps_e_v3_5_5.v:3895]
WARNING: [Synth 8-7071] port 'PSS_ALTO_CORE_PAD_DRAMCSN' of module 'PS8' is unconnected for instance 'PS8_i' [/home/researchadmin/ConvBlock/ConvBlock.gen/sources_1/bd/Redesign/ip/Redesign_zynq_ultra_ps_e_0_0/hdl/zynq_ultra_ps_e_v3_5_5.v:3895]
WARNING: [Synth 8-7071] port 'PSS_ALTO_CORE_PAD_DRAMDM' of module 'PS8' is unconnected for instance 'PS8_i' [/home/researchadmin/ConvBlock/ConvBlock.gen/sources_1/bd/Redesign/ip/Redesign_zynq_ultra_ps_e_0_0/hdl/zynq_ultra_ps_e_v3_5_5.v:3895]
WARNING: [Synth 8-7071] port 'PSS_ALTO_CORE_PAD_DRAMDQ' of module 'PS8' is unconnected for instance 'PS8_i' [/home/researchadmin/ConvBlock/ConvBlock.gen/sources_1/bd/Redesign/ip/Redesign_zynq_ultra_ps_e_0_0/hdl/zynq_ultra_ps_e_v3_5_5.v:3895]
WARNING: [Synth 8-7071] port 'PSS_ALTO_CORE_PAD_DRAMDQS' of module 'PS8' is unconnected for instance 'PS8_i' [/home/researchadmin/ConvBlock/ConvBlock.gen/sources_1/bd/Redesign/ip/Redesign_zynq_ultra_ps_e_0_0/hdl/zynq_ultra_ps_e_v3_5_5.v:3895]
WARNING: [Synth 8-7071] port 'PSS_ALTO_CORE_PAD_DRAMDQSN' of module 'PS8' is unconnected for instance 'PS8_i' [/home/researchadmin/ConvBlock/ConvBlock.gen/sources_1/bd/Redesign/ip/Redesign_zynq_ultra_ps_e_0_0/hdl/zynq_ultra_ps_e_v3_5_5.v:3895]
WARNING: [Synth 8-7071] port 'PSS_ALTO_CORE_PAD_DRAMODT' of module 'PS8' is unconnected for instance 'PS8_i' [/home/researchadmin/ConvBlock/ConvBlock.gen/sources_1/bd/Redesign/ip/Redesign_zynq_ultra_ps_e_0_0/hdl/zynq_ultra_ps_e_v3_5_5.v:3895]
WARNING: [Synth 8-7071] port 'PSS_ALTO_CORE_PAD_DRAMPARITY' of module 'PS8' is unconnected for instance 'PS8_i' [/home/researchadmin/ConvBlock/ConvBlock.gen/sources_1/bd/Redesign/ip/Redesign_zynq_ultra_ps_e_0_0/hdl/zynq_ultra_ps_e_v3_5_5.v:3895]
WARNING: [Synth 8-7071] port 'PSS_ALTO_CORE_PAD_DRAMRAMRSTN' of module 'PS8' is unconnected for instance 'PS8_i' [/home/researchadmin/ConvBlock/ConvBlock.gen/sources_1/bd/Redesign/ip/Redesign_zynq_ultra_ps_e_0_0/hdl/zynq_ultra_ps_e_v3_5_5.v:3895]
WARNING: [Synth 8-7071] port 'PSS_ALTO_CORE_PAD_ERROROUT' of module 'PS8' is unconnected for instance 'PS8_i' [/home/researchadmin/ConvBlock/ConvBlock.gen/sources_1/bd/Redesign/ip/Redesign_zynq_ultra_ps_e_0_0/hdl/zynq_ultra_ps_e_v3_5_5.v:3895]
WARNING: [Synth 8-7071] port 'PSS_ALTO_CORE_PAD_ERRORSTATUS' of module 'PS8' is unconnected for instance 'PS8_i' [/home/researchadmin/ConvBlock/ConvBlock.gen/sources_1/bd/Redesign/ip/Redesign_zynq_ultra_ps_e_0_0/hdl/zynq_ultra_ps_e_v3_5_5.v:3895]
WARNING: [Synth 8-7071] port 'PSS_ALTO_CORE_PAD_INITB' of module 'PS8' is unconnected for instance 'PS8_i' [/home/researchadmin/ConvBlock/ConvBlock.gen/sources_1/bd/Redesign/ip/Redesign_zynq_ultra_ps_e_0_0/hdl/zynq_ultra_ps_e_v3_5_5.v:3895]
WARNING: [Synth 8-7071] port 'PSS_ALTO_CORE_PAD_JTAGTCK' of module 'PS8' is unconnected for instance 'PS8_i' [/home/researchadmin/ConvBlock/ConvBlock.gen/sources_1/bd/Redesign/ip/Redesign_zynq_ultra_ps_e_0_0/hdl/zynq_ultra_ps_e_v3_5_5.v:3895]
WARNING: [Synth 8-7071] port 'PSS_ALTO_CORE_PAD_JTAGTDI' of module 'PS8' is unconnected for instance 'PS8_i' [/home/researchadmin/ConvBlock/ConvBlock.gen/sources_1/bd/Redesign/ip/Redesign_zynq_ultra_ps_e_0_0/hdl/zynq_ultra_ps_e_v3_5_5.v:3895]
WARNING: [Synth 8-7071] port 'PSS_ALTO_CORE_PAD_JTAGTDO' of module 'PS8' is unconnected for instance 'PS8_i' [/home/researchadmin/ConvBlock/ConvBlock.gen/sources_1/bd/Redesign/ip/Redesign_zynq_ultra_ps_e_0_0/hdl/zynq_ultra_ps_e_v3_5_5.v:3895]
WARNING: [Synth 8-7071] port 'PSS_ALTO_CORE_PAD_JTAGTMS' of module 'PS8' is unconnected for instance 'PS8_i' [/home/researchadmin/ConvBlock/ConvBlock.gen/sources_1/bd/Redesign/ip/Redesign_zynq_ultra_ps_e_0_0/hdl/zynq_ultra_ps_e_v3_5_5.v:3895]
WARNING: [Synth 8-7071] port 'PSS_ALTO_CORE_PAD_MIO' of module 'PS8' is unconnected for instance 'PS8_i' [/home/researchadmin/ConvBlock/ConvBlock.gen/sources_1/bd/Redesign/ip/Redesign_zynq_ultra_ps_e_0_0/hdl/zynq_ultra_ps_e_v3_5_5.v:3895]
WARNING: [Synth 8-7071] port 'PSS_ALTO_CORE_PAD_PORB' of module 'PS8' is unconnected for instance 'PS8_i' [/home/researchadmin/ConvBlock/ConvBlock.gen/sources_1/bd/Redesign/ip/Redesign_zynq_ultra_ps_e_0_0/hdl/zynq_ultra_ps_e_v3_5_5.v:3895]
WARNING: [Synth 8-7071] port 'PSS_ALTO_CORE_PAD_PROGB' of module 'PS8' is unconnected for instance 'PS8_i' [/home/researchadmin/ConvBlock/ConvBlock.gen/sources_1/bd/Redesign/ip/Redesign_zynq_ultra_ps_e_0_0/hdl/zynq_ultra_ps_e_v3_5_5.v:3895]
WARNING: [Synth 8-7071] port 'PSS_ALTO_CORE_PAD_RCALIBINOUT' of module 'PS8' is unconnected for instance 'PS8_i' [/home/researchadmin/ConvBlock/ConvBlock.gen/sources_1/bd/Redesign/ip/Redesign_zynq_ultra_ps_e_0_0/hdl/zynq_ultra_ps_e_v3_5_5.v:3895]
WARNING: [Synth 8-7071] port 'PSS_ALTO_CORE_PAD_SRSTB' of module 'PS8' is unconnected for instance 'PS8_i' [/home/researchadmin/ConvBlock/ConvBlock.gen/sources_1/bd/Redesign/ip/Redesign_zynq_ultra_ps_e_0_0/hdl/zynq_ultra_ps_e_v3_5_5.v:3895]
WARNING: [Synth 8-7071] port 'PSS_ALTO_CORE_PAD_ZQ' of module 'PS8' is unconnected for instance 'PS8_i' [/home/researchadmin/ConvBlock/ConvBlock.gen/sources_1/bd/Redesign/ip/Redesign_zynq_ultra_ps_e_0_0/hdl/zynq_ultra_ps_e_v3_5_5.v:3895]
WARNING: [Synth 8-7071] port 'PSS_ALTO_CORE_PAD_MGTRXN0IN' of module 'PS8' is unconnected for instance 'PS8_i' [/home/researchadmin/ConvBlock/ConvBlock.gen/sources_1/bd/Redesign/ip/Redesign_zynq_ultra_ps_e_0_0/hdl/zynq_ultra_ps_e_v3_5_5.v:3895]
WARNING: [Synth 8-7071] port 'PSS_ALTO_CORE_PAD_MGTRXN1IN' of module 'PS8' is unconnected for instance 'PS8_i' [/home/researchadmin/ConvBlock/ConvBlock.gen/sources_1/bd/Redesign/ip/Redesign_zynq_ultra_ps_e_0_0/hdl/zynq_ultra_ps_e_v3_5_5.v:3895]
WARNING: [Synth 8-7071] port 'PSS_ALTO_CORE_PAD_MGTRXN2IN' of module 'PS8' is unconnected for instance 'PS8_i' [/home/researchadmin/ConvBlock/ConvBlock.gen/sources_1/bd/Redesign/ip/Redesign_zynq_ultra_ps_e_0_0/hdl/zynq_ultra_ps_e_v3_5_5.v:3895]
WARNING: [Synth 8-7071] port 'PSS_ALTO_CORE_PAD_MGTRXN3IN' of module 'PS8' is unconnected for instance 'PS8_i' [/home/researchadmin/ConvBlock/ConvBlock.gen/sources_1/bd/Redesign/ip/Redesign_zynq_ultra_ps_e_0_0/hdl/zynq_ultra_ps_e_v3_5_5.v:3895]
WARNING: [Synth 8-7071] port 'PSS_ALTO_CORE_PAD_MGTRXP0IN' of module 'PS8' is unconnected for instance 'PS8_i' [/home/researchadmin/ConvBlock/ConvBlock.gen/sources_1/bd/Redesign/ip/Redesign_zynq_ultra_ps_e_0_0/hdl/zynq_ultra_ps_e_v3_5_5.v:3895]
WARNING: [Synth 8-7071] port 'PSS_ALTO_CORE_PAD_MGTRXP1IN' of module 'PS8' is unconnected for instance 'PS8_i' [/home/researchadmin/ConvBlock/ConvBlock.gen/sources_1/bd/Redesign/ip/Redesign_zynq_ultra_ps_e_0_0/hdl/zynq_ultra_ps_e_v3_5_5.v:3895]
WARNING: [Synth 8-7071] port 'PSS_ALTO_CORE_PAD_MGTRXP2IN' of module 'PS8' is unconnected for instance 'PS8_i' [/home/researchadmin/ConvBlock/ConvBlock.gen/sources_1/bd/Redesign/ip/Redesign_zynq_ultra_ps_e_0_0/hdl/zynq_ultra_ps_e_v3_5_5.v:3895]
WARNING: [Synth 8-7071] port 'PSS_ALTO_CORE_PAD_MGTRXP3IN' of module 'PS8' is unconnected for instance 'PS8_i' [/home/researchadmin/ConvBlock/ConvBlock.gen/sources_1/bd/Redesign/ip/Redesign_zynq_ultra_ps_e_0_0/hdl/zynq_ultra_ps_e_v3_5_5.v:3895]
WARNING: [Synth 8-7071] port 'PSS_ALTO_CORE_PAD_PADI' of module 'PS8' is unconnected for instance 'PS8_i' [/home/researchadmin/ConvBlock/ConvBlock.gen/sources_1/bd/Redesign/ip/Redesign_zynq_ultra_ps_e_0_0/hdl/zynq_ultra_ps_e_v3_5_5.v:3895]
WARNING: [Synth 8-7071] port 'PSS_ALTO_CORE_PAD_REFN0IN' of module 'PS8' is unconnected for instance 'PS8_i' [/home/researchadmin/ConvBlock/ConvBlock.gen/sources_1/bd/Redesign/ip/Redesign_zynq_ultra_ps_e_0_0/hdl/zynq_ultra_ps_e_v3_5_5.v:3895]
WARNING: [Synth 8-7071] port 'PSS_ALTO_CORE_PAD_REFN1IN' of module 'PS8' is unconnected for instance 'PS8_i' [/home/researchadmin/ConvBlock/ConvBlock.gen/sources_1/bd/Redesign/ip/Redesign_zynq_ultra_ps_e_0_0/hdl/zynq_ultra_ps_e_v3_5_5.v:3895]
WARNING: [Synth 8-7071] port 'PSS_ALTO_CORE_PAD_REFN2IN' of module 'PS8' is unconnected for instance 'PS8_i' [/home/researchadmin/ConvBlock/ConvBlock.gen/sources_1/bd/Redesign/ip/Redesign_zynq_ultra_ps_e_0_0/hdl/zynq_ultra_ps_e_v3_5_5.v:3895]
WARNING: [Synth 8-7071] port 'PSS_ALTO_CORE_PAD_REFN3IN' of module 'PS8' is unconnected for instance 'PS8_i' [/home/researchadmin/ConvBlock/ConvBlock.gen/sources_1/bd/Redesign/ip/Redesign_zynq_ultra_ps_e_0_0/hdl/zynq_ultra_ps_e_v3_5_5.v:3895]
WARNING: [Synth 8-7071] port 'PSS_ALTO_CORE_PAD_REFP0IN' of module 'PS8' is unconnected for instance 'PS8_i' [/home/researchadmin/ConvBlock/ConvBlock.gen/sources_1/bd/Redesign/ip/Redesign_zynq_ultra_ps_e_0_0/hdl/zynq_ultra_ps_e_v3_5_5.v:3895]
WARNING: [Synth 8-7071] port 'PSS_ALTO_CORE_PAD_REFP1IN' of module 'PS8' is unconnected for instance 'PS8_i' [/home/researchadmin/ConvBlock/ConvBlock.gen/sources_1/bd/Redesign/ip/Redesign_zynq_ultra_ps_e_0_0/hdl/zynq_ultra_ps_e_v3_5_5.v:3895]
WARNING: [Synth 8-7071] port 'PSS_ALTO_CORE_PAD_REFP2IN' of module 'PS8' is unconnected for instance 'PS8_i' [/home/researchadmin/ConvBlock/ConvBlock.gen/sources_1/bd/Redesign/ip/Redesign_zynq_ultra_ps_e_0_0/hdl/zynq_ultra_ps_e_v3_5_5.v:3895]
WARNING: [Synth 8-7071] port 'PSS_ALTO_CORE_PAD_REFP3IN' of module 'PS8' is unconnected for instance 'PS8_i' [/home/researchadmin/ConvBlock/ConvBlock.gen/sources_1/bd/Redesign/ip/Redesign_zynq_ultra_ps_e_0_0/hdl/zynq_ultra_ps_e_v3_5_5.v:3895]
WARNING: [Synth 8-7023] instance 'PS8_i' of module 'PS8' has 1015 connections declared, but only 957 given [/home/researchadmin/ConvBlock/ConvBlock.gen/sources_1/bd/Redesign/ip/Redesign_zynq_ultra_ps_e_0_0/hdl/zynq_ultra_ps_e_v3_5_5.v:3895]
INFO: [Synth 8-6155] done synthesizing module 'zynq_ultra_ps_e_v3_5_5_zynq_ultra_ps_e' (0#1) [/home/researchadmin/ConvBlock/ConvBlock.gen/sources_1/bd/Redesign/ip/Redesign_zynq_ultra_ps_e_0_0/hdl/zynq_ultra_ps_e_v3_5_5.v:68]
WARNING: [Synth 8-7071] port 'emio_enet0_signal_detect' of module 'zynq_ultra_ps_e_v3_5_5_zynq_ultra_ps_e' is unconnected for instance 'inst' [/home/researchadmin/ConvBlock/ConvBlock.gen/sources_1/bd/Redesign/ip/Redesign_zynq_ultra_ps_e_0_0/synth/Redesign_zynq_ultra_ps_e_0_0.v:741]
WARNING: [Synth 8-7071] port 'emio_enet1_signal_detect' of module 'zynq_ultra_ps_e_v3_5_5_zynq_ultra_ps_e' is unconnected for instance 'inst' [/home/researchadmin/ConvBlock/ConvBlock.gen/sources_1/bd/Redesign/ip/Redesign_zynq_ultra_ps_e_0_0/synth/Redesign_zynq_ultra_ps_e_0_0.v:741]
WARNING: [Synth 8-7071] port 'emio_enet2_signal_detect' of module 'zynq_ultra_ps_e_v3_5_5_zynq_ultra_ps_e' is unconnected for instance 'inst' [/home/researchadmin/ConvBlock/ConvBlock.gen/sources_1/bd/Redesign/ip/Redesign_zynq_ultra_ps_e_0_0/synth/Redesign_zynq_ultra_ps_e_0_0.v:741]
WARNING: [Synth 8-7071] port 'emio_enet3_signal_detect' of module 'zynq_ultra_ps_e_v3_5_5_zynq_ultra_ps_e' is unconnected for instance 'inst' [/home/researchadmin/ConvBlock/ConvBlock.gen/sources_1/bd/Redesign/ip/Redesign_zynq_ultra_ps_e_0_0/synth/Redesign_zynq_ultra_ps_e_0_0.v:741]
WARNING: [Synth 8-7023] instance 'inst' of module 'zynq_ultra_ps_e_v3_5_5_zynq_ultra_ps_e' has 1491 connections declared, but only 1487 given [/home/researchadmin/ConvBlock/ConvBlock.gen/sources_1/bd/Redesign/ip/Redesign_zynq_ultra_ps_e_0_0/synth/Redesign_zynq_ultra_ps_e_0_0.v:741]
INFO: [Synth 8-6155] done synthesizing module 'Redesign_zynq_ultra_ps_e_0_0' (0#1) [/home/researchadmin/ConvBlock/ConvBlock.gen/sources_1/bd/Redesign/ip/Redesign_zynq_ultra_ps_e_0_0/synth/Redesign_zynq_ultra_ps_e_0_0.v:53]
WARNING: [Synth 8-3848] Net dp_audio_ref_clk in module/entity zynq_ultra_ps_e_v3_5_5_zynq_ultra_ps_e does not have driver. [/home/researchadmin/ConvBlock/ConvBlock.gen/sources_1/bd/Redesign/ip/Redesign_zynq_ultra_ps_e_0_0/hdl/zynq_ultra_ps_e_v3_5_5.v:394]
WARNING: [Synth 8-3848] Net irq_ipi_pl_0 in module/entity zynq_ultra_ps_e_v3_5_5_zynq_ultra_ps_e does not have driver. [/home/researchadmin/ConvBlock/ConvBlock.gen/sources_1/bd/Redesign/ip/Redesign_zynq_ultra_ps_e_0_0/hdl/zynq_ultra_ps_e_v3_5_5.v:1414]
WARNING: [Synth 8-3848] Net irq_ipi_pl_1 in module/entity zynq_ultra_ps_e_v3_5_5_zynq_ultra_ps_e does not have driver. [/home/researchadmin/ConvBlock/ConvBlock.gen/sources_1/bd/Redesign/ip/Redesign_zynq_ultra_ps_e_0_0/hdl/zynq_ultra_ps_e_v3_5_5.v:1415]
WARNING: [Synth 8-3848] Net irq_ipi_pl_2 in module/entity zynq_ultra_ps_e_v3_5_5_zynq_ultra_ps_e does not have driver. [/home/researchadmin/ConvBlock/ConvBlock.gen/sources_1/bd/Redesign/ip/Redesign_zynq_ultra_ps_e_0_0/hdl/zynq_ultra_ps_e_v3_5_5.v:1416]
WARNING: [Synth 8-3848] Net irq_ipi_pl_3 in module/entity zynq_ultra_ps_e_v3_5_5_zynq_ultra_ps_e does not have driver. [/home/researchadmin/ConvBlock/ConvBlock.gen/sources_1/bd/Redesign/ip/Redesign_zynq_ultra_ps_e_0_0/hdl/zynq_ultra_ps_e_v3_5_5.v:1417]
WARNING: [Synth 8-7129] Port dp_audio_ref_clk in module zynq_ultra_ps_e_v3_5_5_zynq_ultra_ps_e is either unconnected or has no load
WARNING: [Synth 8-7129] Port irq_ipi_pl_0 in module zynq_ultra_ps_e_v3_5_5_zynq_ultra_ps_e is either unconnected or has no load
WARNING: [Synth 8-7129] Port irq_ipi_pl_1 in module zynq_ultra_ps_e_v3_5_5_zynq_ultra_ps_e is either unconnected or has no load
WARNING: [Synth 8-7129] Port irq_ipi_pl_2 in module zynq_ultra_ps_e_v3_5_5_zynq_ultra_ps_e is either unconnected or has no load
WARNING: [Synth 8-7129] Port irq_ipi_pl_3 in module zynq_ultra_ps_e_v3_5_5_zynq_ultra_ps_e is either unconnected or has no load
WARNING: [Synth 8-7129] Port saxihpc0_fpd_rclk in module zynq_ultra_ps_e_v3_5_5_zynq_ultra_ps_e is either unconnected or has no load
WARNING: [Synth 8-7129] Port saxihpc0_fpd_wclk in module zynq_ultra_ps_e_v3_5_5_zynq_ultra_ps_e is either unconnected or has no load
WARNING: [Synth 8-7129] Port saxihpc1_fpd_rclk in module zynq_ultra_ps_e_v3_5_5_zynq_ultra_ps_e is either unconnected or has no load
WARNING: [Synth 8-7129] Port saxihpc1_fpd_wclk in module zynq_ultra_ps_e_v3_5_5_zynq_ultra_ps_e is either unconnected or has no load
WARNING: [Synth 8-7129] Port saxihp0_fpd_rclk in module zynq_ultra_ps_e_v3_5_5_zynq_ultra_ps_e is either unconnected or has no load
WARNING: [Synth 8-7129] Port saxihp0_fpd_wclk in module zynq_ultra_ps_e_v3_5_5_zynq_ultra_ps_e is either unconnected or has no load
WARNING: [Synth 8-7129] Port saxihp1_fpd_rclk in module zynq_ultra_ps_e_v3_5_5_zynq_ultra_ps_e is either unconnected or has no load
WARNING: [Synth 8-7129] Port saxihp1_fpd_wclk in module zynq_ultra_ps_e_v3_5_5_zynq_ultra_ps_e is either unconnected or has no load
WARNING: [Synth 8-7129] Port saxihp2_fpd_rclk in module zynq_ultra_ps_e_v3_5_5_zynq_ultra_ps_e is either unconnected or has no load
WARNING: [Synth 8-7129] Port saxihp2_fpd_wclk in module zynq_ultra_ps_e_v3_5_5_zynq_ultra_ps_e is either unconnected or has no load
WARNING: [Synth 8-7129] Port saxihp3_fpd_rclk in module zynq_ultra_ps_e_v3_5_5_zynq_ultra_ps_e is either unconnected or has no load
WARNING: [Synth 8-7129] Port saxihp3_fpd_wclk in module zynq_ultra_ps_e_v3_5_5_zynq_ultra_ps_e is either unconnected or has no load
WARNING: [Synth 8-7129] Port saxi_lpd_rclk in module zynq_ultra_ps_e_v3_5_5_zynq_ultra_ps_e is either unconnected or has no load
WARNING: [Synth 8-7129] Port saxi_lpd_wclk in module zynq_ultra_ps_e_v3_5_5_zynq_ultra_ps_e is either unconnected or has no load
WARNING: [Synth 8-7129] Port sacefpd_awuser[15] in module zynq_ultra_ps_e_v3_5_5_zynq_ultra_ps_e is either unconnected or has no load
WARNING: [Synth 8-7129] Port sacefpd_awuser[14] in module zynq_ultra_ps_e_v3_5_5_zynq_ultra_ps_e is either unconnected or has no load
WARNING: [Synth 8-7129] Port sacefpd_awuser[13] in module zynq_ultra_ps_e_v3_5_5_zynq_ultra_ps_e is either unconnected or has no load
WARNING: [Synth 8-7129] Port sacefpd_awuser[12] in module zynq_ultra_ps_e_v3_5_5_zynq_ultra_ps_e is either unconnected or has no load
WARNING: [Synth 8-7129] Port sacefpd_awuser[11] in module zynq_ultra_ps_e_v3_5_5_zynq_ultra_ps_e is either unconnected or has no load
WARNING: [Synth 8-7129] Port sacefpd_awuser[10] in module zynq_ultra_ps_e_v3_5_5_zynq_ultra_ps_e is either unconnected or has no load
WARNING: [Synth 8-7129] Port sacefpd_awuser[9] in module zynq_ultra_ps_e_v3_5_5_zynq_ultra_ps_e is either unconnected or has no load
WARNING: [Synth 8-7129] Port sacefpd_awuser[8] in module zynq_ultra_ps_e_v3_5_5_zynq_ultra_ps_e is either unconnected or has no load
WARNING: [Synth 8-7129] Port sacefpd_awuser[7] in module zynq_ultra_ps_e_v3_5_5_zynq_ultra_ps_e is either unconnected or has no load
WARNING: [Synth 8-7129] Port sacefpd_awuser[6] in module zynq_ultra_ps_e_v3_5_5_zynq_ultra_ps_e is either unconnected or has no load
WARNING: [Synth 8-7129] Port sacefpd_aruser[15] in module zynq_ultra_ps_e_v3_5_5_zynq_ultra_ps_e is either unconnected or has no load
WARNING: [Synth 8-7129] Port sacefpd_aruser[14] in module zynq_ultra_ps_e_v3_5_5_zynq_ultra_ps_e is either unconnected or has no load
WARNING: [Synth 8-7129] Port sacefpd_aruser[13] in module zynq_ultra_ps_e_v3_5_5_zynq_ultra_ps_e is either unconnected or has no load
WARNING: [Synth 8-7129] Port sacefpd_aruser[12] in module zynq_ultra_ps_e_v3_5_5_zynq_ultra_ps_e is either unconnected or has no load
WARNING: [Synth 8-7129] Port sacefpd_aruser[11] in module zynq_ultra_ps_e_v3_5_5_zynq_ultra_ps_e is either unconnected or has no load
WARNING: [Synth 8-7129] Port sacefpd_aruser[10] in module zynq_ultra_ps_e_v3_5_5_zynq_ultra_ps_e is either unconnected or has no load
WARNING: [Synth 8-7129] Port sacefpd_aruser[9] in module zynq_ultra_ps_e_v3_5_5_zynq_ultra_ps_e is either unconnected or has no load
WARNING: [Synth 8-7129] Port sacefpd_aruser[8] in module zynq_ultra_ps_e_v3_5_5_zynq_ultra_ps_e is either unconnected or has no load
WARNING: [Synth 8-7129] Port sacefpd_aruser[7] in module zynq_ultra_ps_e_v3_5_5_zynq_ultra_ps_e is either unconnected or has no load
WARNING: [Synth 8-7129] Port sacefpd_aruser[6] in module zynq_ultra_ps_e_v3_5_5_zynq_ultra_ps_e is either unconnected or has no load
WARNING: [Synth 8-7129] Port test_adc_clk[3] in module zynq_ultra_ps_e_v3_5_5_zynq_ultra_ps_e is either unconnected or has no load
WARNING: [Synth 8-7129] Port test_adc_clk[2] in module zynq_ultra_ps_e_v3_5_5_zynq_ultra_ps_e is either unconnected or has no load
WARNING: [Synth 8-7129] Port test_adc_clk[1] in module zynq_ultra_ps_e_v3_5_5_zynq_ultra_ps_e is either unconnected or has no load
WARNING: [Synth 8-7129] Port test_adc_clk[0] in module zynq_ultra_ps_e_v3_5_5_zynq_ultra_ps_e is either unconnected or has no load
WARNING: [Synth 8-7129] Port test_adc_in[31] in module zynq_ultra_ps_e_v3_5_5_zynq_ultra_ps_e is either unconnected or has no load
WARNING: [Synth 8-7129] Port test_adc_in[30] in module zynq_ultra_ps_e_v3_5_5_zynq_ultra_ps_e is either unconnected or has no load
WARNING: [Synth 8-7129] Port test_adc_in[29] in module zynq_ultra_ps_e_v3_5_5_zynq_ultra_ps_e is either unconnected or has no load
WARNING: [Synth 8-7129] Port test_adc_in[28] in module zynq_ultra_ps_e_v3_5_5_zynq_ultra_ps_e is either unconnected or has no load
WARNING: [Synth 8-7129] Port test_adc_in[27] in module zynq_ultra_ps_e_v3_5_5_zynq_ultra_ps_e is either unconnected or has no load
WARNING: [Synth 8-7129] Port test_adc_in[26] in module zynq_ultra_ps_e_v3_5_5_zynq_ultra_ps_e is either unconnected or has no load
WARNING: [Synth 8-7129] Port test_adc_in[25] in module zynq_ultra_ps_e_v3_5_5_zynq_ultra_ps_e is either unconnected or has no load
WARNING: [Synth 8-7129] Port test_adc_in[24] in module zynq_ultra_ps_e_v3_5_5_zynq_ultra_ps_e is either unconnected or has no load
WARNING: [Synth 8-7129] Port test_adc_in[23] in module zynq_ultra_ps_e_v3_5_5_zynq_ultra_ps_e is either unconnected or has no load
WARNING: [Synth 8-7129] Port test_adc_in[22] in module zynq_ultra_ps_e_v3_5_5_zynq_ultra_ps_e is either unconnected or has no load
WARNING: [Synth 8-7129] Port test_adc_in[21] in module zynq_ultra_ps_e_v3_5_5_zynq_ultra_ps_e is either unconnected or has no load
WARNING: [Synth 8-7129] Port test_adc_in[20] in module zynq_ultra_ps_e_v3_5_5_zynq_ultra_ps_e is either unconnected or has no load
WARNING: [Synth 8-7129] Port test_adc_in[19] in module zynq_ultra_ps_e_v3_5_5_zynq_ultra_ps_e is either unconnected or has no load
WARNING: [Synth 8-7129] Port test_adc_in[18] in module zynq_ultra_ps_e_v3_5_5_zynq_ultra_ps_e is either unconnected or has no load
WARNING: [Synth 8-7129] Port test_adc_in[17] in module zynq_ultra_ps_e_v3_5_5_zynq_ultra_ps_e is either unconnected or has no load
WARNING: [Synth 8-7129] Port test_adc_in[16] in module zynq_ultra_ps_e_v3_5_5_zynq_ultra_ps_e is either unconnected or has no load
WARNING: [Synth 8-7129] Port test_adc_in[15] in module zynq_ultra_ps_e_v3_5_5_zynq_ultra_ps_e is either unconnected or has no load
WARNING: [Synth 8-7129] Port test_adc_in[14] in module zynq_ultra_ps_e_v3_5_5_zynq_ultra_ps_e is either unconnected or has no load
WARNING: [Synth 8-7129] Port test_adc_in[13] in module zynq_ultra_ps_e_v3_5_5_zynq_ultra_ps_e is either unconnected or has no load
WARNING: [Synth 8-7129] Port test_adc_in[12] in module zynq_ultra_ps_e_v3_5_5_zynq_ultra_ps_e is either unconnected or has no load
WARNING: [Synth 8-7129] Port test_adc_in[11] in module zynq_ultra_ps_e_v3_5_5_zynq_ultra_ps_e is either unconnected or has no load
WARNING: [Synth 8-7129] Port test_adc_in[10] in module zynq_ultra_ps_e_v3_5_5_zynq_ultra_ps_e is either unconnected or has no load
WARNING: [Synth 8-7129] Port test_adc_in[9] in module zynq_ultra_ps_e_v3_5_5_zynq_ultra_ps_e is either unconnected or has no load
WARNING: [Synth 8-7129] Port test_adc_in[8] in module zynq_ultra_ps_e_v3_5_5_zynq_ultra_ps_e is either unconnected or has no load
WARNING: [Synth 8-7129] Port test_adc_in[7] in module zynq_ultra_ps_e_v3_5_5_zynq_ultra_ps_e is either unconnected or has no load
WARNING: [Synth 8-7129] Port test_adc_in[6] in module zynq_ultra_ps_e_v3_5_5_zynq_ultra_ps_e is either unconnected or has no load
WARNING: [Synth 8-7129] Port test_adc_in[5] in module zynq_ultra_ps_e_v3_5_5_zynq_ultra_ps_e is either unconnected or has no load
WARNING: [Synth 8-7129] Port test_adc_in[4] in module zynq_ultra_ps_e_v3_5_5_zynq_ultra_ps_e is either unconnected or has no load
WARNING: [Synth 8-7129] Port test_adc_in[3] in module zynq_ultra_ps_e_v3_5_5_zynq_ultra_ps_e is either unconnected or has no load
WARNING: [Synth 8-7129] Port test_adc_in[2] in module zynq_ultra_ps_e_v3_5_5_zynq_ultra_ps_e is either unconnected or has no load
WARNING: [Synth 8-7129] Port test_adc_in[1] in module zynq_ultra_ps_e_v3_5_5_zynq_ultra_ps_e is either unconnected or has no load
WARNING: [Synth 8-7129] Port test_adc_in[0] in module zynq_ultra_ps_e_v3_5_5_zynq_ultra_ps_e is either unconnected or has no load
WARNING: [Synth 8-7129] Port test_adc2_in[31] in module zynq_ultra_ps_e_v3_5_5_zynq_ultra_ps_e is either unconnected or has no load
WARNING: [Synth 8-7129] Port test_adc2_in[30] in module zynq_ultra_ps_e_v3_5_5_zynq_ultra_ps_e is either unconnected or has no load
WARNING: [Synth 8-7129] Port test_adc2_in[29] in module zynq_ultra_ps_e_v3_5_5_zynq_ultra_ps_e is either unconnected or has no load
WARNING: [Synth 8-7129] Port test_adc2_in[28] in module zynq_ultra_ps_e_v3_5_5_zynq_ultra_ps_e is either unconnected or has no load
WARNING: [Synth 8-7129] Port test_adc2_in[27] in module zynq_ultra_ps_e_v3_5_5_zynq_ultra_ps_e is either unconnected or has no load
WARNING: [Synth 8-7129] Port test_adc2_in[26] in module zynq_ultra_ps_e_v3_5_5_zynq_ultra_ps_e is either unconnected or has no load
WARNING: [Synth 8-7129] Port test_adc2_in[25] in module zynq_ultra_ps_e_v3_5_5_zynq_ultra_ps_e is either unconnected or has no load
WARNING: [Synth 8-7129] Port test_adc2_in[24] in module zynq_ultra_ps_e_v3_5_5_zynq_ultra_ps_e is either unconnected or has no load
WARNING: [Synth 8-7129] Port test_adc2_in[23] in module zynq_ultra_ps_e_v3_5_5_zynq_ultra_ps_e is either unconnected or has no load
WARNING: [Synth 8-7129] Port test_adc2_in[22] in module zynq_ultra_ps_e_v3_5_5_zynq_ultra_ps_e is either unconnected or has no load
WARNING: [Synth 8-7129] Port test_adc2_in[21] in module zynq_ultra_ps_e_v3_5_5_zynq_ultra_ps_e is either unconnected or has no load
WARNING: [Synth 8-7129] Port test_adc2_in[20] in module zynq_ultra_ps_e_v3_5_5_zynq_ultra_ps_e is either unconnected or has no load
WARNING: [Synth 8-7129] Port test_adc2_in[19] in module zynq_ultra_ps_e_v3_5_5_zynq_ultra_ps_e is either unconnected or has no load
WARNING: [Synth 8-7129] Port test_adc2_in[18] in module zynq_ultra_ps_e_v3_5_5_zynq_ultra_ps_e is either unconnected or has no load
WARNING: [Synth 8-7129] Port test_adc2_in[17] in module zynq_ultra_ps_e_v3_5_5_zynq_ultra_ps_e is either unconnected or has no load
WARNING: [Synth 8-7129] Port test_adc2_in[16] in module zynq_ultra_ps_e_v3_5_5_zynq_ultra_ps_e is either unconnected or has no load
WARNING: [Synth 8-7129] Port test_adc2_in[15] in module zynq_ultra_ps_e_v3_5_5_zynq_ultra_ps_e is either unconnected or has no load
WARNING: [Synth 8-7129] Port test_adc2_in[14] in module zynq_ultra_ps_e_v3_5_5_zynq_ultra_ps_e is either unconnected or has no load
WARNING: [Synth 8-7129] Port test_adc2_in[13] in module zynq_ultra_ps_e_v3_5_5_zynq_ultra_ps_e is either unconnected or has no load
WARNING: [Synth 8-7129] Port test_adc2_in[12] in module zynq_ultra_ps_e_v3_5_5_zynq_ultra_ps_e is either unconnected or has no load
WARNING: [Synth 8-7129] Port test_adc2_in[11] in module zynq_ultra_ps_e_v3_5_5_zynq_ultra_ps_e is either unconnected or has no load
WARNING: [Synth 8-7129] Port test_adc2_in[10] in module zynq_ultra_ps_e_v3_5_5_zynq_ultra_ps_e is either unconnected or has no load
WARNING: [Synth 8-7129] Port test_adc2_in[9] in module zynq_ultra_ps_e_v3_5_5_zynq_ultra_ps_e is either unconnected or has no load
WARNING: [Synth 8-7129] Port test_adc2_in[8] in module zynq_ultra_ps_e_v3_5_5_zynq_ultra_ps_e is either unconnected or has no load
WARNING: [Synth 8-7129] Port test_adc2_in[7] in module zynq_ultra_ps_e_v3_5_5_zynq_ultra_ps_e is either unconnected or has no load
INFO: [Common 17-14] Message 'Synth 8-7129' appears 100 times and further instances of the messages will be disabled. Use the Tcl command set_msg_config to change the current settings.
---------------------------------------------------------------------------------
Finished RTL Elaboration : Time (s): cpu = 00:00:03 ; elapsed = 00:00:03 . Memory (MB): peak = 2726.520 ; gain = 207.527 ; free physical = 1848 ; free virtual = 49082
---------------------------------------------------------------------------------
---------------------------------------------------------------------------------
Start Handling Custom Attributes
---------------------------------------------------------------------------------
---------------------------------------------------------------------------------
Finished Handling Custom Attributes : Time (s): cpu = 00:00:03 ; elapsed = 00:00:03 . Memory (MB): peak = 2732.457 ; gain = 213.465 ; free physical = 1842 ; free virtual = 49077
---------------------------------------------------------------------------------
---------------------------------------------------------------------------------
Finished RTL Optimization Phase 1 : Time (s): cpu = 00:00:03 ; elapsed = 00:00:03 . Memory (MB): peak = 2732.457 ; gain = 213.465 ; free physical = 1842 ; free virtual = 49077
---------------------------------------------------------------------------------
Netlist sorting complete. Time (s): cpu = 00:00:00.02 ; elapsed = 00:00:00.01 . Memory (MB): peak = 2743.426 ; gain = 0.000 ; free physical = 1772 ; free virtual = 49006
INFO: [Project 1-570] Preparing netlist for logic optimization

Processing XDC Constraints
Initializing timing engine
Parsing XDC File [/home/researchadmin/ConvBlock/ConvBlock.gen/sources_1/bd/Redesign/ip/Redesign_zynq_ultra_ps_e_0_0/Redesign_zynq_ultra_ps_e_0_0_ooc.xdc] for cell 'inst'
Finished Parsing XDC File [/home/researchadmin/ConvBlock/ConvBlock.gen/sources_1/bd/Redesign/ip/Redesign_zynq_ultra_ps_e_0_0/Redesign_zynq_ultra_ps_e_0_0_ooc.xdc] for cell 'inst'
Parsing XDC File [/home/researchadmin/ConvBlock/ConvBlock.gen/sources_1/bd/Redesign/ip/Redesign_zynq_ultra_ps_e_0_0/Redesign_zynq_ultra_ps_e_0_0.xdc] for cell 'inst'
Finished Parsing XDC File [/home/researchadmin/ConvBlock/ConvBlock.gen/sources_1/bd/Redesign/ip/Redesign_zynq_ultra_ps_e_0_0/Redesign_zynq_ultra_ps_e_0_0.xdc] for cell 'inst'
Parsing XDC File [/home/researchadmin/ConvBlock/ConvBlock.runs/Redesign_zynq_ultra_ps_e_0_0_synth_1/dont_touch.xdc]
Finished Parsing XDC File [/home/researchadmin/ConvBlock/ConvBlock.runs/Redesign_zynq_ultra_ps_e_0_0_synth_1/dont_touch.xdc]
Completed Processing XDC Constraints

Netlist sorting complete. Time (s): cpu = 00:00:00 ; elapsed = 00:00:00 . Memory (MB): peak = 2807.457 ; gain = 0.000 ; free physical = 1519 ; free virtual = 48766
INFO: [Project 1-111] Unisim Transformation Summary:
No Unisim elements were transformed.

Constraint Validation Runtime : Time (s): cpu = 00:00:00.03 ; elapsed = 00:00:00.03 . Memory (MB): peak = 2807.457 ; gain = 0.000 ; free physical = 1519 ; free virtual = 48766
INFO: [Designutils 20-5008] Incremental synthesis strategy off
---------------------------------------------------------------------------------
Finished Constraint Validation : Time (s): cpu = 00:00:08 ; elapsed = 00:00:09 . Memory (MB): peak = 2807.457 ; gain = 288.465 ; free physical = 1370 ; free virtual = 48616
---------------------------------------------------------------------------------
---------------------------------------------------------------------------------
Start Loading Part and Timing Information
---------------------------------------------------------------------------------
Loading part: xczu9eg-ffvb1156-2-e
INFO: [Synth 8-6742] Reading net delay rules and data
---------------------------------------------------------------------------------
Finished Loading Part and Timing Information : Time (s): cpu = 00:00:08 ; elapsed = 00:00:09 . Memory (MB): peak = 2815.461 ; gain = 296.469 ; free physical = 1370 ; free virtual = 48616
---------------------------------------------------------------------------------
---------------------------------------------------------------------------------
Start Applying 'set_property' XDC Constraints
---------------------------------------------------------------------------------
Applied set_property DONT_TOUCH = true for inst/PS8_i. (constraint file  /home/researchadmin/ConvBlock/ConvBlock.gen/sources_1/bd/Redesign/ip/Redesign_zynq_ultra_ps_e_0_0/Redesign_zynq_ultra_ps_e_0_0.xdc, line 25).
Applied set_property KEEP_HIERARCHY = SOFT for inst. (constraint file  /home/researchadmin/ConvBlock/ConvBlock.runs/Redesign_zynq_ultra_ps_e_0_0_synth_1/dont_touch.xdc, line 9).
---------------------------------------------------------------------------------
Finished applying 'set_property' XDC Constraints : Time (s): cpu = 00:00:08 ; elapsed = 00:00:09 . Memory (MB): peak = 2815.461 ; gain = 296.469 ; free physical = 1370 ; free virtual = 48616
---------------------------------------------------------------------------------
---------------------------------------------------------------------------------
Finished RTL Optimization Phase 2 : Time (s): cpu = 00:00:09 ; elapsed = 00:00:09 . Memory (MB): peak = 2815.461 ; gain = 296.469 ; free physical = 1368 ; free virtual = 48617
---------------------------------------------------------------------------------
---------------------------------------------------------------------------------
Start RTL Component Statistics 
---------------------------------------------------------------------------------
Detailed RTL Component Info : 
+---Registers : 
	                1 Bit    Registers := 1     
---------------------------------------------------------------------------------
Finished RTL Component Statistics 
---------------------------------------------------------------------------------
---------------------------------------------------------------------------------
Start Part Resource Summary
---------------------------------------------------------------------------------
Part Resources:
DSPs: 2520 (col length:168)
BRAMs: 1824 (col length: RAMB18 168 RAMB36 84)
---------------------------------------------------------------------------------
Finished Part Resource Summary
---------------------------------------------------------------------------------
---------------------------------------------------------------------------------
Start Cross Boundary and Area Optimization
---------------------------------------------------------------------------------
WARNING: [Synth 8-7080] Parallel synthesis criteria is not met
---------------------------------------------------------------------------------
Finished Cross Boundary and Area Optimization : Time (s): cpu = 00:00:09 ; elapsed = 00:00:09 . Memory (MB): peak = 2815.461 ; gain = 296.469 ; free physical = 1372 ; free virtual = 48620
---------------------------------------------------------------------------------
---------------------------------------------------------------------------------
Start Applying XDC Timing Constraints
---------------------------------------------------------------------------------
---------------------------------------------------------------------------------
Finished Applying XDC Timing Constraints : Time (s): cpu = 00:00:14 ; elapsed = 00:00:15 . Memory (MB): peak = 4575.551 ; gain = 2056.559 ; free physical = 797 ; free virtual = 47370
---------------------------------------------------------------------------------
---------------------------------------------------------------------------------
Start Timing Optimization
---------------------------------------------------------------------------------
---------------------------------------------------------------------------------
Finished Timing Optimization : Time (s): cpu = 00:00:15 ; elapsed = 00:00:15 . Memory (MB): peak = 4601.559 ; gain = 2082.566 ; free physical = 758 ; free virtual = 47331
---------------------------------------------------------------------------------
---------------------------------------------------------------------------------
Start Technology Mapping
---------------------------------------------------------------------------------
---------------------------------------------------------------------------------
Finished Technology Mapping : Time (s): cpu = 00:00:15 ; elapsed = 00:00:16 . Memory (MB): peak = 4609.566 ; gain = 2090.574 ; free physical = 741 ; free virtual = 47314
---------------------------------------------------------------------------------
---------------------------------------------------------------------------------
Start IO Insertion
---------------------------------------------------------------------------------
---------------------------------------------------------------------------------
Start Flattening Before IO Insertion
---------------------------------------------------------------------------------
---------------------------------------------------------------------------------
Finished Flattening Before IO Insertion
---------------------------------------------------------------------------------
---------------------------------------------------------------------------------
Start Final Netlist Cleanup
---------------------------------------------------------------------------------
---------------------------------------------------------------------------------
Finished Final Netlist Cleanup
---------------------------------------------------------------------------------
INFO: [Synth 8-3295] tying undriven pin trace_ctl_pipe[0]_inferred:in0 to constant 0
INFO: [Synth 8-3295] tying undriven pin trace_data_pipe[0]_inferred:in0[31] to constant 0
INFO: [Synth 8-3295] tying undriven pin trace_data_pipe[0]_inferred:in0[30] to constant 0
INFO: [Synth 8-3295] tying undriven pin trace_data_pipe[0]_inferred:in0[29] to constant 0
INFO: [Synth 8-3295] tying undriven pin trace_data_pipe[0]_inferred:in0[28] to constant 0
INFO: [Synth 8-3295] tying undriven pin trace_data_pipe[0]_inferred:in0[27] to constant 0
INFO: [Synth 8-3295] tying undriven pin trace_data_pipe[0]_inferred:in0[26] to constant 0
INFO: [Synth 8-3295] tying undriven pin trace_data_pipe[0]_inferred:in0[25] to constant 0
INFO: [Synth 8-3295] tying undriven pin trace_data_pipe[0]_inferred:in0[24] to constant 0
INFO: [Synth 8-3295] tying undriven pin trace_data_pipe[0]_inferred:in0[23] to constant 0
INFO: [Synth 8-3295] tying undriven pin trace_data_pipe[0]_inferred:in0[22] to constant 0
INFO: [Synth 8-3295] tying undriven pin trace_data_pipe[0]_inferred:in0[21] to constant 0
INFO: [Synth 8-3295] tying undriven pin trace_data_pipe[0]_inferred:in0[20] to constant 0
INFO: [Synth 8-3295] tying undriven pin trace_data_pipe[0]_inferred:in0[19] to constant 0
INFO: [Synth 8-3295] tying undriven pin trace_data_pipe[0]_inferred:in0[18] to constant 0
INFO: [Synth 8-3295] tying undriven pin trace_data_pipe[0]_inferred:in0[17] to constant 0
INFO: [Synth 8-3295] tying undriven pin trace_data_pipe[0]_inferred:in0[16] to constant 0
INFO: [Synth 8-3295] tying undriven pin trace_data_pipe[0]_inferred:in0[15] to constant 0
INFO: [Synth 8-3295] tying undriven pin trace_data_pipe[0]_inferred:in0[14] to constant 0
INFO: [Synth 8-3295] tying undriven pin trace_data_pipe[0]_inferred:in0[13] to constant 0
INFO: [Synth 8-3295] tying undriven pin trace_data_pipe[0]_inferred:in0[12] to constant 0
INFO: [Synth 8-3295] tying undriven pin trace_data_pipe[0]_inferred:in0[11] to constant 0
INFO: [Synth 8-3295] tying undriven pin trace_data_pipe[0]_inferred:in0[10] to constant 0
INFO: [Synth 8-3295] tying undriven pin trace_data_pipe[0]_inferred:in0[9] to constant 0
INFO: [Synth 8-3295] tying undriven pin trace_data_pipe[0]_inferred:in0[8] to constant 0
INFO: [Synth 8-3295] tying undriven pin trace_data_pipe[0]_inferred:in0[7] to constant 0
INFO: [Synth 8-3295] tying undriven pin trace_data_pipe[0]_inferred:in0[6] to constant 0
INFO: [Synth 8-3295] tying undriven pin trace_data_pipe[0]_inferred:in0[5] to constant 0
INFO: [Synth 8-3295] tying undriven pin trace_data_pipe[0]_inferred:in0[4] to constant 0
INFO: [Synth 8-3295] tying undriven pin trace_data_pipe[0]_inferred:in0[3] to constant 0
INFO: [Synth 8-3295] tying undriven pin trace_data_pipe[0]_inferred:in0[2] to constant 0
INFO: [Synth 8-3295] tying undriven pin trace_data_pipe[0]_inferred:in0[1] to constant 0
INFO: [Synth 8-3295] tying undriven pin trace_data_pipe[0]_inferred:in0[0] to constant 0
INFO: [Synth 8-3295] tying undriven pin trace_ctl_pipe[7]_inferred:in0 to constant 0
INFO: [Synth 8-3295] tying undriven pin trace_ctl_pipe[6]_inferred:in0 to constant 0
INFO: [Synth 8-3295] tying undriven pin trace_ctl_pipe[5]_inferred:in0 to constant 0
INFO: [Synth 8-3295] tying undriven pin trace_ctl_pipe[4]_inferred:in0 to constant 0
INFO: [Synth 8-3295] tying undriven pin trace_ctl_pipe[3]_inferred:in0 to constant 0
INFO: [Synth 8-3295] tying undriven pin trace_ctl_pipe[2]_inferred:in0 to constant 0
INFO: [Synth 8-3295] tying undriven pin trace_ctl_pipe[1]_inferred:in0 to constant 0
INFO: [Synth 8-3295] tying undriven pin trace_data_pipe[7]_inferred:in0[31] to constant 0
INFO: [Synth 8-3295] tying undriven pin trace_data_pipe[7]_inferred:in0[30] to constant 0
INFO: [Synth 8-3295] tying undriven pin trace_data_pipe[7]_inferred:in0[29] to constant 0
INFO: [Synth 8-3295] tying undriven pin trace_data_pipe[7]_inferred:in0[28] to constant 0
INFO: [Synth 8-3295] tying undriven pin trace_data_pipe[7]_inferred:in0[27] to constant 0
INFO: [Synth 8-3295] tying undriven pin trace_data_pipe[7]_inferred:in0[26] to constant 0
INFO: [Synth 8-3295] tying undriven pin trace_data_pipe[7]_inferred:in0[25] to constant 0
INFO: [Synth 8-3295] tying undriven pin trace_data_pipe[7]_inferred:in0[24] to constant 0
INFO: [Synth 8-3295] tying undriven pin trace_data_pipe[7]_inferred:in0[23] to constant 0
INFO: [Synth 8-3295] tying undriven pin trace_data_pipe[7]_inferred:in0[22] to constant 0
INFO: [Synth 8-3295] tying undriven pin trace_data_pipe[7]_inferred:in0[21] to constant 0
INFO: [Synth 8-3295] tying undriven pin trace_data_pipe[7]_inferred:in0[20] to constant 0
INFO: [Synth 8-3295] tying undriven pin trace_data_pipe[7]_inferred:in0[19] to constant 0
INFO: [Synth 8-3295] tying undriven pin trace_data_pipe[7]_inferred:in0[18] to constant 0
INFO: [Synth 8-3295] tying undriven pin trace_data_pipe[7]_inferred:in0[17] to constant 0
INFO: [Synth 8-3295] tying undriven pin trace_data_pipe[7]_inferred:in0[16] to constant 0
INFO: [Synth 8-3295] tying undriven pin trace_data_pipe[7]_inferred:in0[15] to constant 0
INFO: [Synth 8-3295] tying undriven pin trace_data_pipe[7]_inferred:in0[14] to constant 0
INFO: [Synth 8-3295] tying undriven pin trace_data_pipe[7]_inferred:in0[13] to constant 0
INFO: [Synth 8-3295] tying undriven pin trace_data_pipe[7]_inferred:in0[12] to constant 0
INFO: [Synth 8-3295] tying undriven pin trace_data_pipe[7]_inferred:in0[11] to constant 0
INFO: [Synth 8-3295] tying undriven pin trace_data_pipe[7]_inferred:in0[10] to constant 0
INFO: [Synth 8-3295] tying undriven pin trace_data_pipe[7]_inferred:in0[9] to constant 0
INFO: [Synth 8-3295] tying undriven pin trace_data_pipe[7]_inferred:in0[8] to constant 0
INFO: [Synth 8-3295] tying undriven pin trace_data_pipe[7]_inferred:in0[7] to constant 0
INFO: [Synth 8-3295] tying undriven pin trace_data_pipe[7]_inferred:in0[6] to constant 0
INFO: [Synth 8-3295] tying undriven pin trace_data_pipe[7]_inferred:in0[5] to constant 0
INFO: [Synth 8-3295] tying undriven pin trace_data_pipe[7]_inferred:in0[4] to constant 0
INFO: [Synth 8-3295] tying undriven pin trace_data_pipe[7]_inferred:in0[3] to constant 0
INFO: [Synth 8-3295] tying undriven pin trace_data_pipe[7]_inferred:in0[2] to constant 0
INFO: [Synth 8-3295] tying undriven pin trace_data_pipe[7]_inferred:in0[1] to constant 0
INFO: [Synth 8-3295] tying undriven pin trace_data_pipe[7]_inferred:in0[0] to constant 0
INFO: [Synth 8-3295] tying undriven pin trace_data_pipe[6]_inferred:in0[31] to constant 0
INFO: [Synth 8-3295] tying undriven pin trace_data_pipe[6]_inferred:in0[30] to constant 0
INFO: [Synth 8-3295] tying undriven pin trace_data_pipe[6]_inferred:in0[29] to constant 0
INFO: [Synth 8-3295] tying undriven pin trace_data_pipe[6]_inferred:in0[28] to constant 0
INFO: [Synth 8-3295] tying undriven pin trace_data_pipe[6]_inferred:in0[27] to constant 0
INFO: [Synth 8-3295] tying undriven pin trace_data_pipe[6]_inferred:in0[26] to constant 0
INFO: [Synth 8-3295] tying undriven pin trace_data_pipe[6]_inferred:in0[25] to constant 0
INFO: [Synth 8-3295] tying undriven pin trace_data_pipe[6]_inferred:in0[24] to constant 0
INFO: [Synth 8-3295] tying undriven pin trace_data_pipe[6]_inferred:in0[23] to constant 0
INFO: [Synth 8-3295] tying undriven pin trace_data_pipe[6]_inferred:in0[22] to constant 0
INFO: [Synth 8-3295] tying undriven pin trace_data_pipe[6]_inferred:in0[21] to constant 0
INFO: [Synth 8-3295] tying undriven pin trace_data_pipe[6]_inferred:in0[20] to constant 0
INFO: [Synth 8-3295] tying undriven pin trace_data_pipe[6]_inferred:in0[19] to constant 0
INFO: [Synth 8-3295] tying undriven pin trace_data_pipe[6]_inferred:in0[18] to constant 0
INFO: [Synth 8-3295] tying undriven pin trace_data_pipe[6]_inferred:in0[17] to constant 0
INFO: [Synth 8-3295] tying undriven pin trace_data_pipe[6]_inferred:in0[16] to constant 0
INFO: [Synth 8-3295] tying undriven pin trace_data_pipe[6]_inferred:in0[15] to constant 0
INFO: [Synth 8-3295] tying undriven pin trace_data_pipe[6]_inferred:in0[14] to constant 0
INFO: [Synth 8-3295] tying undriven pin trace_data_pipe[6]_inferred:in0[13] to constant 0
INFO: [Synth 8-3295] tying undriven pin trace_data_pipe[6]_inferred:in0[12] to constant 0
INFO: [Synth 8-3295] tying undriven pin trace_data_pipe[6]_inferred:in0[11] to constant 0
INFO: [Synth 8-3295] tying undriven pin trace_data_pipe[6]_inferred:in0[10] to constant 0
INFO: [Synth 8-3295] tying undriven pin trace_data_pipe[6]_inferred:in0[9] to constant 0
INFO: [Synth 8-3295] tying undriven pin trace_data_pipe[6]_inferred:in0[8] to constant 0
INFO: [Synth 8-3295] tying undriven pin trace_data_pipe[6]_inferred:in0[7] to constant 0
INFO: [Synth 8-3295] tying undriven pin trace_data_pipe[6]_inferred:in0[6] to constant 0
INFO: [Synth 8-3295] tying undriven pin trace_data_pipe[6]_inferred:in0[5] to constant 0
INFO: [Synth 8-3295] tying undriven pin trace_data_pipe[6]_inferred:in0[4] to constant 0
INFO: [Common 17-14] Message 'Synth 8-3295' appears 100 times and further instances of the messages will be disabled. Use the Tcl command set_msg_config to change the current settings.
---------------------------------------------------------------------------------
Finished IO Insertion : Time (s): cpu = 00:00:16 ; elapsed = 00:00:17 . Memory (MB): peak = 4764.379 ; gain = 2245.387 ; free physical = 652 ; free virtual = 46836
---------------------------------------------------------------------------------
---------------------------------------------------------------------------------
Start Renaming Generated Instances
---------------------------------------------------------------------------------
---------------------------------------------------------------------------------
Finished Renaming Generated Instances : Time (s): cpu = 00:00:16 ; elapsed = 00:00:17 . Memory (MB): peak = 4764.379 ; gain = 2245.387 ; free physical = 652 ; free virtual = 46836
---------------------------------------------------------------------------------
---------------------------------------------------------------------------------
Start Rebuilding User Hierarchy
---------------------------------------------------------------------------------
---------------------------------------------------------------------------------
Finished Rebuilding User Hierarchy : Time (s): cpu = 00:00:16 ; elapsed = 00:00:17 . Memory (MB): peak = 4764.379 ; gain = 2245.387 ; free physical = 652 ; free virtual = 46836
---------------------------------------------------------------------------------
---------------------------------------------------------------------------------
Start Renaming Generated Ports
---------------------------------------------------------------------------------
---------------------------------------------------------------------------------
Finished Renaming Generated Ports : Time (s): cpu = 00:00:16 ; elapsed = 00:00:17 . Memory (MB): peak = 4764.379 ; gain = 2245.387 ; free physical = 652 ; free virtual = 46836
---------------------------------------------------------------------------------
---------------------------------------------------------------------------------
Start Handling Custom Attributes
---------------------------------------------------------------------------------
---------------------------------------------------------------------------------
Finished Handling Custom Attributes : Time (s): cpu = 00:00:16 ; elapsed = 00:00:17 . Memory (MB): peak = 4764.379 ; gain = 2245.387 ; free physical = 652 ; free virtual = 46836
---------------------------------------------------------------------------------
---------------------------------------------------------------------------------
Start Renaming Generated Nets
---------------------------------------------------------------------------------
---------------------------------------------------------------------------------
Finished Renaming Generated Nets : Time (s): cpu = 00:00:16 ; elapsed = 00:00:17 . Memory (MB): peak = 4764.379 ; gain = 2245.387 ; free physical = 652 ; free virtual = 46836
---------------------------------------------------------------------------------
---------------------------------------------------------------------------------
Start Writing Synthesis Report
---------------------------------------------------------------------------------

Report BlackBoxes: 
+-+--------------+----------+
| |BlackBox name |Instances |
+-+--------------+----------+
+-+--------------+----------+

Report Cell Usage: 
+------+--------+------+
|      |Cell    |Count |
+------+--------+------+
|1     |BUFG_PS |     1|
|2     |LUT1    |   264|
|3     |PS8     |     1|
+------+--------+------+
---------------------------------------------------------------------------------
Finished Writing Synthesis Report : Time (s): cpu = 00:00:16 ; elapsed = 00:00:17 . Memory (MB): peak = 4764.379 ; gain = 2245.387 ; free physical = 652 ; free virtual = 46836
---------------------------------------------------------------------------------
Synthesis finished with 0 errors, 0 critical warnings and 570 warnings.
Synthesis Optimization Runtime : Time (s): cpu = 00:00:14 ; elapsed = 00:00:14 . Memory (MB): peak = 4764.379 ; gain = 2170.387 ; free physical = 565 ; free virtual = 46749
Synthesis Optimization Complete : Time (s): cpu = 00:00:17 ; elapsed = 00:00:18 . Memory (MB): peak = 4764.379 ; gain = 2245.387 ; free physical = 565 ; free virtual = 46749
INFO: [Project 1-571] Translating synthesized netlist
Netlist sorting complete. Time (s): cpu = 00:00:00.01 ; elapsed = 00:00:00.02 . Memory (MB): peak = 4764.379 ; gain = 0.000 ; free physical = 690 ; free virtual = 46874
INFO: [Project 1-570] Preparing netlist for logic optimization
INFO: [Opt 31-138] Pushed 0 inverter(s) to 0 load pin(s).
Netlist sorting complete. Time (s): cpu = 00:00:00 ; elapsed = 00:00:00 . Memory (MB): peak = 4764.379 ; gain = 0.000 ; free physical = 600 ; free virtual = 46542
INFO: [Project 1-111] Unisim Transformation Summary:
No Unisim elements were transformed.

Synth Design complete | Checksum: 5392c6c8
INFO: [Common 17-83] Releasing license: Synthesis
134 Infos, 175 Warnings, 0 Critical Warnings and 0 Errors encountered.
synth_design completed successfully
synth_design: Time (s): cpu = 00:00:21 ; elapsed = 00:00:22 . Memory (MB): peak = 4764.379 ; gain = 3205.656 ; free physical = 559 ; free virtual = 46501
INFO: [Common 17-2834] synth_design peak Physical Memory [PSS] (MB): overall = 3601.958; main = 3601.958; forked = 185.054
INFO: [Common 17-2834] synth_design peak Virtual Memory [VSS] (MB): overall = 4690.551; main = 4690.551; forked = 908.113
INFO: [Common 17-1381] The checkpoint '/home/researchadmin/ConvBlock/ConvBlock.runs/Redesign_zynq_ultra_ps_e_0_0_synth_1/Redesign_zynq_ultra_ps_e_0_0.dcp' has been generated.
INFO: [Coretcl 2-1648] Added synthesis output to IP cache for IP Redesign_zynq_ultra_ps_e_0_0, cache-ID = 445ef4b3a58e6ca0
INFO: [Common 17-1381] The checkpoint '/home/researchadmin/ConvBlock/ConvBlock.runs/Redesign_zynq_ultra_ps_e_0_0_synth_1/Redesign_zynq_ultra_ps_e_0_0.dcp' has been generated.
INFO: [Vivado 12-24828] Executing command : report_utilization -file Redesign_zynq_ultra_ps_e_0_0_utilization_synth.rpt -pb Redesign_zynq_ultra_ps_e_0_0_utilization_synth.pb
INFO: [Common 17-206] Exiting Vivado at Wed Feb 18 10:00:23 2026...
