
*** Running vivado
    with args -log Redesign_wrapper.vds -m64 -product Vivado -mode batch -messageDb vivado.pb -notrace -source Redesign_wrapper.tcl


****** Vivado v2024.2 (64-bit)
  **** SW Build 5239630 on Fri Nov 08 22:34:34 MST 2024
  **** IP Build 5239520 on Sun Nov 10 16:12:51 MST 2024
  **** SharedData Build 5239561 on Fri Nov 08 14:39:27 MST 2024
  **** Start of session at: Wed Feb 18 13:54:47 2026
    ** Copyright 1986-2022 Xilinx, Inc. All Rights Reserved.
    ** Copyright 2022-2024 Advanced Micro Devices, Inc. All Rights Reserved.

source Redesign_wrapper.tcl -notrace
INFO: [IP_Flow 19-234] Refreshing IP repositories
INFO: [IP_Flow 19-1700] Loaded user IP repository '/home/researchadmin/korino/arm/hls/conv_engine_hls/solution1/impl'.
INFO: [IP_Flow 19-1700] Loaded user IP repository '/home/researchadmin/korino/arm/hls/9feb/tinyyolo_zcu102/solution1/impl'.
INFO: [IP_Flow 19-1700] Loaded user IP repository '/home/researchadmin/korino/arm/hls/11feb/tinyyolo_zcu102/solution1/impl/ip'.
INFO: [IP_Flow 19-1700] Loaded user IP repository '/home/researchadmin/korino/arm/hls/13feb/tinyyolo_zcu102/solution1/impl/ip'.
INFO: [IP_Flow 19-1700] Loaded user IP repository '/home/researchadmin/korino/arm/hls/16feb/tinyyolo_zcu102/solution1/impl/ip'.
INFO: [IP_Flow 19-1700] Loaded user IP repository '/home/researchadmin/korino/arm/hls/16feb/tinyyolo_zcu102_v3/solution1/impl/ip'.
INFO: [IP_Flow 19-2313] Loaded Vivado IP repository '/mnt/FPGA_DISK/Xilinx/Vivado/2024.2/data/ip'.
WARNING: [IP_Flow 19-1663] Duplicate IP found for 'User:hls:conv_engine:1.0'. The one found in IP location '/home/researchadmin/korino/arm/hls/16feb/tinyyolo_zcu102/solution1/impl/ip' will take precedence over the same IP in locations: 
   /home/researchadmin/korino/arm/hls/9feb/tinyyolo_zcu102/solution1/impl/ip
   /home/researchadmin/korino/arm/hls/11feb/tinyyolo_zcu102/solution1/impl/ip
   /home/researchadmin/korino/arm/hls/13feb/tinyyolo_zcu102/solution1/impl/ip
WARNING: [IP_Flow 19-1663] Duplicate IP found for 'xilinx.com:hls:conv_engine:1.0'. The one found in IP location '/home/researchadmin/korino/arm/hls/16feb/tinyyolo_zcu102_v3/solution1/impl/ip' will take precedence over the same IP in location /home/researchadmin/korino/arm/hls/16feb/tinyyolo_zcu102/solution1/impl/ip/export
Command: read_checkpoint -auto_incremental -incremental /home/researchadmin/ConvBlock/ConvBlock.srcs/utils_1/imports/synth_1/design_1_wrapper.dcp
INFO: [Vivado 12-5825] Read reference checkpoint from /home/researchadmin/ConvBlock/ConvBlock.srcs/utils_1/imports/synth_1/design_1_wrapper.dcp for incremental synthesis
INFO: [Vivado 12-7989] Please ensure there are no constraint changes
Command: synth_design -top Redesign_wrapper -part xczu9eg-ffvb1156-2-e
Starting synth_design
Attempting to get a license for feature 'Synthesis' and/or device 'xczu9eg'
INFO: [Common 17-349] Got license for feature 'Synthesis' and/or device 'xczu9eg'
INFO: [Device 21-403] Loading part xczu9eg-ffvb1156-2-e
INFO: [Designutils 20-5440] No compile time benefit to using incremental synthesis; A full resynthesis will be run
INFO: [Designutils 20-4379] Flow is switching to default flow due to incremental criteria not met. If you would like to alter this behaviour and have the flow terminate instead, please set the following parameter config_implementation {autoIncr.Synth.RejectBehavior Terminate}
INFO: [Synth 8-7079] Multithreading enabled for synth_design using a maximum of 7 processes.
INFO: [Synth 8-7078] Launching helper process for spawning children vivado processes
INFO: [Synth 8-7075] Helper process launched with PID 3126836
---------------------------------------------------------------------------------
Starting RTL Elaboration : Time (s): cpu = 00:00:02 ; elapsed = 00:00:02 . Memory (MB): peak = 2703.988 ; gain = 122.559 ; free physical = 19362 ; free virtual = 58567
---------------------------------------------------------------------------------
INFO: [Synth 8-6157] synthesizing module 'Redesign_wrapper' [/home/researchadmin/ConvBlock/ConvBlock.gen/sources_1/bd/Redesign/hdl/Redesign_wrapper.v:13]
INFO: [Synth 8-6157] synthesizing module 'Redesign' [/home/researchadmin/ConvBlock/ConvBlock.gen/sources_1/bd/Redesign/synth/Redesign.v:13]
INFO: [Synth 8-6157] synthesizing module 'Redesign_conv_engine_1_0' [/home/researchadmin/ConvBlock/ConvBlock.runs/synth_1/.Xil/Vivado-3126667-RMP-RESEARCH4/realtime/Redesign_conv_engine_1_0_stub.v:6]
INFO: [Synth 8-6155] done synthesizing module 'Redesign_conv_engine_1_0' (0#1) [/home/researchadmin/ConvBlock/ConvBlock.runs/synth_1/.Xil/Vivado-3126667-RMP-RESEARCH4/realtime/Redesign_conv_engine_1_0_stub.v:6]
WARNING: [Synth 8-7071] port 'interrupt' of module 'Redesign_conv_engine_1_0' is unconnected for instance 'conv_engine_1' [/home/researchadmin/ConvBlock/ConvBlock.gen/sources_1/bd/Redesign/synth/Redesign.v:244]
WARNING: [Synth 8-7071] port 'm_axi_gmem0_ARREGION' of module 'Redesign_conv_engine_1_0' is unconnected for instance 'conv_engine_1' [/home/researchadmin/ConvBlock/ConvBlock.gen/sources_1/bd/Redesign/synth/Redesign.v:244]
WARNING: [Synth 8-7071] port 'm_axi_gmem0_AWADDR' of module 'Redesign_conv_engine_1_0' is unconnected for instance 'conv_engine_1' [/home/researchadmin/ConvBlock/ConvBlock.gen/sources_1/bd/Redesign/synth/Redesign.v:244]
WARNING: [Synth 8-7071] port 'm_axi_gmem0_AWBURST' of module 'Redesign_conv_engine_1_0' is unconnected for instance 'conv_engine_1' [/home/researchadmin/ConvBlock/ConvBlock.gen/sources_1/bd/Redesign/synth/Redesign.v:244]
WARNING: [Synth 8-7071] port 'm_axi_gmem0_AWCACHE' of module 'Redesign_conv_engine_1_0' is unconnected for instance 'conv_engine_1' [/home/researchadmin/ConvBlock/ConvBlock.gen/sources_1/bd/Redesign/synth/Redesign.v:244]
WARNING: [Synth 8-7071] port 'm_axi_gmem0_AWID' of module 'Redesign_conv_engine_1_0' is unconnected for instance 'conv_engine_1' [/home/researchadmin/ConvBlock/ConvBlock.gen/sources_1/bd/Redesign/synth/Redesign.v:244]
WARNING: [Synth 8-7071] port 'm_axi_gmem0_AWLEN' of module 'Redesign_conv_engine_1_0' is unconnected for instance 'conv_engine_1' [/home/researchadmin/ConvBlock/ConvBlock.gen/sources_1/bd/Redesign/synth/Redesign.v:244]
WARNING: [Synth 8-7071] port 'm_axi_gmem0_AWLOCK' of module 'Redesign_conv_engine_1_0' is unconnected for instance 'conv_engine_1' [/home/researchadmin/ConvBlock/ConvBlock.gen/sources_1/bd/Redesign/synth/Redesign.v:244]
WARNING: [Synth 8-7071] port 'm_axi_gmem0_AWPROT' of module 'Redesign_conv_engine_1_0' is unconnected for instance 'conv_engine_1' [/home/researchadmin/ConvBlock/ConvBlock.gen/sources_1/bd/Redesign/synth/Redesign.v:244]
WARNING: [Synth 8-7071] port 'm_axi_gmem0_AWQOS' of module 'Redesign_conv_engine_1_0' is unconnected for instance 'conv_engine_1' [/home/researchadmin/ConvBlock/ConvBlock.gen/sources_1/bd/Redesign/synth/Redesign.v:244]
WARNING: [Synth 8-7071] port 'm_axi_gmem0_AWREGION' of module 'Redesign_conv_engine_1_0' is unconnected for instance 'conv_engine_1' [/home/researchadmin/ConvBlock/ConvBlock.gen/sources_1/bd/Redesign/synth/Redesign.v:244]
WARNING: [Synth 8-7071] port 'm_axi_gmem0_AWSIZE' of module 'Redesign_conv_engine_1_0' is unconnected for instance 'conv_engine_1' [/home/researchadmin/ConvBlock/ConvBlock.gen/sources_1/bd/Redesign/synth/Redesign.v:244]
WARNING: [Synth 8-7071] port 'm_axi_gmem0_AWVALID' of module 'Redesign_conv_engine_1_0' is unconnected for instance 'conv_engine_1' [/home/researchadmin/ConvBlock/ConvBlock.gen/sources_1/bd/Redesign/synth/Redesign.v:244]
WARNING: [Synth 8-7071] port 'm_axi_gmem0_BREADY' of module 'Redesign_conv_engine_1_0' is unconnected for instance 'conv_engine_1' [/home/researchadmin/ConvBlock/ConvBlock.gen/sources_1/bd/Redesign/synth/Redesign.v:244]
WARNING: [Synth 8-7071] port 'm_axi_gmem0_WDATA' of module 'Redesign_conv_engine_1_0' is unconnected for instance 'conv_engine_1' [/home/researchadmin/ConvBlock/ConvBlock.gen/sources_1/bd/Redesign/synth/Redesign.v:244]
WARNING: [Synth 8-7071] port 'm_axi_gmem0_WID' of module 'Redesign_conv_engine_1_0' is unconnected for instance 'conv_engine_1' [/home/researchadmin/ConvBlock/ConvBlock.gen/sources_1/bd/Redesign/synth/Redesign.v:244]
WARNING: [Synth 8-7071] port 'm_axi_gmem0_WLAST' of module 'Redesign_conv_engine_1_0' is unconnected for instance 'conv_engine_1' [/home/researchadmin/ConvBlock/ConvBlock.gen/sources_1/bd/Redesign/synth/Redesign.v:244]
WARNING: [Synth 8-7071] port 'm_axi_gmem0_WSTRB' of module 'Redesign_conv_engine_1_0' is unconnected for instance 'conv_engine_1' [/home/researchadmin/ConvBlock/ConvBlock.gen/sources_1/bd/Redesign/synth/Redesign.v:244]
WARNING: [Synth 8-7071] port 'm_axi_gmem0_WVALID' of module 'Redesign_conv_engine_1_0' is unconnected for instance 'conv_engine_1' [/home/researchadmin/ConvBlock/ConvBlock.gen/sources_1/bd/Redesign/synth/Redesign.v:244]
WARNING: [Synth 8-7071] port 'm_axi_gmem1_ARREGION' of module 'Redesign_conv_engine_1_0' is unconnected for instance 'conv_engine_1' [/home/researchadmin/ConvBlock/ConvBlock.gen/sources_1/bd/Redesign/synth/Redesign.v:244]
WARNING: [Synth 8-7071] port 'm_axi_gmem1_AWREGION' of module 'Redesign_conv_engine_1_0' is unconnected for instance 'conv_engine_1' [/home/researchadmin/ConvBlock/ConvBlock.gen/sources_1/bd/Redesign/synth/Redesign.v:244]
WARNING: [Synth 8-7071] port 'm_axi_gmem1_WID' of module 'Redesign_conv_engine_1_0' is unconnected for instance 'conv_engine_1' [/home/researchadmin/ConvBlock/ConvBlock.gen/sources_1/bd/Redesign/synth/Redesign.v:244]
WARNING: [Synth 8-7071] port 'm_axi_gmem2_ARREGION' of module 'Redesign_conv_engine_1_0' is unconnected for instance 'conv_engine_1' [/home/researchadmin/ConvBlock/ConvBlock.gen/sources_1/bd/Redesign/synth/Redesign.v:244]
WARNING: [Synth 8-7071] port 'm_axi_gmem2_AWADDR' of module 'Redesign_conv_engine_1_0' is unconnected for instance 'conv_engine_1' [/home/researchadmin/ConvBlock/ConvBlock.gen/sources_1/bd/Redesign/synth/Redesign.v:244]
WARNING: [Synth 8-7071] port 'm_axi_gmem2_AWBURST' of module 'Redesign_conv_engine_1_0' is unconnected for instance 'conv_engine_1' [/home/researchadmin/ConvBlock/ConvBlock.gen/sources_1/bd/Redesign/synth/Redesign.v:244]
WARNING: [Synth 8-7071] port 'm_axi_gmem2_AWCACHE' of module 'Redesign_conv_engine_1_0' is unconnected for instance 'conv_engine_1' [/home/researchadmin/ConvBlock/ConvBlock.gen/sources_1/bd/Redesign/synth/Redesign.v:244]
WARNING: [Synth 8-7071] port 'm_axi_gmem2_AWID' of module 'Redesign_conv_engine_1_0' is unconnected for instance 'conv_engine_1' [/home/researchadmin/ConvBlock/ConvBlock.gen/sources_1/bd/Redesign/synth/Redesign.v:244]
WARNING: [Synth 8-7071] port 'm_axi_gmem2_AWLEN' of module 'Redesign_conv_engine_1_0' is unconnected for instance 'conv_engine_1' [/home/researchadmin/ConvBlock/ConvBlock.gen/sources_1/bd/Redesign/synth/Redesign.v:244]
WARNING: [Synth 8-7071] port 'm_axi_gmem2_AWLOCK' of module 'Redesign_conv_engine_1_0' is unconnected for instance 'conv_engine_1' [/home/researchadmin/ConvBlock/ConvBlock.gen/sources_1/bd/Redesign/synth/Redesign.v:244]
WARNING: [Synth 8-7071] port 'm_axi_gmem2_AWPROT' of module 'Redesign_conv_engine_1_0' is unconnected for instance 'conv_engine_1' [/home/researchadmin/ConvBlock/ConvBlock.gen/sources_1/bd/Redesign/synth/Redesign.v:244]
WARNING: [Synth 8-7071] port 'm_axi_gmem2_AWQOS' of module 'Redesign_conv_engine_1_0' is unconnected for instance 'conv_engine_1' [/home/researchadmin/ConvBlock/ConvBlock.gen/sources_1/bd/Redesign/synth/Redesign.v:244]
WARNING: [Synth 8-7071] port 'm_axi_gmem2_AWREGION' of module 'Redesign_conv_engine_1_0' is unconnected for instance 'conv_engine_1' [/home/researchadmin/ConvBlock/ConvBlock.gen/sources_1/bd/Redesign/synth/Redesign.v:244]
WARNING: [Synth 8-7071] port 'm_axi_gmem2_AWSIZE' of module 'Redesign_conv_engine_1_0' is unconnected for instance 'conv_engine_1' [/home/researchadmin/ConvBlock/ConvBlock.gen/sources_1/bd/Redesign/synth/Redesign.v:244]
WARNING: [Synth 8-7071] port 'm_axi_gmem2_AWVALID' of module 'Redesign_conv_engine_1_0' is unconnected for instance 'conv_engine_1' [/home/researchadmin/ConvBlock/ConvBlock.gen/sources_1/bd/Redesign/synth/Redesign.v:244]
WARNING: [Synth 8-7071] port 'm_axi_gmem2_BREADY' of module 'Redesign_conv_engine_1_0' is unconnected for instance 'conv_engine_1' [/home/researchadmin/ConvBlock/ConvBlock.gen/sources_1/bd/Redesign/synth/Redesign.v:244]
WARNING: [Synth 8-7071] port 'm_axi_gmem2_WDATA' of module 'Redesign_conv_engine_1_0' is unconnected for instance 'conv_engine_1' [/home/researchadmin/ConvBlock/ConvBlock.gen/sources_1/bd/Redesign/synth/Redesign.v:244]
WARNING: [Synth 8-7071] port 'm_axi_gmem2_WID' of module 'Redesign_conv_engine_1_0' is unconnected for instance 'conv_engine_1' [/home/researchadmin/ConvBlock/ConvBlock.gen/sources_1/bd/Redesign/synth/Redesign.v:244]
WARNING: [Synth 8-7071] port 'm_axi_gmem2_WLAST' of module 'Redesign_conv_engine_1_0' is unconnected for instance 'conv_engine_1' [/home/researchadmin/ConvBlock/ConvBlock.gen/sources_1/bd/Redesign/synth/Redesign.v:244]
WARNING: [Synth 8-7071] port 'm_axi_gmem2_WSTRB' of module 'Redesign_conv_engine_1_0' is unconnected for instance 'conv_engine_1' [/home/researchadmin/ConvBlock/ConvBlock.gen/sources_1/bd/Redesign/synth/Redesign.v:244]
WARNING: [Synth 8-7071] port 'm_axi_gmem2_WVALID' of module 'Redesign_conv_engine_1_0' is unconnected for instance 'conv_engine_1' [/home/researchadmin/ConvBlock/ConvBlock.gen/sources_1/bd/Redesign/synth/Redesign.v:244]
WARNING: [Synth 8-7071] port 'm_axi_gmem3_ARREGION' of module 'Redesign_conv_engine_1_0' is unconnected for instance 'conv_engine_1' [/home/researchadmin/ConvBlock/ConvBlock.gen/sources_1/bd/Redesign/synth/Redesign.v:244]
WARNING: [Synth 8-7071] port 'm_axi_gmem3_AWADDR' of module 'Redesign_conv_engine_1_0' is unconnected for instance 'conv_engine_1' [/home/researchadmin/ConvBlock/ConvBlock.gen/sources_1/bd/Redesign/synth/Redesign.v:244]
WARNING: [Synth 8-7071] port 'm_axi_gmem3_AWBURST' of module 'Redesign_conv_engine_1_0' is unconnected for instance 'conv_engine_1' [/home/researchadmin/ConvBlock/ConvBlock.gen/sources_1/bd/Redesign/synth/Redesign.v:244]
WARNING: [Synth 8-7071] port 'm_axi_gmem3_AWCACHE' of module 'Redesign_conv_engine_1_0' is unconnected for instance 'conv_engine_1' [/home/researchadmin/ConvBlock/ConvBlock.gen/sources_1/bd/Redesign/synth/Redesign.v:244]
WARNING: [Synth 8-7071] port 'm_axi_gmem3_AWID' of module 'Redesign_conv_engine_1_0' is unconnected for instance 'conv_engine_1' [/home/researchadmin/ConvBlock/ConvBlock.gen/sources_1/bd/Redesign/synth/Redesign.v:244]
WARNING: [Synth 8-7071] port 'm_axi_gmem3_AWLEN' of module 'Redesign_conv_engine_1_0' is unconnected for instance 'conv_engine_1' [/home/researchadmin/ConvBlock/ConvBlock.gen/sources_1/bd/Redesign/synth/Redesign.v:244]
WARNING: [Synth 8-7071] port 'm_axi_gmem3_AWLOCK' of module 'Redesign_conv_engine_1_0' is unconnected for instance 'conv_engine_1' [/home/researchadmin/ConvBlock/ConvBlock.gen/sources_1/bd/Redesign/synth/Redesign.v:244]
WARNING: [Synth 8-7071] port 'm_axi_gmem3_AWPROT' of module 'Redesign_conv_engine_1_0' is unconnected for instance 'conv_engine_1' [/home/researchadmin/ConvBlock/ConvBlock.gen/sources_1/bd/Redesign/synth/Redesign.v:244]
WARNING: [Synth 8-7071] port 'm_axi_gmem3_AWQOS' of module 'Redesign_conv_engine_1_0' is unconnected for instance 'conv_engine_1' [/home/researchadmin/ConvBlock/ConvBlock.gen/sources_1/bd/Redesign/synth/Redesign.v:244]
WARNING: [Synth 8-7071] port 'm_axi_gmem3_AWREGION' of module 'Redesign_conv_engine_1_0' is unconnected for instance 'conv_engine_1' [/home/researchadmin/ConvBlock/ConvBlock.gen/sources_1/bd/Redesign/synth/Redesign.v:244]
WARNING: [Synth 8-7071] port 'm_axi_gmem3_AWSIZE' of module 'Redesign_conv_engine_1_0' is unconnected for instance 'conv_engine_1' [/home/researchadmin/ConvBlock/ConvBlock.gen/sources_1/bd/Redesign/synth/Redesign.v:244]
WARNING: [Synth 8-7071] port 'm_axi_gmem3_AWVALID' of module 'Redesign_conv_engine_1_0' is unconnected for instance 'conv_engine_1' [/home/researchadmin/ConvBlock/ConvBlock.gen/sources_1/bd/Redesign/synth/Redesign.v:244]
WARNING: [Synth 8-7071] port 'm_axi_gmem3_BREADY' of module 'Redesign_conv_engine_1_0' is unconnected for instance 'conv_engine_1' [/home/researchadmin/ConvBlock/ConvBlock.gen/sources_1/bd/Redesign/synth/Redesign.v:244]
WARNING: [Synth 8-7071] port 'm_axi_gmem3_WDATA' of module 'Redesign_conv_engine_1_0' is unconnected for instance 'conv_engine_1' [/home/researchadmin/ConvBlock/ConvBlock.gen/sources_1/bd/Redesign/synth/Redesign.v:244]
WARNING: [Synth 8-7071] port 'm_axi_gmem3_WID' of module 'Redesign_conv_engine_1_0' is unconnected for instance 'conv_engine_1' [/home/researchadmin/ConvBlock/ConvBlock.gen/sources_1/bd/Redesign/synth/Redesign.v:244]
WARNING: [Synth 8-7071] port 'm_axi_gmem3_WLAST' of module 'Redesign_conv_engine_1_0' is unconnected for instance 'conv_engine_1' [/home/researchadmin/ConvBlock/ConvBlock.gen/sources_1/bd/Redesign/synth/Redesign.v:244]
WARNING: [Synth 8-7071] port 'm_axi_gmem3_WSTRB' of module 'Redesign_conv_engine_1_0' is unconnected for instance 'conv_engine_1' [/home/researchadmin/ConvBlock/ConvBlock.gen/sources_1/bd/Redesign/synth/Redesign.v:244]
WARNING: [Synth 8-7071] port 'm_axi_gmem3_WVALID' of module 'Redesign_conv_engine_1_0' is unconnected for instance 'conv_engine_1' [/home/researchadmin/ConvBlock/ConvBlock.gen/sources_1/bd/Redesign/synth/Redesign.v:244]
WARNING: [Synth 8-7023] instance 'conv_engine_1' of module 'Redesign_conv_engine_1_0' has 180 connections declared, but only 122 given [/home/researchadmin/ConvBlock/ConvBlock.gen/sources_1/bd/Redesign/synth/Redesign.v:244]
INFO: [Synth 8-6157] synthesizing module 'Redesign_rst_ps8_0_99M_0' [/home/researchadmin/ConvBlock/ConvBlock.runs/synth_1/.Xil/Vivado-3126667-RMP-RESEARCH4/realtime/Redesign_rst_ps8_0_99M_0_stub.v:6]
INFO: [Synth 8-6155] done synthesizing module 'Redesign_rst_ps8_0_99M_0' (0#1) [/home/researchadmin/ConvBlock/ConvBlock.runs/synth_1/.Xil/Vivado-3126667-RMP-RESEARCH4/realtime/Redesign_rst_ps8_0_99M_0_stub.v:6]
WARNING: [Synth 8-7071] port 'mb_reset' of module 'Redesign_rst_ps8_0_99M_0' is unconnected for instance 'rst_ps8_0_99M' [/home/researchadmin/ConvBlock/ConvBlock.gen/sources_1/bd/Redesign/synth/Redesign.v:367]
WARNING: [Synth 8-7071] port 'bus_struct_reset' of module 'Redesign_rst_ps8_0_99M_0' is unconnected for instance 'rst_ps8_0_99M' [/home/researchadmin/ConvBlock/ConvBlock.gen/sources_1/bd/Redesign/synth/Redesign.v:367]
WARNING: [Synth 8-7071] port 'peripheral_reset' of module 'Redesign_rst_ps8_0_99M_0' is unconnected for instance 'rst_ps8_0_99M' [/home/researchadmin/ConvBlock/ConvBlock.gen/sources_1/bd/Redesign/synth/Redesign.v:367]
WARNING: [Synth 8-7023] instance 'rst_ps8_0_99M' of module 'Redesign_rst_ps8_0_99M_0' has 10 connections declared, but only 7 given [/home/researchadmin/ConvBlock/ConvBlock.gen/sources_1/bd/Redesign/synth/Redesign.v:367]
INFO: [Synth 8-6157] synthesizing module 'Redesign_smartconnect_0_2' [/home/researchadmin/ConvBlock/ConvBlock.runs/synth_1/.Xil/Vivado-3126667-RMP-RESEARCH4/realtime/Redesign_smartconnect_0_2_stub.v:6]
INFO: [Synth 8-6155] done synthesizing module 'Redesign_smartconnect_0_2' (0#1) [/home/researchadmin/ConvBlock/ConvBlock.runs/synth_1/.Xil/Vivado-3126667-RMP-RESEARCH4/realtime/Redesign_smartconnect_0_2_stub.v:6]
INFO: [Synth 8-6157] synthesizing module 'Redesign_smartconnect_0_3' [/home/researchadmin/ConvBlock/ConvBlock.runs/synth_1/.Xil/Vivado-3126667-RMP-RESEARCH4/realtime/Redesign_smartconnect_0_3_stub.v:6]
INFO: [Synth 8-6155] done synthesizing module 'Redesign_smartconnect_0_3' (0#1) [/home/researchadmin/ConvBlock/ConvBlock.runs/synth_1/.Xil/Vivado-3126667-RMP-RESEARCH4/realtime/Redesign_smartconnect_0_3_stub.v:6]
INFO: [Synth 8-6157] synthesizing module 'Redesign_smartconnect_0_4' [/home/researchadmin/ConvBlock/ConvBlock.runs/synth_1/.Xil/Vivado-3126667-RMP-RESEARCH4/realtime/Redesign_smartconnect_0_4_stub.v:6]
INFO: [Synth 8-6155] done synthesizing module 'Redesign_smartconnect_0_4' (0#1) [/home/researchadmin/ConvBlock/ConvBlock.runs/synth_1/.Xil/Vivado-3126667-RMP-RESEARCH4/realtime/Redesign_smartconnect_0_4_stub.v:6]
INFO: [Synth 8-6157] synthesizing module 'Redesign_smartconnect_0_5' [/home/researchadmin/ConvBlock/ConvBlock.runs/synth_1/.Xil/Vivado-3126667-RMP-RESEARCH4/realtime/Redesign_smartconnect_0_5_stub.v:6]
INFO: [Synth 8-6155] done synthesizing module 'Redesign_smartconnect_0_5' (0#1) [/home/researchadmin/ConvBlock/ConvBlock.runs/synth_1/.Xil/Vivado-3126667-RMP-RESEARCH4/realtime/Redesign_smartconnect_0_5_stub.v:6]
INFO: [Synth 8-6157] synthesizing module 'Redesign_smartconnect_0_6' [/home/researchadmin/ConvBlock/ConvBlock.runs/synth_1/.Xil/Vivado-3126667-RMP-RESEARCH4/realtime/Redesign_smartconnect_0_6_stub.v:6]
INFO: [Synth 8-6155] done synthesizing module 'Redesign_smartconnect_0_6' (0#1) [/home/researchadmin/ConvBlock/ConvBlock.runs/synth_1/.Xil/Vivado-3126667-RMP-RESEARCH4/realtime/Redesign_smartconnect_0_6_stub.v:6]
WARNING: [Synth 8-7071] port 'M00_AXI_awprot' of module 'Redesign_smartconnect_0_6' is unconnected for instance 'smartconnect_4' [/home/researchadmin/ConvBlock/ConvBlock.gen/sources_1/bd/Redesign/synth/Redesign.v:553]
WARNING: [Synth 8-7071] port 'M00_AXI_arprot' of module 'Redesign_smartconnect_0_6' is unconnected for instance 'smartconnect_4' [/home/researchadmin/ConvBlock/ConvBlock.gen/sources_1/bd/Redesign/synth/Redesign.v:553]
WARNING: [Synth 8-7023] instance 'smartconnect_4' of module 'Redesign_smartconnect_0_6' has 60 connections declared, but only 58 given [/home/researchadmin/ConvBlock/ConvBlock.gen/sources_1/bd/Redesign/synth/Redesign.v:553]
INFO: [Synth 8-6157] synthesizing module 'Redesign_zynq_ultra_ps_e_0_0' [/home/researchadmin/ConvBlock/ConvBlock.runs/synth_1/.Xil/Vivado-3126667-RMP-RESEARCH4/realtime/Redesign_zynq_ultra_ps_e_0_0_stub.v:6]
INFO: [Synth 8-6155] done synthesizing module 'Redesign_zynq_ultra_ps_e_0_0' (0#1) [/home/researchadmin/ConvBlock/ConvBlock.runs/synth_1/.Xil/Vivado-3126667-RMP-RESEARCH4/realtime/Redesign_zynq_ultra_ps_e_0_0_stub.v:6]
WARNING: [Synth 8-7071] port 'saxigp2_awready' of module 'Redesign_zynq_ultra_ps_e_0_0' is unconnected for instance 'zynq_ultra_ps_e_0' [/home/researchadmin/ConvBlock/ConvBlock.gen/sources_1/bd/Redesign/synth/Redesign.v:612]
WARNING: [Synth 8-7071] port 'saxigp2_wready' of module 'Redesign_zynq_ultra_ps_e_0_0' is unconnected for instance 'zynq_ultra_ps_e_0' [/home/researchadmin/ConvBlock/ConvBlock.gen/sources_1/bd/Redesign/synth/Redesign.v:612]
WARNING: [Synth 8-7071] port 'saxigp2_bid' of module 'Redesign_zynq_ultra_ps_e_0_0' is unconnected for instance 'zynq_ultra_ps_e_0' [/home/researchadmin/ConvBlock/ConvBlock.gen/sources_1/bd/Redesign/synth/Redesign.v:612]
WARNING: [Synth 8-7071] port 'saxigp2_bresp' of module 'Redesign_zynq_ultra_ps_e_0_0' is unconnected for instance 'zynq_ultra_ps_e_0' [/home/researchadmin/ConvBlock/ConvBlock.gen/sources_1/bd/Redesign/synth/Redesign.v:612]
WARNING: [Synth 8-7071] port 'saxigp2_bvalid' of module 'Redesign_zynq_ultra_ps_e_0_0' is unconnected for instance 'zynq_ultra_ps_e_0' [/home/researchadmin/ConvBlock/ConvBlock.gen/sources_1/bd/Redesign/synth/Redesign.v:612]
WARNING: [Synth 8-7071] port 'saxigp2_rid' of module 'Redesign_zynq_ultra_ps_e_0_0' is unconnected for instance 'zynq_ultra_ps_e_0' [/home/researchadmin/ConvBlock/ConvBlock.gen/sources_1/bd/Redesign/synth/Redesign.v:612]
WARNING: [Synth 8-7071] port 'saxigp3_bid' of module 'Redesign_zynq_ultra_ps_e_0_0' is unconnected for instance 'zynq_ultra_ps_e_0' [/home/researchadmin/ConvBlock/ConvBlock.gen/sources_1/bd/Redesign/synth/Redesign.v:612]
WARNING: [Synth 8-7071] port 'saxigp3_rid' of module 'Redesign_zynq_ultra_ps_e_0_0' is unconnected for instance 'zynq_ultra_ps_e_0' [/home/researchadmin/ConvBlock/ConvBlock.gen/sources_1/bd/Redesign/synth/Redesign.v:612]
WARNING: [Synth 8-7071] port 'saxigp4_awready' of module 'Redesign_zynq_ultra_ps_e_0_0' is unconnected for instance 'zynq_ultra_ps_e_0' [/home/researchadmin/ConvBlock/ConvBlock.gen/sources_1/bd/Redesign/synth/Redesign.v:612]
WARNING: [Synth 8-7071] port 'saxigp4_wready' of module 'Redesign_zynq_ultra_ps_e_0_0' is unconnected for instance 'zynq_ultra_ps_e_0' [/home/researchadmin/ConvBlock/ConvBlock.gen/sources_1/bd/Redesign/synth/Redesign.v:612]
WARNING: [Synth 8-7071] port 'saxigp4_bid' of module 'Redesign_zynq_ultra_ps_e_0_0' is unconnected for instance 'zynq_ultra_ps_e_0' [/home/researchadmin/ConvBlock/ConvBlock.gen/sources_1/bd/Redesign/synth/Redesign.v:612]
WARNING: [Synth 8-7071] port 'saxigp4_bresp' of module 'Redesign_zynq_ultra_ps_e_0_0' is unconnected for instance 'zynq_ultra_ps_e_0' [/home/researchadmin/ConvBlock/ConvBlock.gen/sources_1/bd/Redesign/synth/Redesign.v:612]
WARNING: [Synth 8-7071] port 'saxigp4_bvalid' of module 'Redesign_zynq_ultra_ps_e_0_0' is unconnected for instance 'zynq_ultra_ps_e_0' [/home/researchadmin/ConvBlock/ConvBlock.gen/sources_1/bd/Redesign/synth/Redesign.v:612]
WARNING: [Synth 8-7071] port 'saxigp4_rid' of module 'Redesign_zynq_ultra_ps_e_0_0' is unconnected for instance 'zynq_ultra_ps_e_0' [/home/researchadmin/ConvBlock/ConvBlock.gen/sources_1/bd/Redesign/synth/Redesign.v:612]
WARNING: [Synth 8-7071] port 'saxigp5_awready' of module 'Redesign_zynq_ultra_ps_e_0_0' is unconnected for instance 'zynq_ultra_ps_e_0' [/home/researchadmin/ConvBlock/ConvBlock.gen/sources_1/bd/Redesign/synth/Redesign.v:612]
WARNING: [Synth 8-7071] port 'saxigp5_wready' of module 'Redesign_zynq_ultra_ps_e_0_0' is unconnected for instance 'zynq_ultra_ps_e_0' [/home/researchadmin/ConvBlock/ConvBlock.gen/sources_1/bd/Redesign/synth/Redesign.v:612]
WARNING: [Synth 8-7071] port 'saxigp5_bid' of module 'Redesign_zynq_ultra_ps_e_0_0' is unconnected for instance 'zynq_ultra_ps_e_0' [/home/researchadmin/ConvBlock/ConvBlock.gen/sources_1/bd/Redesign/synth/Redesign.v:612]
WARNING: [Synth 8-7071] port 'saxigp5_bresp' of module 'Redesign_zynq_ultra_ps_e_0_0' is unconnected for instance 'zynq_ultra_ps_e_0' [/home/researchadmin/ConvBlock/ConvBlock.gen/sources_1/bd/Redesign/synth/Redesign.v:612]
WARNING: [Synth 8-7071] port 'saxigp5_bvalid' of module 'Redesign_zynq_ultra_ps_e_0_0' is unconnected for instance 'zynq_ultra_ps_e_0' [/home/researchadmin/ConvBlock/ConvBlock.gen/sources_1/bd/Redesign/synth/Redesign.v:612]
WARNING: [Synth 8-7071] port 'saxigp5_rid' of module 'Redesign_zynq_ultra_ps_e_0_0' is unconnected for instance 'zynq_ultra_ps_e_0' [/home/researchadmin/ConvBlock/ConvBlock.gen/sources_1/bd/Redesign/synth/Redesign.v:612]
WARNING: [Synth 8-7023] instance 'zynq_ultra_ps_e_0' of module 'Redesign_zynq_ultra_ps_e_0_0' has 203 connections declared, but only 183 given [/home/researchadmin/ConvBlock/ConvBlock.gen/sources_1/bd/Redesign/synth/Redesign.v:612]
INFO: [Synth 8-6155] done synthesizing module 'Redesign' (0#1) [/home/researchadmin/ConvBlock/ConvBlock.gen/sources_1/bd/Redesign/synth/Redesign.v:13]
INFO: [Synth 8-6155] done synthesizing module 'Redesign_wrapper' (0#1) [/home/researchadmin/ConvBlock/ConvBlock.gen/sources_1/bd/Redesign/hdl/Redesign_wrapper.v:13]
---------------------------------------------------------------------------------
Finished RTL Elaboration : Time (s): cpu = 00:00:03 ; elapsed = 00:00:03 . Memory (MB): peak = 2786.957 ; gain = 205.527 ; free physical = 19271 ; free virtual = 58476
---------------------------------------------------------------------------------
---------------------------------------------------------------------------------
Start Handling Custom Attributes
---------------------------------------------------------------------------------
---------------------------------------------------------------------------------
Finished Handling Custom Attributes : Time (s): cpu = 00:00:03 ; elapsed = 00:00:03 . Memory (MB): peak = 2789.926 ; gain = 208.496 ; free physical = 19271 ; free virtual = 58476
---------------------------------------------------------------------------------
---------------------------------------------------------------------------------
Finished RTL Optimization Phase 1 : Time (s): cpu = 00:00:03 ; elapsed = 00:00:03 . Memory (MB): peak = 2789.926 ; gain = 208.496 ; free physical = 19271 ; free virtual = 58476
---------------------------------------------------------------------------------
Netlist sorting complete. Time (s): cpu = 00:00:00 ; elapsed = 00:00:00.01 . Memory (MB): peak = 2793.926 ; gain = 0.000 ; free physical = 19271 ; free virtual = 58476
INFO: [Project 1-570] Preparing netlist for logic optimization

Processing XDC Constraints
Initializing timing engine
Parsing XDC File [/home/researchadmin/ConvBlock/ConvBlock.gen/sources_1/bd/Redesign/ip/Redesign_conv_engine_1_0/Redesign_conv_engine_1_0/Redesign_conv_engine_1_0_in_context.xdc] for cell 'Redesign_i/conv_engine_1'
Finished Parsing XDC File [/home/researchadmin/ConvBlock/ConvBlock.gen/sources_1/bd/Redesign/ip/Redesign_conv_engine_1_0/Redesign_conv_engine_1_0/Redesign_conv_engine_1_0_in_context.xdc] for cell 'Redesign_i/conv_engine_1'
Parsing XDC File [/home/researchadmin/ConvBlock/ConvBlock.gen/sources_1/bd/Redesign/ip/Redesign_rst_ps8_0_99M_0/Redesign_rst_ps8_0_99M_0/tinyyolo_zcu102_rst_ps8_0_99M_0_in_context.xdc] for cell 'Redesign_i/rst_ps8_0_99M'
Finished Parsing XDC File [/home/researchadmin/ConvBlock/ConvBlock.gen/sources_1/bd/Redesign/ip/Redesign_rst_ps8_0_99M_0/Redesign_rst_ps8_0_99M_0/tinyyolo_zcu102_rst_ps8_0_99M_0_in_context.xdc] for cell 'Redesign_i/rst_ps8_0_99M'
Parsing XDC File [/home/researchadmin/ConvBlock/ConvBlock.gen/sources_1/bd/Redesign/ip/Redesign_zynq_ultra_ps_e_0_0/Redesign_zynq_ultra_ps_e_0_0/Redesign_zynq_ultra_ps_e_0_0_in_context.xdc] for cell 'Redesign_i/zynq_ultra_ps_e_0'
Finished Parsing XDC File [/home/researchadmin/ConvBlock/ConvBlock.gen/sources_1/bd/Redesign/ip/Redesign_zynq_ultra_ps_e_0_0/Redesign_zynq_ultra_ps_e_0_0/Redesign_zynq_ultra_ps_e_0_0_in_context.xdc] for cell 'Redesign_i/zynq_ultra_ps_e_0'
Parsing XDC File [/home/researchadmin/ConvBlock/ConvBlock.gen/sources_1/bd/Redesign/ip/Redesign_smartconnect_0_2/Redesign_smartconnect_0_2/Redesign_smartconnect_0_2_in_context.xdc] for cell 'Redesign_i/smartconnect_0'
Finished Parsing XDC File [/home/researchadmin/ConvBlock/ConvBlock.gen/sources_1/bd/Redesign/ip/Redesign_smartconnect_0_2/Redesign_smartconnect_0_2/Redesign_smartconnect_0_2_in_context.xdc] for cell 'Redesign_i/smartconnect_0'
Parsing XDC File [/home/researchadmin/ConvBlock/ConvBlock.gen/sources_1/bd/Redesign/ip/Redesign_smartconnect_0_3/Redesign_smartconnect_0_3/Redesign_smartconnect_0_3_in_context.xdc] for cell 'Redesign_i/smartconnect_1'
Finished Parsing XDC File [/home/researchadmin/ConvBlock/ConvBlock.gen/sources_1/bd/Redesign/ip/Redesign_smartconnect_0_3/Redesign_smartconnect_0_3/Redesign_smartconnect_0_3_in_context.xdc] for cell 'Redesign_i/smartconnect_1'
Parsing XDC File [/home/researchadmin/ConvBlock/ConvBlock.gen/sources_1/bd/Redesign/ip/Redesign_smartconnect_0_4/Redesign_smartconnect_0_4/Redesign_smartconnect_0_4_in_context.xdc] for cell 'Redesign_i/smartconnect_2'
Finished Parsing XDC File [/home/researchadmin/ConvBlock/ConvBlock.gen/sources_1/bd/Redesign/ip/Redesign_smartconnect_0_4/Redesign_smartconnect_0_4/Redesign_smartconnect_0_4_in_context.xdc] for cell 'Redesign_i/smartconnect_2'
Parsing XDC File [/home/researchadmin/ConvBlock/ConvBlock.gen/sources_1/bd/Redesign/ip/Redesign_smartconnect_0_5/Redesign_smartconnect_0_5/Redesign_smartconnect_0_5_in_context.xdc] for cell 'Redesign_i/smartconnect_3'
Finished Parsing XDC File [/home/researchadmin/ConvBlock/ConvBlock.gen/sources_1/bd/Redesign/ip/Redesign_smartconnect_0_5/Redesign_smartconnect_0_5/Redesign_smartconnect_0_5_in_context.xdc] for cell 'Redesign_i/smartconnect_3'
Parsing XDC File [/home/researchadmin/ConvBlock/ConvBlock.gen/sources_1/bd/Redesign/ip/Redesign_smartconnect_0_6/Redesign_smartconnect_0_6/Redesign_smartconnect_0_6_in_context.xdc] for cell 'Redesign_i/smartconnect_4'
Finished Parsing XDC File [/home/researchadmin/ConvBlock/ConvBlock.gen/sources_1/bd/Redesign/ip/Redesign_smartconnect_0_6/Redesign_smartconnect_0_6/Redesign_smartconnect_0_6_in_context.xdc] for cell 'Redesign_i/smartconnect_4'
Parsing XDC File [/home/researchadmin/ConvBlock/ConvBlock.runs/synth_1/dont_touch.xdc]
Finished Parsing XDC File [/home/researchadmin/ConvBlock/ConvBlock.runs/synth_1/dont_touch.xdc]
Completed Processing XDC Constraints

Netlist sorting complete. Time (s): cpu = 00:00:00 ; elapsed = 00:00:00 . Memory (MB): peak = 2845.820 ; gain = 0.000 ; free physical = 19192 ; free virtual = 58496
INFO: [Project 1-111] Unisim Transformation Summary:
No Unisim elements were transformed.

Constraint Validation Runtime : Time (s): cpu = 00:00:00 ; elapsed = 00:00:00 . Memory (MB): peak = 2845.820 ; gain = 0.000 ; free physical = 19192 ; free virtual = 58496
INFO: [Designutils 20-5440] No compile time benefit to using incremental synthesis; A full resynthesis will be run
INFO: [Designutils 20-4379] Flow is switching to default flow due to incremental criteria not met. If you would like to alter this behaviour and have the flow terminate instead, please set the following parameter config_implementation {autoIncr.Synth.RejectBehavior Terminate}
---------------------------------------------------------------------------------
Finished Constraint Validation : Time (s): cpu = 00:00:08 ; elapsed = 00:00:08 . Memory (MB): peak = 2845.820 ; gain = 264.391 ; free physical = 19198 ; free virtual = 58453
---------------------------------------------------------------------------------
---------------------------------------------------------------------------------
Start Loading Part and Timing Information
---------------------------------------------------------------------------------
Loading part: xczu9eg-ffvb1156-2-e
INFO: [Synth 8-6742] Reading net delay rules and data
---------------------------------------------------------------------------------
Finished Loading Part and Timing Information : Time (s): cpu = 00:00:08 ; elapsed = 00:00:08 . Memory (MB): peak = 2853.824 ; gain = 272.395 ; free physical = 19198 ; free virtual = 58453
---------------------------------------------------------------------------------
---------------------------------------------------------------------------------
Start Applying 'set_property' XDC Constraints
---------------------------------------------------------------------------------
Applied set_property KEEP_HIERARCHY = SOFT for Redesign_i. (constraint file  auto generated constraint).
Applied set_property KEEP_HIERARCHY = SOFT for Redesign_i/conv_engine_1. (constraint file  auto generated constraint).
Applied set_property KEEP_HIERARCHY = SOFT for Redesign_i/rst_ps8_0_99M. (constraint file  auto generated constraint).
Applied set_property KEEP_HIERARCHY = SOFT for Redesign_i/zynq_ultra_ps_e_0. (constraint file  auto generated constraint).
Applied set_property KEEP_HIERARCHY = SOFT for Redesign_i/smartconnect_0. (constraint file  auto generated constraint).
Applied set_property KEEP_HIERARCHY = SOFT for Redesign_i/smartconnect_1. (constraint file  auto generated constraint).
Applied set_property KEEP_HIERARCHY = SOFT for Redesign_i/smartconnect_2. (constraint file  auto generated constraint).
Applied set_property KEEP_HIERARCHY = SOFT for Redesign_i/smartconnect_3. (constraint file  auto generated constraint).
Applied set_property KEEP_HIERARCHY = SOFT for Redesign_i/smartconnect_4. (constraint file  auto generated constraint).
---------------------------------------------------------------------------------
Finished applying 'set_property' XDC Constraints : Time (s): cpu = 00:00:08 ; elapsed = 00:00:08 . Memory (MB): peak = 2853.824 ; gain = 272.395 ; free physical = 19198 ; free virtual = 58453
---------------------------------------------------------------------------------
---------------------------------------------------------------------------------
Finished RTL Optimization Phase 2 : Time (s): cpu = 00:00:08 ; elapsed = 00:00:08 . Memory (MB): peak = 2853.824 ; gain = 272.395 ; free physical = 19198 ; free virtual = 58454
---------------------------------------------------------------------------------
---------------------------------------------------------------------------------
Start RTL Component Statistics 
---------------------------------------------------------------------------------
Detailed RTL Component Info : 
---------------------------------------------------------------------------------
Finished RTL Component Statistics 
---------------------------------------------------------------------------------
---------------------------------------------------------------------------------
Start Part Resource Summary
---------------------------------------------------------------------------------
Part Resources:
DSPs: 2520 (col length:168)
BRAMs: 1824 (col length: RAMB18 168 RAMB36 84)
---------------------------------------------------------------------------------
Finished Part Resource Summary
---------------------------------------------------------------------------------
---------------------------------------------------------------------------------
Start Cross Boundary and Area Optimization
---------------------------------------------------------------------------------
WARNING: [Synth 8-7080] Parallel synthesis criteria is not met
---------------------------------------------------------------------------------
Finished Cross Boundary and Area Optimization : Time (s): cpu = 00:00:08 ; elapsed = 00:00:09 . Memory (MB): peak = 2853.824 ; gain = 272.395 ; free physical = 19205 ; free virtual = 58466
---------------------------------------------------------------------------------
---------------------------------------------------------------------------------
Start Applying XDC Timing Constraints
---------------------------------------------------------------------------------
---------------------------------------------------------------------------------
Finished Applying XDC Timing Constraints : Time (s): cpu = 00:00:13 ; elapsed = 00:00:13 . Memory (MB): peak = 3485.523 ; gain = 904.094 ; free physical = 18739 ; free virtual = 58000
---------------------------------------------------------------------------------
---------------------------------------------------------------------------------
Start Timing Optimization
---------------------------------------------------------------------------------
---------------------------------------------------------------------------------
Finished Timing Optimization : Time (s): cpu = 00:00:13 ; elapsed = 00:00:13 . Memory (MB): peak = 3485.523 ; gain = 904.094 ; free physical = 18739 ; free virtual = 58000
---------------------------------------------------------------------------------
---------------------------------------------------------------------------------
Start Technology Mapping
---------------------------------------------------------------------------------
---------------------------------------------------------------------------------
Finished Technology Mapping : Time (s): cpu = 00:00:13 ; elapsed = 00:00:13 . Memory (MB): peak = 3498.539 ; gain = 917.109 ; free physical = 18723 ; free virtual = 57984
---------------------------------------------------------------------------------
---------------------------------------------------------------------------------
Start IO Insertion
---------------------------------------------------------------------------------
---------------------------------------------------------------------------------
Start Flattening Before IO Insertion
---------------------------------------------------------------------------------
---------------------------------------------------------------------------------
Finished Flattening Before IO Insertion
---------------------------------------------------------------------------------
---------------------------------------------------------------------------------
Start Final Netlist Cleanup
---------------------------------------------------------------------------------
---------------------------------------------------------------------------------
Finished Final Netlist Cleanup
---------------------------------------------------------------------------------
---------------------------------------------------------------------------------
Finished IO Insertion : Time (s): cpu = 00:00:14 ; elapsed = 00:00:15 . Memory (MB): peak = 3666.352 ; gain = 1084.922 ; free physical = 18591 ; free virtual = 57852
---------------------------------------------------------------------------------
---------------------------------------------------------------------------------
Start Renaming Generated Instances
---------------------------------------------------------------------------------
---------------------------------------------------------------------------------
Finished Renaming Generated Instances : Time (s): cpu = 00:00:14 ; elapsed = 00:00:15 . Memory (MB): peak = 3666.352 ; gain = 1084.922 ; free physical = 18591 ; free virtual = 57852
---------------------------------------------------------------------------------
---------------------------------------------------------------------------------
Start Rebuilding User Hierarchy
---------------------------------------------------------------------------------
---------------------------------------------------------------------------------
Finished Rebuilding User Hierarchy : Time (s): cpu = 00:00:14 ; elapsed = 00:00:15 . Memory (MB): peak = 3666.352 ; gain = 1084.922 ; free physical = 18591 ; free virtual = 57852
---------------------------------------------------------------------------------
---------------------------------------------------------------------------------
Start Renaming Generated Ports
---------------------------------------------------------------------------------
---------------------------------------------------------------------------------
Finished Renaming Generated Ports : Time (s): cpu = 00:00:14 ; elapsed = 00:00:15 . Memory (MB): peak = 3666.352 ; gain = 1084.922 ; free physical = 18591 ; free virtual = 57852
---------------------------------------------------------------------------------
---------------------------------------------------------------------------------
Start Handling Custom Attributes
---------------------------------------------------------------------------------
---------------------------------------------------------------------------------
Finished Handling Custom Attributes : Time (s): cpu = 00:00:14 ; elapsed = 00:00:15 . Memory (MB): peak = 3666.352 ; gain = 1084.922 ; free physical = 18591 ; free virtual = 57852
---------------------------------------------------------------------------------
---------------------------------------------------------------------------------
Start Renaming Generated Nets
---------------------------------------------------------------------------------
---------------------------------------------------------------------------------
Finished Renaming Generated Nets : Time (s): cpu = 00:00:14 ; elapsed = 00:00:15 . Memory (MB): peak = 3666.352 ; gain = 1084.922 ; free physical = 18583 ; free virtual = 57844
---------------------------------------------------------------------------------
---------------------------------------------------------------------------------
Start Writing Synthesis Report
---------------------------------------------------------------------------------

Report BlackBoxes: 
+------+-----------------------------+----------+
|      |BlackBox name                |Instances |
+------+-----------------------------+----------+
|1     |Redesign_conv_engine_1_0     |         1|
|2     |Redesign_rst_ps8_0_99M_0     |         1|
|3     |Redesign_smartconnect_0_2    |         1|
|4     |Redesign_smartconnect_0_3    |         1|
|5     |Redesign_smartconnect_0_4    |         1|
|6     |Redesign_smartconnect_0_5    |         1|
|7     |Redesign_smartconnect_0_6    |         1|
|8     |Redesign_zynq_ultra_ps_e_0_0 |         1|
+------+-----------------------------+----------+

Report Cell Usage: 
+------+---------------------------+------+
|      |Cell                       |Count |
+------+---------------------------+------+
|1     |Redesign_conv_engine_1     |     1|
|2     |Redesign_rst_ps8_0_99M     |     1|
|3     |Redesign_smartconnect_0    |     5|
|8     |Redesign_zynq_ultra_ps_e_0 |     1|
+------+---------------------------+------+
---------------------------------------------------------------------------------
Finished Writing Synthesis Report : Time (s): cpu = 00:00:14 ; elapsed = 00:00:15 . Memory (MB): peak = 3666.352 ; gain = 1084.922 ; free physical = 18583 ; free virtual = 57844
---------------------------------------------------------------------------------
Synthesis finished with 0 errors, 0 critical warnings and 1 warnings.
Synthesis Optimization Runtime : Time (s): cpu = 00:00:11 ; elapsed = 00:00:12 . Memory (MB): peak = 3666.352 ; gain = 1029.027 ; free physical = 18583 ; free virtual = 57844
Synthesis Optimization Complete : Time (s): cpu = 00:00:14 ; elapsed = 00:00:15 . Memory (MB): peak = 3666.352 ; gain = 1084.922 ; free physical = 18583 ; free virtual = 57844
INFO: [Project 1-571] Translating synthesized netlist
Netlist sorting complete. Time (s): cpu = 00:00:00 ; elapsed = 00:00:00 . Memory (MB): peak = 3666.352 ; gain = 0.000 ; free physical = 18740 ; free virtual = 58000
INFO: [Project 1-570] Preparing netlist for logic optimization
INFO: [Opt 31-138] Pushed 0 inverter(s) to 0 load pin(s).
Netlist sorting complete. Time (s): cpu = 00:00:00 ; elapsed = 00:00:00 . Memory (MB): peak = 3666.352 ; gain = 0.000 ; free physical = 18741 ; free virtual = 58002
INFO: [Project 1-111] Unisim Transformation Summary:
No Unisim elements were transformed.

Synth Design complete | Checksum: 1b72ac93
INFO: [Common 17-83] Releasing license: Synthesis
47 Infos, 90 Warnings, 0 Critical Warnings and 0 Errors encountered.
synth_design completed successfully
synth_design: Time (s): cpu = 00:00:19 ; elapsed = 00:00:20 . Memory (MB): peak = 3666.352 ; gain = 2100.867 ; free physical = 18741 ; free virtual = 58002
INFO: [Common 17-2834] synth_design peak Physical Memory [PSS] (MB): overall = 2677.812; main = 2677.812; forked = 238.132
INFO: [Common 17-2834] synth_design peak Virtual Memory [VSS] (MB): overall = 4015.406; main = 3592.523; forked = 915.910
INFO: [Common 17-1381] The checkpoint '/home/researchadmin/ConvBlock/ConvBlock.runs/synth_1/Redesign_wrapper.dcp' has been generated.
INFO: [Vivado 12-24828] Executing command : report_utilization -file Redesign_wrapper_utilization_synth.rpt -pb Redesign_wrapper_utilization_synth.pb
INFO: [Common 17-206] Exiting Vivado at Wed Feb 18 13:55:14 2026...
